/home/xmu/anaconda3/envs/ssfn/lib/python3.10/site-packages/torch/distributed/launch.py:180: FutureWarning: The module torch.distributed.launch is deprecated
and will be removed in future. Use torchrun.
Note that --use_env is set by default in torchrun.
If your script expects `--local_rank` argument to be set, please
change it to read from `os.environ['LOCAL_RANK']` instead. See 
https://pytorch.org/docs/stable/distributed.html#launch-utility for 
further instructions

  warnings.warn(
Training with a single process on 1 GPUs.
Data processing configuration for current model + dataset:
	input_size: (3, 224, 224)
	interpolation: bicubic
	mean: (0.5, 0.5, 0.5)
	std: (0.5, 0.5, 0.5)
	crop_pct: 0.9
/home/xmu/anaconda3/envs/ssfn/lib/python3.10/site-packages/torch_pruning/dependency.py:360: UserWarning: Unwrapped parameters detected: ['blocks.3.mlp.ssf_shift_2', 'blocks.6.ssf_shift_2', 'blocks.8.attn.ssf_shift_1', 'blocks.10.ssf_shift_2', 'blocks.1.mlp.ssf_scale_1', 'blocks.4.attn.ssf_scale_2', 'blocks.5.mlp.ssf_scale_1', 'blocks.8.ssf_scale_1', 'patch_embed.ssf_scale_1', 'blocks.0.ssf_shift_1', 'blocks.4.ssf_shift_1', 'blocks.6.mlp.ssf_shift_1', 'blocks.9.attn.ssf_shift_2', 'blocks.10.mlp.ssf_shift_1', 'blocks.2.mlp.ssf_scale_2', 'blocks.7.attn.ssf_scale_1', 'blocks.9.ssf_scale_2', 'blocks.11.attn.ssf_scale_1', 'blocks.5.ssf_shift_2', 'blocks.1.ssf_shift_2', 'blocks.3.attn.ssf_shift_1', 'blocks.7.mlp.ssf_shift_2', 'blocks.11.mlp.ssf_shift_2', 'blocks.3.ssf_scale_1', 'blocks.8.attn.ssf_scale_2', 'blocks.9.mlp.ssf_scale_1', 'blocks.5.mlp.ssf_shift_1', 'blocks.1.mlp.ssf_shift_1', 'blocks.4.attn.ssf_shift_2', 'blocks.8.ssf_shift_1', 'patch_embed.ssf_shift_1', 'blocks.0.ssf_scale_2', 'blocks.2.attn.ssf_scale_1', 'blocks.4.ssf_scale_2', 'blocks.6.attn.ssf_scale_1', 'blocks.6.mlp.ssf_scale_2', 'blocks.10.mlp.ssf_scale_2', 'blocks.2.mlp.ssf_shift_2', 'blocks.7.attn.ssf_shift_1', 'blocks.9.ssf_shift_2', 'blocks.11.attn.ssf_shift_1', 'blocks.0.mlp.ssf_scale_1', 'blocks.3.attn.ssf_scale_2', 'blocks.4.mlp.ssf_scale_1', 'blocks.7.ssf_scale_1', 'blocks.11.ssf_scale_1', 'blocks.0.attn.ssf_scale_1', 'blocks.3.ssf_shift_1', 'blocks.8.attn.ssf_shift_2', 'blocks.9.mlp.ssf_shift_1', 'blocks.1.mlp.ssf_scale_2', 'blocks.5.mlp.ssf_scale_2', 'blocks.8.ssf_scale_2', 'blocks.10.attn.ssf_scale_1', 'blocks.0.ssf_shift_2', 'blocks.2.attn.ssf_shift_1', 'blocks.4.ssf_shift_2', 'blocks.6.attn.ssf_shift_1', 'blocks.6.mlp.ssf_shift_2', 'blocks.10.mlp.ssf_shift_2', 'blocks.2.ssf_scale_1', 'blocks.7.attn.ssf_scale_2', 'blocks.8.mlp.ssf_scale_1', 'blocks.11.attn.ssf_scale_2', 'blocks.4.mlp.ssf_shift_1', 'blocks.0.mlp.ssf_shift_1', 'blocks.3.attn.ssf_shift_2', 'blocks.7.ssf_shift_1', 'blocks.11.ssf_shift_1', 'blocks.5.attn.ssf_scale_1', 'blocks.0.attn.ssf_shift_1', 'blocks.1.attn.ssf_scale_1', 'blocks.3.ssf_scale_2', 'blocks.9.mlp.ssf_scale_2', 'blocks.1.mlp.ssf_shift_2', 'blocks.5.mlp.ssf_shift_2', 'blocks.8.ssf_shift_2', 'blocks.10.attn.ssf_shift_1', 'ssf_scale_1', 'blocks.2.attn.ssf_scale_2', 'blocks.3.mlp.ssf_scale_1', 'blocks.6.ssf_scale_1', 'blocks.6.attn.ssf_scale_2', 'blocks.10.ssf_scale_1', 'blocks.2.ssf_shift_1', 'blocks.7.attn.ssf_shift_2', 'blocks.8.mlp.ssf_shift_1', 'blocks.11.attn.ssf_shift_2', 'blocks.0.mlp.ssf_scale_2', 'blocks.4.mlp.ssf_scale_2', 'blocks.7.ssf_scale_2', 'blocks.9.attn.ssf_scale_1', 'blocks.11.ssf_scale_2', 'blocks.0.attn.ssf_scale_2', 'blocks.1.attn.ssf_shift_1', 'blocks.3.ssf_shift_2', 'blocks.5.attn.ssf_shift_1', 'blocks.9.mlp.ssf_shift_2', 'blocks.1.ssf_scale_1', 'blocks.5.ssf_scale_1', 'blocks.7.mlp.ssf_scale_1', 'blocks.10.attn.ssf_scale_2', 'blocks.11.mlp.ssf_scale_1', 'ssf_shift_1', 'blocks.2.attn.ssf_shift_2', 'blocks.3.mlp.ssf_shift_1', 'blocks.6.ssf_shift_1', 'blocks.6.attn.ssf_shift_2', 'blocks.10.ssf_shift_1', 'blocks.4.attn.ssf_scale_1', 'blocks.2.ssf_scale_2', 'blocks.8.mlp.ssf_scale_2', 'blocks.0.mlp.ssf_shift_2', 'blocks.4.mlp.ssf_shift_2', 'blocks.7.ssf_shift_2', 'blocks.9.attn.ssf_shift_1', 'blocks.11.ssf_shift_2', 'blocks.5.attn.ssf_scale_2', 'blocks.0.attn.ssf_shift_2', 'blocks.1.attn.ssf_scale_2', 'blocks.2.mlp.ssf_scale_1', 'blocks.9.ssf_scale_1', 'blocks.1.ssf_shift_1', 'blocks.5.ssf_shift_1', 'blocks.7.mlp.ssf_shift_1', 'blocks.10.attn.ssf_shift_2', 'blocks.11.mlp.ssf_shift_1', 'blocks.3.mlp.ssf_scale_2', 'blocks.6.ssf_scale_2', 'blocks.8.attn.ssf_scale_1', 'blocks.10.ssf_scale_2', 'blocks.4.attn.ssf_shift_1', 'blocks.2.ssf_shift_2', 'blocks.8.mlp.ssf_shift_2', 'blocks.0.ssf_scale_1', 'blocks.4.ssf_scale_1', 'blocks.6.mlp.ssf_scale_1', 'blocks.9.attn.ssf_scale_2', 'blocks.10.mlp.ssf_scale_1', 'blocks.5.attn.ssf_shift_2', 'blocks.1.attn.ssf_shift_2', 'blocks.2.mlp.ssf_shift_1', 'blocks.9.ssf_shift_1', 'blocks.1.ssf_scale_2', 'blocks.3.attn.ssf_scale_1', 'blocks.5.ssf_scale_2', 'blocks.7.mlp.ssf_scale_2', 'blocks.11.mlp.ssf_scale_2'].
 Torch-Pruning will prune the last non-singleton dimension of a parameter. If you wish to customize this behavior, please provide an unwrapped_parameters argument.
  warnings.warn("Unwrapped parameters detected: {}.\n Torch-Pruning will prune the last non-singleton dimension of a parameter. If you wish to customize this behavior, please provide an unwrapped_parameters argument.".format([_param_to_name[p] for p in unwrapped_detected]))
Params: 86.0814 M
ops: 16.8553 G
ssf_scale_1
ssf_shift_1
patch_embed.ssf_scale_1
patch_embed.ssf_shift_1
blocks.0.ssf_scale_1
blocks.0.ssf_shift_1
blocks.0.ssf_scale_2
blocks.0.ssf_shift_2
blocks.0.attn.ssf_scale_1
blocks.0.attn.ssf_shift_1
blocks.0.attn.ssf_scale_2
blocks.0.attn.ssf_shift_2
blocks.0.mlp.ssf_scale_1
blocks.0.mlp.ssf_shift_1
blocks.0.mlp.ssf_scale_2
blocks.0.mlp.ssf_shift_2
blocks.1.ssf_scale_1
blocks.1.ssf_shift_1
blocks.1.ssf_scale_2
blocks.1.ssf_shift_2
blocks.1.attn.ssf_scale_1
blocks.1.attn.ssf_shift_1
blocks.1.attn.ssf_scale_2
blocks.1.attn.ssf_shift_2
blocks.1.mlp.ssf_scale_1
blocks.1.mlp.ssf_shift_1
blocks.1.mlp.ssf_scale_2
blocks.1.mlp.ssf_shift_2
blocks.2.ssf_scale_1
blocks.2.ssf_shift_1
blocks.2.ssf_scale_2
blocks.2.ssf_shift_2
blocks.2.attn.ssf_scale_1
blocks.2.attn.ssf_shift_1
blocks.2.attn.ssf_scale_2
blocks.2.attn.ssf_shift_2
blocks.2.mlp.ssf_scale_1
blocks.2.mlp.ssf_shift_1
blocks.2.mlp.ssf_scale_2
blocks.2.mlp.ssf_shift_2
blocks.3.ssf_scale_1
blocks.3.ssf_shift_1
blocks.3.ssf_scale_2
blocks.3.ssf_shift_2
blocks.3.attn.ssf_scale_1
blocks.3.attn.ssf_shift_1
blocks.3.attn.ssf_scale_2
blocks.3.attn.ssf_shift_2
blocks.3.mlp.ssf_scale_1
blocks.3.mlp.ssf_shift_1
blocks.3.mlp.ssf_scale_2
blocks.3.mlp.ssf_shift_2
blocks.4.ssf_scale_1
blocks.4.ssf_shift_1
blocks.4.ssf_scale_2
blocks.4.ssf_shift_2
blocks.4.attn.ssf_scale_1
blocks.4.attn.ssf_shift_1
blocks.4.attn.ssf_scale_2
blocks.4.attn.ssf_shift_2
blocks.4.mlp.ssf_scale_1
blocks.4.mlp.ssf_shift_1
blocks.4.mlp.ssf_scale_2
blocks.4.mlp.ssf_shift_2
blocks.5.ssf_scale_1
blocks.5.ssf_shift_1
blocks.5.ssf_scale_2
blocks.5.ssf_shift_2
blocks.5.attn.ssf_scale_1
blocks.5.attn.ssf_shift_1
blocks.5.attn.ssf_scale_2
blocks.5.attn.ssf_shift_2
blocks.5.mlp.ssf_scale_1
blocks.5.mlp.ssf_shift_1
blocks.5.mlp.ssf_scale_2
blocks.5.mlp.ssf_shift_2
blocks.6.ssf_scale_1
blocks.6.ssf_shift_1
blocks.6.ssf_scale_2
blocks.6.ssf_shift_2
blocks.6.attn.ssf_scale_1
blocks.6.attn.ssf_shift_1
blocks.6.attn.ssf_scale_2
blocks.6.attn.ssf_shift_2
blocks.6.mlp.ssf_scale_1
blocks.6.mlp.ssf_shift_1
blocks.6.mlp.ssf_scale_2
blocks.6.mlp.ssf_shift_2
blocks.7.ssf_scale_1
blocks.7.ssf_shift_1
blocks.7.ssf_scale_2
blocks.7.ssf_shift_2
blocks.7.attn.ssf_scale_1
blocks.7.attn.ssf_shift_1
blocks.7.attn.ssf_scale_2
blocks.7.attn.ssf_shift_2
blocks.7.mlp.ssf_scale_1
blocks.7.mlp.ssf_shift_1
blocks.7.mlp.ssf_scale_2
blocks.7.mlp.ssf_shift_2
blocks.8.ssf_scale_1
blocks.8.ssf_shift_1
blocks.8.ssf_scale_2
blocks.8.ssf_shift_2
blocks.8.attn.ssf_scale_1
blocks.8.attn.ssf_shift_1
blocks.8.attn.ssf_scale_2
blocks.8.attn.ssf_shift_2
blocks.8.mlp.ssf_scale_1
blocks.8.mlp.ssf_shift_1
blocks.8.mlp.ssf_scale_2
blocks.8.mlp.ssf_shift_2
blocks.9.ssf_scale_1
blocks.9.ssf_shift_1
blocks.9.ssf_scale_2
blocks.9.ssf_shift_2
blocks.9.attn.ssf_scale_1
blocks.9.attn.ssf_shift_1
blocks.9.attn.ssf_scale_2
blocks.9.attn.ssf_shift_2
blocks.9.mlp.ssf_scale_1
blocks.9.mlp.ssf_shift_1
blocks.9.mlp.ssf_scale_2
blocks.9.mlp.ssf_shift_2
blocks.10.ssf_scale_1
blocks.10.ssf_shift_1
blocks.10.ssf_scale_2
blocks.10.ssf_shift_2
blocks.10.attn.ssf_scale_1
blocks.10.attn.ssf_shift_1
blocks.10.attn.ssf_scale_2
blocks.10.attn.ssf_shift_2
blocks.10.mlp.ssf_scale_1
blocks.10.mlp.ssf_shift_1
blocks.10.mlp.ssf_scale_2
blocks.10.mlp.ssf_shift_2
blocks.11.ssf_scale_1
blocks.11.ssf_shift_1
blocks.11.ssf_scale_2
blocks.11.ssf_shift_2
blocks.11.attn.ssf_scale_1
blocks.11.attn.ssf_shift_1
blocks.11.attn.ssf_scale_2
blocks.11.attn.ssf_shift_2
blocks.11.mlp.ssf_scale_1
blocks.11.mlp.ssf_shift_1
blocks.11.mlp.ssf_scale_2
blocks.11.mlp.ssf_shift_2
head.weight
head.bias
freezing parameters finished!
Model vit_base_patch16_224_in21k created, param count:86081380
number of params for requires grad: 282724
Using native Torch AMP. Training in mixed precision.
Scheduled epochs: 11
0
Train: 0 [   0/195 (  0%)]  Loss: 5.640 (5.64)  Time: 3.868s,   66.19/s  (3.868s,   66.19/s)  LR: 1.000e-03  Data: 1.186 (1.186)
Train: 0 [ 100/195 ( 52%)]  Loss: 3.039 (3.69)  Time: 0.510s,  501.68/s  (0.540s,  474.10/s)  LR: 1.000e-03  Data: 0.015 (0.026)
Train: 0 [ 194/195 (100%)]  Loss: 2.574 (3.30)  Time: 0.500s,  511.87/s  (0.527s,  485.97/s)  LR: 1.000e-03  Data: 0.000 (0.021)
1
Train: 1 [   0/195 (  0%)]  Loss: 2.162 (2.16)  Time: 1.265s,  202.40/s  (1.265s,  202.40/s)  LR: 1.000e-03  Data: 0.767 (0.767)
Train: 1 [ 100/195 ( 52%)]  Loss: 2.995 (2.80)  Time: 0.517s,  495.30/s  (0.527s,  485.67/s)  LR: 1.000e-03  Data: 0.015 (0.025)
Train: 1 [ 194/195 (100%)]  Loss: 2.658 (2.79)  Time: 0.506s,  505.85/s  (0.523s,  489.16/s)  LR: 1.000e-03  Data: 0.000 (0.020)
2
Train: 2 [   0/195 (  0%)]  Loss: 2.275 (2.27)  Time: 1.327s,  192.84/s  (1.327s,  192.84/s)  LR: 1.000e-03  Data: 0.822 (0.822)
Train: 2 [ 100/195 ( 52%)]  Loss: 2.772 (2.61)  Time: 0.523s,  489.82/s  (0.530s,  482.95/s)  LR: 1.000e-03  Data: 0.017 (0.024)
Train: 2 [ 194/195 (100%)]  Loss: 2.453 (2.67)  Time: 0.509s,  502.87/s  (0.526s,  486.51/s)  LR: 1.000e-03  Data: 0.000 (0.020)
3
Train: 3 [   0/195 (  0%)]  Loss: 3.080 (3.08)  Time: 1.187s,  215.68/s  (1.187s,  215.68/s)  LR: 1.000e-03  Data: 0.681 (0.681)
Train: 3 [ 100/195 ( 52%)]  Loss: 2.982 (2.78)  Time: 0.525s,  488.00/s  (0.530s,  483.43/s)  LR: 1.000e-03  Data: 0.016 (0.023)
Train: 3 [ 194/195 (100%)]  Loss: 2.941 (2.77)  Time: 0.508s,  503.71/s  (0.527s,  486.02/s)  LR: 1.000e-03  Data: 0.000 (0.019)
4
Train: 4 [   0/195 (  0%)]  Loss: 3.016 (3.02)  Time: 1.240s,  206.48/s  (1.240s,  206.48/s)  LR: 1.000e-03  Data: 0.731 (0.731)
Train: 4 [ 100/195 ( 52%)]  Loss: 3.028 (2.69)  Time: 0.523s,  489.61/s  (0.532s,  481.35/s)  LR: 1.000e-03  Data: 0.015 (0.024)
Train: 4 [ 194/195 (100%)]  Loss: 3.114 (2.70)  Time: 0.510s,  501.69/s  (0.529s,  484.31/s)  LR: 1.000e-03  Data: 0.000 (0.020)
5
Train: 5 [   0/195 (  0%)]  Loss: 2.124 (2.12)  Time: 1.279s,  200.09/s  (1.279s,  200.09/s)  LR: 1.000e-03  Data: 0.773 (0.773)
Train: 5 [ 100/195 ( 52%)]  Loss: 2.107 (2.62)  Time: 0.525s,  487.73/s  (0.532s,  481.44/s)  LR: 1.000e-03  Data: 0.016 (0.024)
Train: 5 [ 194/195 (100%)]  Loss: 3.209 (2.65)  Time: 0.509s,  502.96/s  (0.529s,  484.24/s)  LR: 1.000e-03  Data: 0.000 (0.020)
6
Train: 6 [   0/195 (  0%)]  Loss: 2.161 (2.16)  Time: 1.219s,  210.04/s  (1.219s,  210.04/s)  LR: 1.000e-03  Data: 0.714 (0.714)
Train: 6 [ 100/195 ( 52%)]  Loss: 2.190 (2.71)  Time: 0.524s,  488.24/s  (0.531s,  482.08/s)  LR: 1.000e-03  Data: 0.017 (0.023)
Train: 6 [ 194/195 (100%)]  Loss: 3.208 (2.67)  Time: 0.510s,  502.16/s  (0.528s,  484.77/s)  LR: 1.000e-03  Data: 0.000 (0.020)
7
Train: 7 [   0/195 (  0%)]  Loss: 2.239 (2.24)  Time: 1.273s,  201.06/s  (1.273s,  201.06/s)  LR: 1.000e-03  Data: 0.766 (0.766)
Train: 7 [ 100/195 ( 52%)]  Loss: 3.029 (2.77)  Time: 0.529s,  483.53/s  (0.532s,  481.06/s)  LR: 1.000e-03  Data: 0.022 (0.024)
Train: 7 [ 194/195 (100%)]  Loss: 2.789 (2.73)  Time: 0.509s,  503.01/s  (0.529s,  483.90/s)  LR: 1.000e-03  Data: 0.000 (0.021)
8
Train: 8 [   0/195 (  0%)]  Loss: 2.070 (2.07)  Time: 1.258s,  203.46/s  (1.258s,  203.46/s)  LR: 1.000e-03  Data: 0.753 (0.753)
Train: 8 [ 100/195 ( 52%)]  Loss: 2.390 (2.69)  Time: 0.522s,  490.35/s  (0.533s,  480.11/s)  LR: 1.000e-03  Data: 0.015 (0.025)
Train: 8 [ 194/195 (100%)]  Loss: 2.594 (2.71)  Time: 0.509s,  503.13/s  (0.529s,  483.64/s)  LR: 1.000e-03  Data: 0.000 (0.021)
9
Train: 9 [   0/195 (  0%)]  Loss: 3.289 (3.29)  Time: 1.276s,  200.64/s  (1.276s,  200.64/s)  LR: 1.000e-03  Data: 0.770 (0.770)
Train: 9 [ 100/195 ( 52%)]  Loss: 3.320 (2.75)  Time: 0.528s,  484.76/s  (0.533s,  480.39/s)  LR: 1.000e-03  Data: 0.019 (0.025)
Train: 9 [ 194/195 (100%)]  Loss: 3.225 (2.81)  Time: 0.509s,  503.34/s  (0.530s,  483.39/s)  LR: 1.000e-03  Data: 0.000 (0.021)
10
Train: 10 [   0/195 (  0%)]  Loss: 1.868 (1.87)  Time: 1.278s,  200.25/s  (1.278s,  200.25/s)  LR: 1.000e-03  Data: 0.773 (0.773)
Train: 10 [ 100/195 ( 52%)]  Loss: 2.317 (2.76)  Time: 0.526s,  486.63/s  (0.533s,  480.32/s)  LR: 1.000e-03  Data: 0.018 (0.025)
Train: 10 [ 194/195 (100%)]  Loss: 2.531 (2.81)  Time: 0.510s,  501.59/s  (0.529s,  483.64/s)  LR: 1.000e-03  Data: 0.000 (0.021)
11
Train: 11 [   0/195 (  0%)]  Loss: 3.214 (3.21)  Time: 1.233s,  207.65/s  (1.233s,  207.65/s)  LR: 1.000e-03  Data: 0.726 (0.726)
Train: 11 [ 100/195 ( 52%)]  Loss: 2.560 (2.82)  Time: 0.524s,  488.24/s  (0.532s,  480.93/s)  LR: 1.000e-03  Data: 0.017 (0.024)
Train: 11 [ 194/195 (100%)]  Loss: 3.258 (2.84)  Time: 0.511s,  500.71/s  (0.529s,  483.61/s)  LR: 1.000e-03  Data: 0.000 (0.021)
12
Train: 12 [   0/195 (  0%)]  Loss: 3.434 (3.43)  Time: 1.281s,  199.78/s  (1.281s,  199.78/s)  LR: 1.000e-03  Data: 0.774 (0.774)
Train: 12 [ 100/195 ( 52%)]  Loss: 1.918 (2.79)  Time: 0.525s,  487.38/s  (0.533s,  480.49/s)  LR: 1.000e-03  Data: 0.017 (0.025)
Train: 12 [ 194/195 (100%)]  Loss: 3.131 (2.80)  Time: 0.510s,  501.58/s  (0.529s,  483.78/s)  LR: 1.000e-03  Data: 0.000 (0.021)
13
Train: 13 [   0/195 (  0%)]  Loss: 2.280 (2.28)  Time: 1.311s,  195.27/s  (1.311s,  195.27/s)  LR: 1.000e-03  Data: 0.804 (0.804)
Train: 13 [ 100/195 ( 52%)]  Loss: 2.264 (2.83)  Time: 0.526s,  486.73/s  (0.534s,  479.67/s)  LR: 1.000e-03  Data: 0.017 (0.025)
Train: 13 [ 194/195 (100%)]  Loss: 3.312 (2.89)  Time: 0.510s,  501.52/s  (0.530s,  483.32/s)  LR: 1.000e-03  Data: 0.000 (0.021)
14
Train: 14 [   0/195 (  0%)]  Loss: 2.704 (2.70)  Time: 1.214s,  210.95/s  (1.214s,  210.95/s)  LR: 1.000e-03  Data: 0.708 (0.708)
Train: 14 [ 100/195 ( 52%)]  Loss: 3.274 (2.84)  Time: 0.524s,  488.13/s  (0.533s,  480.57/s)  LR: 1.000e-03  Data: 0.017 (0.024)
Train: 14 [ 194/195 (100%)]  Loss: 2.444 (2.86)  Time: 0.509s,  502.61/s  (0.529s,  484.02/s)  LR: 1.000e-03  Data: 0.000 (0.021)
15
Train: 15 [   0/195 (  0%)]  Loss: 2.477 (2.48)  Time: 1.248s,  205.10/s  (1.248s,  205.10/s)  LR: 1.000e-03  Data: 0.742 (0.742)
Train: 15 [ 100/195 ( 52%)]  Loss: 3.009 (2.81)  Time: 0.525s,  487.32/s  (0.533s,  480.49/s)  LR: 1.000e-03  Data: 0.018 (0.025)
Train: 15 [ 194/195 (100%)]  Loss: 3.097 (2.83)  Time: 0.509s,  502.74/s  (0.530s,  483.40/s)  LR: 1.000e-03  Data: 0.000 (0.021)
16
Train: 16 [   0/195 (  0%)]  Loss: 3.472 (3.47)  Time: 1.175s,  217.78/s  (1.175s,  217.78/s)  LR: 1.000e-03  Data: 0.670 (0.670)
Train: 16 [ 100/195 ( 52%)]  Loss: 2.295 (2.89)  Time: 0.533s,  480.55/s  (0.532s,  481.29/s)  LR: 1.000e-03  Data: 0.026 (0.024)
Train: 16 [ 194/195 (100%)]  Loss: 3.093 (2.90)  Time: 0.509s,  503.29/s  (0.529s,  483.96/s)  LR: 1.000e-03  Data: 0.000 (0.021)
17
Train: 17 [   0/195 (  0%)]  Loss: 3.232 (3.23)  Time: 1.274s,  200.98/s  (1.274s,  200.98/s)  LR: 1.000e-03  Data: 0.769 (0.769)
Train: 17 [ 100/195 ( 52%)]  Loss: 2.314 (2.91)  Time: 0.533s,  479.93/s  (0.532s,  480.81/s)  LR: 1.000e-03  Data: 0.019 (0.025)
Train: 17 [ 194/195 (100%)]  Loss: 3.130 (2.90)  Time: 0.510s,  502.14/s  (0.529s,  483.76/s)  LR: 1.000e-03  Data: 0.000 (0.021)
18
Train: 18 [   0/195 (  0%)]  Loss: 3.201 (3.20)  Time: 1.223s,  209.33/s  (1.223s,  209.33/s)  LR: 1.000e-03  Data: 0.717 (0.717)
Train: 18 [ 100/195 ( 52%)]  Loss: 2.598 (2.95)  Time: 0.524s,  488.17/s  (0.533s,  480.44/s)  LR: 1.000e-03  Data: 0.017 (0.024)
Train: 18 [ 194/195 (100%)]  Loss: 2.587 (2.91)  Time: 0.511s,  500.67/s  (0.529s,  483.77/s)  LR: 1.000e-03  Data: 0.000 (0.021)
19
Train: 19 [   0/195 (  0%)]  Loss: 1.978 (1.98)  Time: 1.225s,  208.95/s  (1.225s,  208.95/s)  LR: 1.000e-03  Data: 0.719 (0.719)
Train: 19 [ 100/195 ( 52%)]  Loss: 2.693 (2.93)  Time: 0.526s,  486.65/s  (0.532s,  480.76/s)  LR: 1.000e-03  Data: 0.017 (0.024)
Train: 19 [ 194/195 (100%)]  Loss: 3.109 (2.90)  Time: 0.509s,  502.83/s  (0.529s,  483.74/s)  LR: 1.000e-03  Data: 0.000 (0.021)
20
Train: 20 [   0/195 (  0%)]  Loss: 3.218 (3.22)  Time: 1.165s,  219.77/s  (1.165s,  219.77/s)  LR: 1.000e-03  Data: 0.659 (0.659)
Train: 20 [ 100/195 ( 52%)]  Loss: 2.254 (2.89)  Time: 0.527s,  486.21/s  (0.531s,  481.83/s)  LR: 1.000e-03  Data: 0.018 (0.023)
Train: 20 [ 194/195 (100%)]  Loss: 3.370 (2.89)  Time: 0.509s,  502.94/s  (0.529s,  483.98/s)  LR: 1.000e-03  Data: 0.000 (0.021)
21
Train: 21 [   0/195 (  0%)]  Loss: 3.293 (3.29)  Time: 1.321s,  193.80/s  (1.321s,  193.80/s)  LR: 1.000e-03  Data: 0.812 (0.812)
Train: 21 [ 100/195 ( 52%)]  Loss: 2.743 (2.89)  Time: 0.526s,  486.90/s  (0.534s,  479.81/s)  LR: 1.000e-03  Data: 0.017 (0.025)
Train: 21 [ 194/195 (100%)]  Loss: 2.074 (2.91)  Time: 0.508s,  503.75/s  (0.530s,  483.41/s)  LR: 1.000e-03  Data: 0.000 (0.021)
22
Train: 22 [   0/195 (  0%)]  Loss: 3.345 (3.35)  Time: 1.184s,  216.23/s  (1.184s,  216.23/s)  LR: 1.000e-03  Data: 0.679 (0.679)
Train: 22 [ 100/195 ( 52%)]  Loss: 2.753 (3.01)  Time: 0.526s,  486.55/s  (0.532s,  480.91/s)  LR: 1.000e-03  Data: 0.017 (0.024)
Train: 22 [ 194/195 (100%)]  Loss: 3.465 (2.98)  Time: 0.511s,  501.21/s  (0.529s,  484.10/s)  LR: 1.000e-03  Data: 0.000 (0.021)
23
Train: 23 [   0/195 (  0%)]  Loss: 3.354 (3.35)  Time: 1.338s,  191.37/s  (1.338s,  191.37/s)  LR: 1.000e-03  Data: 0.831 (0.831)
Train: 23 [ 100/195 ( 52%)]  Loss: 2.366 (2.97)  Time: 0.525s,  487.88/s  (0.533s,  480.27/s)  LR: 1.000e-03  Data: 0.016 (0.025)
Train: 23 [ 194/195 (100%)]  Loss: 2.886 (2.96)  Time: 0.511s,  501.46/s  (0.530s,  483.37/s)  LR: 1.000e-03  Data: 0.000 (0.021)
24
Train: 24 [   0/195 (  0%)]  Loss: 3.526 (3.53)  Time: 1.287s,  198.90/s  (1.287s,  198.90/s)  LR: 1.000e-03  Data: 0.782 (0.782)
Train: 24 [ 100/195 ( 52%)]  Loss: 2.649 (3.02)  Time: 0.525s,  488.06/s  (0.549s,  466.40/s)  LR: 1.000e-03  Data: 0.018 (0.041)
Train: 24 [ 194/195 (100%)]  Loss: 3.326 (3.05)  Time: 0.509s,  502.84/s  (0.538s,  475.84/s)  LR: 1.000e-03  Data: 0.000 (0.030)
25
Train: 25 [   0/195 (  0%)]  Loss: 2.337 (2.34)  Time: 1.194s,  214.34/s  (1.194s,  214.34/s)  LR: 1.000e-03  Data: 0.690 (0.690)
Train: 25 [ 100/195 ( 52%)]  Loss: 2.490 (2.93)  Time: 0.528s,  484.79/s  (0.532s,  481.14/s)  LR: 1.000e-03  Data: 0.018 (0.024)
Train: 25 [ 194/195 (100%)]  Loss: 3.369 (2.98)  Time: 0.509s,  502.94/s  (0.529s,  484.23/s)  LR: 1.000e-03  Data: 0.000 (0.021)
26
Train: 26 [   0/195 (  0%)]  Loss: 3.484 (3.48)  Time: 1.292s,  198.17/s  (1.292s,  198.17/s)  LR: 1.000e-03  Data: 0.787 (0.787)
Train: 26 [ 100/195 ( 52%)]  Loss: 3.505 (3.07)  Time: 0.525s,  487.86/s  (0.533s,  480.17/s)  LR: 1.000e-03  Data: 0.018 (0.025)
Train: 26 [ 194/195 (100%)]  Loss: 3.323 (3.06)  Time: 0.509s,  502.69/s  (0.530s,  483.09/s)  LR: 1.000e-03  Data: 0.000 (0.022)
27
Train: 27 [   0/195 (  0%)]  Loss: 3.150 (3.15)  Time: 1.427s,  179.34/s  (1.427s,  179.34/s)  LR: 1.000e-03  Data: 0.922 (0.922)
Train: 27 [ 100/195 ( 52%)]  Loss: 3.441 (2.96)  Time: 0.526s,  486.45/s  (0.534s,  479.59/s)  LR: 1.000e-03  Data: 0.018 (0.026)
Train: 27 [ 194/195 (100%)]  Loss: 2.777 (2.94)  Time: 0.511s,  500.98/s  (0.530s,  483.32/s)  LR: 1.000e-03  Data: 0.000 (0.022)
28
Train: 28 [   0/195 (  0%)]  Loss: 2.740 (2.74)  Time: 1.297s,  197.39/s  (1.297s,  197.39/s)  LR: 1.000e-03  Data: 0.791 (0.791)
Train: 28 [ 100/195 ( 52%)]  Loss: 3.453 (3.04)  Time: 0.527s,  485.69/s  (0.533s,  480.74/s)  LR: 1.000e-03  Data: 0.015 (0.025)
Train: 28 [ 194/195 (100%)]  Loss: 2.436 (3.02)  Time: 0.509s,  503.27/s  (0.529s,  483.87/s)  LR: 1.000e-03  Data: 0.000 (0.021)
29
Train: 29 [   0/195 (  0%)]  Loss: 2.120 (2.12)  Time: 1.194s,  214.43/s  (1.194s,  214.43/s)  LR: 1.000e-03  Data: 0.688 (0.688)
Train: 29 [ 100/195 ( 52%)]  Loss: 3.516 (3.10)  Time: 0.524s,  488.51/s  (0.532s,  481.58/s)  LR: 1.000e-03  Data: 0.018 (0.024)
Train: 29 [ 194/195 (100%)]  Loss: 3.328 (3.08)  Time: 0.508s,  503.94/s  (0.529s,  484.07/s)  LR: 1.000e-03  Data: 0.000 (0.021)
30
Train: 30 [   0/195 (  0%)]  Loss: 2.155 (2.15)  Time: 1.266s,  202.18/s  (1.266s,  202.18/s)  LR: 1.000e-03  Data: 0.762 (0.762)
Train: 30 [ 100/195 ( 52%)]  Loss: 3.670 (3.11)  Time: 0.525s,  487.43/s  (0.532s,  481.05/s)  LR: 1.000e-03  Data: 0.018 (0.024)
Train: 30 [ 194/195 (100%)]  Loss: 3.552 (3.09)  Time: 0.510s,  502.04/s  (0.529s,  484.34/s)  LR: 1.000e-03  Data: 0.000 (0.021)
31
Train: 31 [   0/195 (  0%)]  Loss: 2.828 (2.83)  Time: 1.315s,  194.74/s  (1.315s,  194.74/s)  LR: 1.000e-03  Data: 0.807 (0.807)
Train: 31 [ 100/195 ( 52%)]  Loss: 3.127 (3.05)  Time: 0.526s,  486.63/s  (0.533s,  480.19/s)  LR: 1.000e-03  Data: 0.018 (0.025)
Train: 31 [ 194/195 (100%)]  Loss: 3.215 (3.07)  Time: 0.509s,  503.04/s  (0.530s,  483.30/s)  LR: 1.000e-03  Data: 0.000 (0.022)
32
Train: 32 [   0/195 (  0%)]  Loss: 2.143 (2.14)  Time: 1.227s,  208.62/s  (1.227s,  208.62/s)  LR: 1.000e-03  Data: 0.721 (0.721)
Train: 32 [ 100/195 ( 52%)]  Loss: 3.586 (3.10)  Time: 0.523s,  489.11/s  (0.532s,  481.11/s)  LR: 1.000e-03  Data: 0.017 (0.024)
Train: 32 [ 194/195 (100%)]  Loss: 2.543 (3.13)  Time: 0.511s,  501.16/s  (0.529s,  484.15/s)  LR: 1.000e-03  Data: 0.000 (0.021)
33
Train: 33 [   0/195 (  0%)]  Loss: 2.833 (2.83)  Time: 1.191s,  214.87/s  (1.191s,  214.87/s)  LR: 1.000e-03  Data: 0.686 (0.686)
Train: 33 [ 100/195 ( 52%)]  Loss: 2.816 (3.01)  Time: 0.526s,  486.99/s  (0.532s,  481.04/s)  LR: 1.000e-03  Data: 0.019 (0.024)
Train: 33 [ 194/195 (100%)]  Loss: 3.297 (3.09)  Time: 0.507s,  504.50/s  (0.529s,  483.89/s)  LR: 1.000e-03  Data: 0.000 (0.021)
34
Train: 34 [   0/195 (  0%)]  Loss: 2.518 (2.52)  Time: 1.251s,  204.66/s  (1.251s,  204.66/s)  LR: 1.000e-03  Data: 0.746 (0.746)
Train: 34 [ 100/195 ( 52%)]  Loss: 2.579 (3.16)  Time: 0.523s,  489.30/s  (0.532s,  481.01/s)  LR: 1.000e-03  Data: 0.017 (0.024)
Train: 34 [ 194/195 (100%)]  Loss: 3.407 (3.15)  Time: 0.510s,  502.14/s  (0.529s,  483.88/s)  LR: 1.000e-03  Data: 0.000 (0.021)
35
Train: 35 [   0/195 (  0%)]  Loss: 2.732 (2.73)  Time: 1.205s,  212.52/s  (1.205s,  212.52/s)  LR: 1.000e-03  Data: 0.698 (0.698)
Train: 35 [ 100/195 ( 52%)]  Loss: 3.531 (3.17)  Time: 0.525s,  487.31/s  (0.531s,  482.01/s)  LR: 1.000e-03  Data: 0.019 (0.024)
Train: 35 [ 194/195 (100%)]  Loss: 3.553 (3.14)  Time: 0.508s,  503.85/s  (0.529s,  484.30/s)  LR: 1.000e-03  Data: 0.000 (0.021)
36
Train: 36 [   0/195 (  0%)]  Loss: 2.233 (2.23)  Time: 1.338s,  191.35/s  (1.338s,  191.35/s)  LR: 1.000e-03  Data: 0.833 (0.833)
Train: 36 [ 100/195 ( 52%)]  Loss: 3.255 (3.15)  Time: 0.531s,  482.32/s  (0.534s,  479.78/s)  LR: 1.000e-03  Data: 0.021 (0.026)
Train: 36 [ 194/195 (100%)]  Loss: 3.159 (3.14)  Time: 0.508s,  503.74/s  (0.530s,  482.85/s)  LR: 1.000e-03  Data: 0.000 (0.022)
37
Train: 37 [   0/195 (  0%)]  Loss: 3.689 (3.69)  Time: 1.204s,  212.63/s  (1.204s,  212.63/s)  LR: 1.000e-03  Data: 0.695 (0.695)
Train: 37 [ 100/195 ( 52%)]  Loss: 3.395 (3.14)  Time: 0.524s,  488.82/s  (0.531s,  481.77/s)  LR: 1.000e-03  Data: 0.015 (0.024)
Train: 37 [ 194/195 (100%)]  Loss: 3.166 (3.11)  Time: 0.510s,  501.76/s  (0.529s,  483.76/s)  LR: 1.000e-03  Data: 0.000 (0.021)
38
Train: 38 [   0/195 (  0%)]  Loss: 2.317 (2.32)  Time: 1.277s,  200.42/s  (1.277s,  200.42/s)  LR: 1.000e-03  Data: 0.772 (0.772)
Train: 38 [ 100/195 ( 52%)]  Loss: 3.758 (3.20)  Time: 0.526s,  486.75/s  (0.533s,  479.95/s)  LR: 1.000e-03  Data: 0.018 (0.025)
Train: 38 [ 194/195 (100%)]  Loss: 3.510 (3.16)  Time: 0.512s,  499.88/s  (0.530s,  483.10/s)  LR: 1.000e-03  Data: 0.000 (0.022)
39
Train: 39 [   0/195 (  0%)]  Loss: 3.351 (3.35)  Time: 1.268s,  201.86/s  (1.268s,  201.86/s)  LR: 1.000e-03  Data: 0.763 (0.763)
Train: 39 [ 100/195 ( 52%)]  Loss: 2.461 (3.13)  Time: 0.526s,  486.88/s  (0.532s,  481.27/s)  LR: 1.000e-03  Data: 0.018 (0.025)
Train: 39 [ 194/195 (100%)]  Loss: 3.667 (3.14)  Time: 0.509s,  502.64/s  (0.529s,  484.07/s)  LR: 1.000e-03  Data: 0.000 (0.021)
40
Train: 40 [   0/195 (  0%)]  Loss: 3.595 (3.60)  Time: 1.314s,  194.83/s  (1.314s,  194.83/s)  LR: 1.000e-03  Data: 0.809 (0.809)
Train: 40 [ 100/195 ( 52%)]  Loss: 3.153 (3.18)  Time: 0.523s,  489.30/s  (0.532s,  480.91/s)  LR: 1.000e-03  Data: 0.016 (0.025)
Train: 40 [ 194/195 (100%)]  Loss: 3.754 (3.20)  Time: 0.508s,  503.96/s  (0.529s,  483.86/s)  LR: 1.000e-03  Data: 0.000 (0.022)
41
Train: 41 [   0/195 (  0%)]  Loss: 2.744 (2.74)  Time: 1.293s,  198.05/s  (1.293s,  198.05/s)  LR: 1.000e-03  Data: 0.789 (0.789)
Train: 41 [ 100/195 ( 52%)]  Loss: 2.825 (3.19)  Time: 0.530s,  483.02/s  (0.533s,  480.19/s)  LR: 1.000e-03  Data: 0.018 (0.025)
Train: 41 [ 194/195 (100%)]  Loss: 2.707 (3.20)  Time: 0.510s,  501.70/s  (0.530s,  483.28/s)  LR: 1.000e-03  Data: 0.000 (0.021)
42
Train: 42 [   0/195 (  0%)]  Loss: 2.559 (2.56)  Time: 1.253s,  204.32/s  (1.253s,  204.32/s)  LR: 1.000e-03  Data: 0.748 (0.748)
Train: 42 [ 100/195 ( 52%)]  Loss: 3.424 (3.10)  Time: 0.528s,  485.01/s  (0.532s,  480.88/s)  LR: 1.000e-03  Data: 0.019 (0.025)
Train: 42 [ 194/195 (100%)]  Loss: 3.241 (3.15)  Time: 0.506s,  505.56/s  (0.530s,  483.46/s)  LR: 1.000e-03  Data: 0.000 (0.022)
43
Train: 43 [   0/195 (  0%)]  Loss: 2.701 (2.70)  Time: 1.243s,  205.93/s  (1.243s,  205.93/s)  LR: 1.000e-03  Data: 0.738 (0.738)
Train: 43 [ 100/195 ( 52%)]  Loss: 3.035 (3.15)  Time: 0.525s,  487.48/s  (0.533s,  479.91/s)  LR: 1.000e-03  Data: 0.015 (0.024)
Train: 43 [ 194/195 (100%)]  Loss: 2.904 (3.17)  Time: 0.514s,  498.46/s  (0.529s,  483.67/s)  LR: 1.000e-03  Data: 0.000 (0.020)
44
Train: 44 [   0/195 (  0%)]  Loss: 2.968 (2.97)  Time: 1.216s,  210.49/s  (1.216s,  210.49/s)  LR: 1.000e-03  Data: 0.708 (0.708)
Train: 44 [ 100/195 ( 52%)]  Loss: 3.699 (3.17)  Time: 0.525s,  488.08/s  (0.531s,  481.87/s)  LR: 1.000e-03  Data: 0.016 (0.023)
Train: 44 [ 194/195 (100%)]  Loss: 2.452 (3.19)  Time: 0.508s,  503.51/s  (0.528s,  484.61/s)  LR: 1.000e-03  Data: 0.000 (0.019)
45
Train: 45 [   0/195 (  0%)]  Loss: 3.214 (3.21)  Time: 1.208s,  211.91/s  (1.208s,  211.91/s)  LR: 1.000e-03  Data: 0.702 (0.702)
Train: 45 [ 100/195 ( 52%)]  Loss: 2.486 (3.33)  Time: 0.524s,  488.20/s  (0.531s,  482.20/s)  LR: 1.000e-03  Data: 0.016 (0.023)
Train: 45 [ 194/195 (100%)]  Loss: 2.555 (3.30)  Time: 0.510s,  501.85/s  (0.528s,  484.95/s)  LR: 1.000e-03  Data: 0.000 (0.019)
46
Train: 46 [   0/195 (  0%)]  Loss: 2.351 (2.35)  Time: 1.299s,  197.04/s  (1.299s,  197.04/s)  LR: 1.000e-03  Data: 0.791 (0.791)
Train: 46 [ 100/195 ( 52%)]  Loss: 2.530 (3.19)  Time: 0.524s,  488.17/s  (0.531s,  481.95/s)  LR: 1.000e-03  Data: 0.015 (0.023)
Train: 46 [ 194/195 (100%)]  Loss: 3.759 (3.21)  Time: 0.512s,  500.23/s  (0.528s,  484.66/s)  LR: 1.000e-03  Data: 0.000 (0.019)
47
Train: 47 [   0/195 (  0%)]  Loss: 3.818 (3.82)  Time: 1.247s,  205.28/s  (1.247s,  205.28/s)  LR: 1.000e-03  Data: 0.740 (0.740)
Train: 47 [ 100/195 ( 52%)]  Loss: 3.139 (3.18)  Time: 0.524s,  488.55/s  (0.531s,  481.95/s)  LR: 1.000e-03  Data: 0.015 (0.023)
Train: 47 [ 194/195 (100%)]  Loss: 3.660 (3.19)  Time: 0.511s,  500.65/s  (0.528s,  484.98/s)  LR: 1.000e-03  Data: 0.000 (0.019)
48
Train: 48 [   0/195 (  0%)]  Loss: 3.150 (3.15)  Time: 1.276s,  200.57/s  (1.276s,  200.57/s)  LR: 1.000e-03  Data: 0.770 (0.770)
Train: 48 [ 100/195 ( 52%)]  Loss: 2.844 (3.24)  Time: 0.523s,  489.29/s  (0.531s,  481.81/s)  LR: 1.000e-03  Data: 0.016 (0.022)
Train: 48 [ 194/195 (100%)]  Loss: 3.460 (3.27)  Time: 0.511s,  501.07/s  (0.528s,  484.65/s)  LR: 1.000e-03  Data: 0.000 (0.019)
49
Train: 49 [   0/195 (  0%)]  Loss: 2.427 (2.43)  Time: 1.222s,  209.48/s  (1.222s,  209.48/s)  LR: 1.000e-03  Data: 0.713 (0.713)
Train: 49 [ 100/195 ( 52%)]  Loss: 3.925 (3.17)  Time: 0.525s,  487.81/s  (0.531s,  481.85/s)  LR: 1.000e-03  Data: 0.016 (0.022)
Train: 49 [ 194/195 (100%)]  Loss: 2.779 (3.21)  Time: 0.511s,  501.41/s  (0.528s,  484.76/s)  LR: 1.000e-03  Data: 0.000 (0.019)
50
Train: 50 [   0/195 (  0%)]  Loss: 3.676 (3.68)  Time: 1.204s,  212.61/s  (1.204s,  212.61/s)  LR: 1.000e-03  Data: 0.697 (0.697)
Train: 50 [ 100/195 ( 52%)]  Loss: 3.578 (3.28)  Time: 0.523s,  489.69/s  (0.530s,  483.00/s)  LR: 1.000e-03  Data: 0.015 (0.022)
Train: 50 [ 194/195 (100%)]  Loss: 3.675 (3.29)  Time: 0.510s,  502.29/s  (0.528s,  485.23/s)  LR: 1.000e-03  Data: 0.000 (0.019)
51
Train: 51 [   0/195 (  0%)]  Loss: 3.105 (3.10)  Time: 1.168s,  219.25/s  (1.168s,  219.25/s)  LR: 1.000e-03  Data: 0.660 (0.660)
Train: 51 [ 100/195 ( 52%)]  Loss: 2.799 (3.32)  Time: 0.526s,  487.09/s  (0.531s,  482.27/s)  LR: 1.000e-03  Data: 0.016 (0.022)
Train: 51 [ 194/195 (100%)]  Loss: 2.783 (3.31)  Time: 0.509s,  502.49/s  (0.528s,  484.72/s)  LR: 1.000e-03  Data: 0.000 (0.019)
52
Train: 52 [   0/195 (  0%)]  Loss: 2.811 (2.81)  Time: 1.198s,  213.78/s  (1.198s,  213.78/s)  LR: 1.000e-03  Data: 0.689 (0.689)
Train: 52 [ 100/195 ( 52%)]  Loss: 3.691 (3.26)  Time: 0.523s,  489.15/s  (0.531s,  482.30/s)  LR: 1.000e-03  Data: 0.015 (0.022)
Train: 52 [ 194/195 (100%)]  Loss: 3.498 (3.31)  Time: 0.510s,  501.67/s  (0.528s,  485.30/s)  LR: 1.000e-03  Data: 0.000 (0.019)
53
Train: 53 [   0/195 (  0%)]  Loss: 3.518 (3.52)  Time: 1.354s,  189.09/s  (1.354s,  189.09/s)  LR: 1.000e-03  Data: 0.845 (0.845)
Train: 53 [ 100/195 ( 52%)]  Loss: 3.847 (3.26)  Time: 0.523s,  489.89/s  (0.532s,  480.88/s)  LR: 1.000e-03  Data: 0.015 (0.024)
Train: 53 [ 194/195 (100%)]  Loss: 3.641 (3.25)  Time: 0.509s,  503.21/s  (0.529s,  484.37/s)  LR: 1.000e-03  Data: 0.000 (0.020)
54
Train: 54 [   0/195 (  0%)]  Loss: 2.683 (2.68)  Time: 1.274s,  200.91/s  (1.274s,  200.91/s)  LR: 1.000e-03  Data: 0.768 (0.768)
Train: 54 [ 100/195 ( 52%)]  Loss: 2.638 (3.30)  Time: 0.524s,  488.39/s  (0.532s,  481.59/s)  LR: 1.000e-03  Data: 0.015 (0.023)
Train: 54 [ 194/195 (100%)]  Loss: 3.766 (3.31)  Time: 0.509s,  502.46/s  (0.528s,  484.94/s)  LR: 1.000e-03  Data: 0.000 (0.019)
55
Train: 55 [   0/195 (  0%)]  Loss: 2.690 (2.69)  Time: 1.334s,  191.96/s  (1.334s,  191.96/s)  LR: 1.000e-03  Data: 0.825 (0.825)
Train: 55 [ 100/195 ( 52%)]  Loss: 3.356 (3.28)  Time: 0.522s,  490.68/s  (0.532s,  481.13/s)  LR: 1.000e-03  Data: 0.015 (0.023)
Train: 55 [ 194/195 (100%)]  Loss: 2.629 (3.29)  Time: 0.510s,  501.61/s  (0.528s,  484.55/s)  LR: 1.000e-03  Data: 0.000 (0.019)
56
Train: 56 [   0/195 (  0%)]  Loss: 3.871 (3.87)  Time: 1.287s,  198.94/s  (1.287s,  198.94/s)  LR: 1.000e-03  Data: 0.780 (0.780)
Train: 56 [ 100/195 ( 52%)]  Loss: 3.531 (3.37)  Time: 0.526s,  486.78/s  (0.532s,  481.21/s)  LR: 1.000e-03  Data: 0.015 (0.023)
Train: 56 [ 194/195 (100%)]  Loss: 3.673 (3.32)  Time: 0.509s,  502.92/s  (0.528s,  484.64/s)  LR: 1.000e-03  Data: 0.000 (0.019)
57
Train: 57 [   0/195 (  0%)]  Loss: 3.698 (3.70)  Time: 1.183s,  216.35/s  (1.183s,  216.35/s)  LR: 1.000e-03  Data: 0.678 (0.678)
Train: 57 [ 100/195 ( 52%)]  Loss: 3.555 (3.30)  Time: 0.524s,  488.88/s  (0.530s,  482.91/s)  LR: 1.000e-03  Data: 0.016 (0.022)
Train: 57 [ 194/195 (100%)]  Loss: 3.712 (3.35)  Time: 0.510s,  501.84/s  (0.527s,  485.66/s)  LR: 1.000e-03  Data: 0.000 (0.019)
58
Train: 58 [   0/195 (  0%)]  Loss: 3.016 (3.02)  Time: 1.313s,  194.91/s  (1.313s,  194.91/s)  LR: 1.000e-03  Data: 0.804 (0.804)
Train: 58 [ 100/195 ( 52%)]  Loss: 3.880 (3.41)  Time: 0.529s,  484.14/s  (0.533s,  480.46/s)  LR: 1.000e-03  Data: 0.015 (0.024)
Train: 58 [ 194/195 (100%)]  Loss: 3.992 (3.36)  Time: 0.509s,  502.89/s  (0.529s,  484.02/s)  LR: 1.000e-03  Data: 0.000 (0.020)
59
Train: 59 [   0/195 (  0%)]  Loss: 3.601 (3.60)  Time: 1.216s,  210.57/s  (1.216s,  210.57/s)  LR: 1.000e-03  Data: 0.710 (0.710)
Train: 59 [ 100/195 ( 52%)]  Loss: 3.740 (3.36)  Time: 0.525s,  487.34/s  (0.532s,  481.51/s)  LR: 1.000e-03  Data: 0.016 (0.022)
Train: 59 [ 194/195 (100%)]  Loss: 3.654 (3.40)  Time: 0.510s,  501.67/s  (0.528s,  484.90/s)  LR: 1.000e-03  Data: 0.000 (0.019)
60
Train: 60 [   0/195 (  0%)]  Loss: 3.744 (3.74)  Time: 1.218s,  210.10/s  (1.218s,  210.10/s)  LR: 1.000e-03  Data: 0.712 (0.712)
Train: 60 [ 100/195 ( 52%)]  Loss: 3.058 (3.36)  Time: 0.526s,  486.93/s  (0.531s,  481.90/s)  LR: 1.000e-03  Data: 0.017 (0.022)
Train: 60 [ 194/195 (100%)]  Loss: 3.100 (3.35)  Time: 0.509s,  502.80/s  (0.528s,  484.77/s)  LR: 1.000e-03  Data: 0.000 (0.019)
61
Train: 61 [   0/195 (  0%)]  Loss: 3.606 (3.61)  Time: 1.287s,  198.91/s  (1.287s,  198.91/s)  LR: 1.000e-03  Data: 0.780 (0.780)
Train: 61 [ 100/195 ( 52%)]  Loss: 3.796 (3.39)  Time: 0.523s,  489.16/s  (0.533s,  480.72/s)  LR: 1.000e-03  Data: 0.015 (0.023)
Train: 61 [ 194/195 (100%)]  Loss: 3.582 (3.38)  Time: 0.512s,  500.28/s  (0.529s,  484.32/s)  LR: 1.000e-03  Data: 0.000 (0.019)
62
Train: 62 [   0/195 (  0%)]  Loss: 3.300 (3.30)  Time: 1.187s,  215.65/s  (1.187s,  215.65/s)  LR: 1.000e-03  Data: 0.679 (0.679)
Train: 62 [ 100/195 ( 52%)]  Loss: 2.905 (3.34)  Time: 0.527s,  485.64/s  (0.531s,  482.00/s)  LR: 1.000e-03  Data: 0.014 (0.022)
Train: 62 [ 194/195 (100%)]  Loss: 3.692 (3.32)  Time: 0.510s,  501.71/s  (0.528s,  484.73/s)  LR: 1.000e-03  Data: 0.000 (0.019)
63
Train: 63 [   0/195 (  0%)]  Loss: 3.520 (3.52)  Time: 1.355s,  188.95/s  (1.355s,  188.95/s)  LR: 1.000e-03  Data: 0.846 (0.846)
Train: 63 [ 100/195 ( 52%)]  Loss: 3.591 (3.36)  Time: 0.524s,  488.29/s  (0.533s,  480.31/s)  LR: 1.000e-03  Data: 0.015 (0.024)
Train: 63 [ 194/195 (100%)]  Loss: 3.310 (3.44)  Time: 0.514s,  498.31/s  (0.529s,  484.18/s)  LR: 1.000e-03  Data: 0.000 (0.020)
64
Train: 64 [   0/195 (  0%)]  Loss: 3.756 (3.76)  Time: 1.218s,  210.17/s  (1.218s,  210.17/s)  LR: 1.000e-03  Data: 0.709 (0.709)
Train: 64 [ 100/195 ( 52%)]  Loss: 2.499 (3.41)  Time: 0.523s,  489.58/s  (0.532s,  481.29/s)  LR: 1.000e-03  Data: 0.015 (0.022)
Train: 64 [ 194/195 (100%)]  Loss: 2.945 (3.39)  Time: 0.511s,  501.18/s  (0.529s,  484.28/s)  LR: 1.000e-03  Data: 0.000 (0.019)
65
Train: 65 [   0/195 (  0%)]  Loss: 3.183 (3.18)  Time: 1.252s,  204.49/s  (1.252s,  204.49/s)  LR: 1.000e-03  Data: 0.745 (0.745)
Train: 65 [ 100/195 ( 52%)]  Loss: 2.793 (3.44)  Time: 0.525s,  487.48/s  (0.532s,  481.45/s)  LR: 1.000e-03  Data: 0.016 (0.023)
Train: 65 [ 194/195 (100%)]  Loss: 3.781 (3.40)  Time: 0.511s,  501.17/s  (0.528s,  484.72/s)  LR: 1.000e-03  Data: 0.000 (0.019)
66
Train: 66 [   0/195 (  0%)]  Loss: 2.878 (2.88)  Time: 1.242s,  206.05/s  (1.242s,  206.05/s)  LR: 1.000e-03  Data: 0.734 (0.734)
Train: 66 [ 100/195 ( 52%)]  Loss: 3.422 (3.40)  Time: 0.524s,  488.16/s  (0.532s,  480.95/s)  LR: 1.000e-03  Data: 0.016 (0.023)
Train: 66 [ 194/195 (100%)]  Loss: 3.887 (3.38)  Time: 0.510s,  501.56/s  (0.529s,  484.17/s)  LR: 1.000e-03  Data: 0.000 (0.019)
67
Train: 67 [   0/195 (  0%)]  Loss: 3.541 (3.54)  Time: 1.231s,  207.97/s  (1.231s,  207.97/s)  LR: 1.000e-03  Data: 0.720 (0.720)
Train: 67 [ 100/195 ( 52%)]  Loss: 2.483 (3.32)  Time: 0.524s,  488.71/s  (0.532s,  481.58/s)  LR: 1.000e-03  Data: 0.015 (0.022)
Train: 67 [ 194/195 (100%)]  Loss: 2.848 (3.34)  Time: 0.509s,  502.81/s  (0.528s,  484.82/s)  LR: 1.000e-03  Data: 0.000 (0.019)
68
Train: 68 [   0/195 (  0%)]  Loss: 2.757 (2.76)  Time: 1.227s,  208.59/s  (1.227s,  208.59/s)  LR: 1.000e-03  Data: 0.715 (0.715)
Train: 68 [ 100/195 ( 52%)]  Loss: 3.752 (3.36)  Time: 0.526s,  487.00/s  (0.532s,  481.46/s)  LR: 1.000e-03  Data: 0.016 (0.022)
Train: 68 [ 194/195 (100%)]  Loss: 3.977 (3.43)  Time: 0.510s,  501.89/s  (0.528s,  484.78/s)  LR: 1.000e-03  Data: 0.000 (0.019)
69
Train: 69 [   0/195 (  0%)]  Loss: 2.983 (2.98)  Time: 1.265s,  202.32/s  (1.265s,  202.32/s)  LR: 1.000e-03  Data: 0.759 (0.759)
Train: 69 [ 100/195 ( 52%)]  Loss: 3.918 (3.46)  Time: 0.524s,  488.24/s  (0.532s,  481.01/s)  LR: 1.000e-03  Data: 0.016 (0.023)
Train: 69 [ 194/195 (100%)]  Loss: 3.607 (3.44)  Time: 0.511s,  501.17/s  (0.529s,  484.26/s)  LR: 1.000e-03  Data: 0.000 (0.019)
70
Train: 70 [   0/195 (  0%)]  Loss: 3.570 (3.57)  Time: 1.190s,  215.14/s  (1.190s,  215.14/s)  LR: 1.000e-03  Data: 0.681 (0.681)
Train: 70 [ 100/195 ( 52%)]  Loss: 3.611 (3.44)  Time: 0.523s,  489.74/s  (0.531s,  482.17/s)  LR: 1.000e-03  Data: 0.015 (0.022)
Train: 70 [ 194/195 (100%)]  Loss: 3.268 (3.44)  Time: 0.509s,  502.51/s  (0.528s,  484.86/s)  LR: 1.000e-03  Data: 0.000 (0.019)
71
Train: 71 [   0/195 (  0%)]  Loss: 3.317 (3.32)  Time: 1.210s,  211.53/s  (1.210s,  211.53/s)  LR: 1.000e-03  Data: 0.704 (0.704)
Train: 71 [ 100/195 ( 52%)]  Loss: 3.231 (3.43)  Time: 0.531s,  481.74/s  (0.531s,  481.99/s)  LR: 1.000e-03  Data: 0.022 (0.022)
Train: 71 [ 194/195 (100%)]  Loss: 3.840 (3.41)  Time: 0.512s,  500.21/s  (0.528s,  484.85/s)  LR: 1.000e-03  Data: 0.000 (0.019)
72
Train: 72 [   0/195 (  0%)]  Loss: 3.684 (3.68)  Time: 1.208s,  211.89/s  (1.208s,  211.89/s)  LR: 1.000e-03  Data: 0.700 (0.700)
Train: 72 [ 100/195 ( 52%)]  Loss: 2.640 (3.43)  Time: 0.525s,  487.41/s  (0.531s,  481.81/s)  LR: 1.000e-03  Data: 0.016 (0.022)
Train: 72 [ 194/195 (100%)]  Loss: 2.859 (3.45)  Time: 0.510s,  501.51/s  (0.528s,  484.96/s)  LR: 1.000e-03  Data: 0.000 (0.019)
73
Train: 73 [   0/195 (  0%)]  Loss: 3.623 (3.62)  Time: 1.269s,  201.66/s  (1.269s,  201.66/s)  LR: 1.000e-03  Data: 0.761 (0.761)
Train: 73 [ 100/195 ( 52%)]  Loss: 3.414 (3.42)  Time: 0.525s,  487.56/s  (0.532s,  481.47/s)  LR: 1.000e-03  Data: 0.015 (0.023)
Train: 73 [ 194/195 (100%)]  Loss: 3.976 (3.45)  Time: 0.512s,  499.68/s  (0.528s,  484.68/s)  LR: 1.000e-03  Data: 0.000 (0.019)
74
Train: 74 [   0/195 (  0%)]  Loss: 2.738 (2.74)  Time: 1.212s,  211.30/s  (1.212s,  211.30/s)  LR: 1.000e-03  Data: 0.704 (0.704)
Train: 74 [ 100/195 ( 52%)]  Loss: 3.836 (3.45)  Time: 0.526s,  487.11/s  (0.531s,  481.72/s)  LR: 1.000e-03  Data: 0.015 (0.022)
Train: 74 [ 194/195 (100%)]  Loss: 3.780 (3.43)  Time: 0.512s,  500.22/s  (0.528s,  484.60/s)  LR: 1.000e-03  Data: 0.000 (0.019)
75
Train: 75 [   0/195 (  0%)]  Loss: 3.591 (3.59)  Time: 1.210s,  211.50/s  (1.210s,  211.50/s)  LR: 1.000e-03  Data: 0.702 (0.702)
Train: 75 [ 100/195 ( 52%)]  Loss: 3.964 (3.50)  Time: 0.523s,  489.55/s  (0.531s,  481.77/s)  LR: 1.000e-03  Data: 0.016 (0.022)
Train: 75 [ 194/195 (100%)]  Loss: 3.778 (3.47)  Time: 0.513s,  499.12/s  (0.528s,  484.95/s)  LR: 1.000e-03  Data: 0.000 (0.019)
76
Train: 76 [   0/195 (  0%)]  Loss: 2.611 (2.61)  Time: 1.187s,  215.71/s  (1.187s,  215.71/s)  LR: 1.000e-03  Data: 0.679 (0.679)
Train: 76 [ 100/195 ( 52%)]  Loss: 3.107 (3.46)  Time: 0.525s,  487.55/s  (0.531s,  481.85/s)  LR: 1.000e-03  Data: 0.016 (0.022)
Train: 76 [ 194/195 (100%)]  Loss: 3.783 (3.46)  Time: 0.511s,  501.07/s  (0.528s,  484.72/s)  LR: 1.000e-03  Data: 0.000 (0.019)
77
Train: 77 [   0/195 (  0%)]  Loss: 3.128 (3.13)  Time: 1.225s,  208.95/s  (1.225s,  208.95/s)  LR: 1.000e-03  Data: 0.717 (0.717)
Train: 77 [ 100/195 ( 52%)]  Loss: 3.333 (3.41)  Time: 0.523s,  489.45/s  (0.532s,  481.20/s)  LR: 1.000e-03  Data: 0.015 (0.023)
Train: 77 [ 194/195 (100%)]  Loss: 2.802 (3.45)  Time: 0.509s,  503.33/s  (0.528s,  484.59/s)  LR: 1.000e-03  Data: 0.000 (0.019)
78
Train: 78 [   0/195 (  0%)]  Loss: 3.791 (3.79)  Time: 1.242s,  206.08/s  (1.242s,  206.08/s)  LR: 1.000e-03  Data: 0.737 (0.737)
Train: 78 [ 100/195 ( 52%)]  Loss: 3.789 (3.50)  Time: 0.525s,  487.50/s  (0.531s,  482.05/s)  LR: 1.000e-03  Data: 0.015 (0.023)
Train: 78 [ 194/195 (100%)]  Loss: 3.987 (3.49)  Time: 0.510s,  502.40/s  (0.528s,  485.27/s)  LR: 1.000e-03  Data: 0.000 (0.019)
79
Train: 79 [   0/195 (  0%)]  Loss: 3.742 (3.74)  Time: 1.210s,  211.59/s  (1.210s,  211.59/s)  LR: 1.000e-03  Data: 0.703 (0.703)
Train: 79 [ 100/195 ( 52%)]  Loss: 3.795 (3.46)  Time: 0.524s,  488.85/s  (0.532s,  481.16/s)  LR: 1.000e-03  Data: 0.015 (0.022)
Train: 79 [ 194/195 (100%)]  Loss: 3.595 (3.49)  Time: 0.511s,  501.24/s  (0.528s,  484.72/s)  LR: 1.000e-03  Data: 0.000 (0.019)
80
Train: 80 [   0/195 (  0%)]  Loss: 2.756 (2.76)  Time: 1.225s,  209.04/s  (1.225s,  209.04/s)  LR: 1.000e-03  Data: 0.717 (0.717)
Train: 80 [ 100/195 ( 52%)]  Loss: 3.782 (3.53)  Time: 0.523s,  489.17/s  (0.531s,  481.76/s)  LR: 1.000e-03  Data: 0.014 (0.022)
Train: 80 [ 194/195 (100%)]  Loss: 3.259 (3.52)  Time: 0.510s,  502.28/s  (0.528s,  484.91/s)  LR: 1.000e-03  Data: 0.000 (0.019)
81
Train: 81 [   0/195 (  0%)]  Loss: 3.239 (3.24)  Time: 1.247s,  205.37/s  (1.247s,  205.37/s)  LR: 1.000e-03  Data: 0.739 (0.739)
Train: 81 [ 100/195 ( 52%)]  Loss: 3.907 (3.43)  Time: 0.525s,  487.91/s  (0.531s,  481.82/s)  LR: 1.000e-03  Data: 0.015 (0.022)
Train: 81 [ 194/195 (100%)]  Loss: 3.495 (3.46)  Time: 0.511s,  501.36/s  (0.528s,  484.83/s)  LR: 1.000e-03  Data: 0.000 (0.019)
82
Train: 82 [   0/195 (  0%)]  Loss: 3.772 (3.77)  Time: 1.132s,  226.06/s  (1.132s,  226.06/s)  LR: 1.000e-03  Data: 0.624 (0.624)
Train: 82 [ 100/195 ( 52%)]  Loss: 3.508 (3.54)  Time: 0.524s,  488.11/s  (0.531s,  482.55/s)  LR: 1.000e-03  Data: 0.015 (0.021)
Train: 82 [ 194/195 (100%)]  Loss: 2.788 (3.52)  Time: 0.510s,  501.48/s  (0.528s,  485.28/s)  LR: 1.000e-03  Data: 0.000 (0.018)
83
Train: 83 [   0/195 (  0%)]  Loss: 3.679 (3.68)  Time: 1.246s,  205.40/s  (1.246s,  205.40/s)  LR: 1.000e-03  Data: 0.739 (0.739)
Train: 83 [ 100/195 ( 52%)]  Loss: 4.085 (3.57)  Time: 0.524s,  488.74/s  (0.531s,  481.99/s)  LR: 1.000e-03  Data: 0.015 (0.022)
Train: 83 [ 194/195 (100%)]  Loss: 3.863 (3.58)  Time: 0.510s,  502.27/s  (0.528s,  484.83/s)  LR: 1.000e-03  Data: 0.000 (0.019)
84
Train: 84 [   0/195 (  0%)]  Loss: 3.716 (3.72)  Time: 1.197s,  213.89/s  (1.197s,  213.89/s)  LR: 1.000e-03  Data: 0.691 (0.691)
Train: 84 [ 100/195 ( 52%)]  Loss: 3.759 (3.53)  Time: 0.524s,  488.78/s  (0.532s,  481.58/s)  LR: 1.000e-03  Data: 0.016 (0.022)
Train: 84 [ 194/195 (100%)]  Loss: 3.984 (3.55)  Time: 0.511s,  501.42/s  (0.528s,  484.82/s)  LR: 1.000e-03  Data: 0.000 (0.019)
85
Train: 85 [   0/195 (  0%)]  Loss: 3.791 (3.79)  Time: 1.275s,  200.83/s  (1.275s,  200.83/s)  LR: 1.000e-03  Data: 0.768 (0.768)
Train: 85 [ 100/195 ( 52%)]  Loss: 3.185 (3.46)  Time: 0.524s,  488.42/s  (0.532s,  481.50/s)  LR: 1.000e-03  Data: 0.015 (0.023)
Train: 85 [ 194/195 (100%)]  Loss: 3.840 (3.53)  Time: 0.511s,  500.87/s  (0.528s,  484.67/s)  LR: 1.000e-03  Data: 0.000 (0.019)
86
Train: 86 [   0/195 (  0%)]  Loss: 3.525 (3.53)  Time: 1.214s,  210.87/s  (1.214s,  210.87/s)  LR: 1.000e-03  Data: 0.707 (0.707)
Train: 86 [ 100/195 ( 52%)]  Loss: 2.837 (3.53)  Time: 0.523s,  489.69/s  (0.531s,  482.01/s)  LR: 1.000e-03  Data: 0.015 (0.022)
Train: 86 [ 194/195 (100%)]  Loss: 3.981 (3.54)  Time: 0.510s,  502.25/s  (0.528s,  485.12/s)  LR: 1.000e-03  Data: 0.000 (0.019)
87
Train: 87 [   0/195 (  0%)]  Loss: 3.910 (3.91)  Time: 1.169s,  219.01/s  (1.169s,  219.01/s)  LR: 1.000e-03  Data: 0.662 (0.662)
Train: 87 [ 100/195 ( 52%)]  Loss: 3.765 (3.53)  Time: 0.523s,  489.12/s  (0.531s,  482.47/s)  LR: 1.000e-03  Data: 0.015 (0.022)
Train: 87 [ 194/195 (100%)]  Loss: 3.928 (3.58)  Time: 0.510s,  502.40/s  (0.527s,  485.41/s)  LR: 1.000e-03  Data: 0.000 (0.019)
88
Train: 88 [   0/195 (  0%)]  Loss: 3.989 (3.99)  Time: 1.191s,  215.01/s  (1.191s,  215.01/s)  LR: 1.000e-03  Data: 0.683 (0.683)
Train: 88 [ 100/195 ( 52%)]  Loss: 3.501 (3.54)  Time: 0.523s,  489.78/s  (0.531s,  481.72/s)  LR: 1.000e-03  Data: 0.016 (0.022)
Train: 88 [ 194/195 (100%)]  Loss: 3.804 (3.55)  Time: 0.512s,  499.95/s  (0.528s,  484.74/s)  LR: 1.000e-03  Data: 0.000 (0.019)
89
Train: 89 [   0/195 (  0%)]  Loss: 3.268 (3.27)  Time: 1.189s,  215.35/s  (1.189s,  215.35/s)  LR: 1.000e-03  Data: 0.681 (0.681)
Train: 89 [ 100/195 ( 52%)]  Loss: 2.961 (3.56)  Time: 0.524s,  488.85/s  (0.531s,  482.35/s)  LR: 1.000e-03  Data: 0.014 (0.022)
Train: 89 [ 194/195 (100%)]  Loss: 4.057 (3.56)  Time: 0.509s,  502.73/s  (0.527s,  485.50/s)  LR: 1.000e-03  Data: 0.000 (0.019)
90
Train: 90 [   0/195 (  0%)]  Loss: 3.264 (3.26)  Time: 1.231s,  207.89/s  (1.231s,  207.89/s)  LR: 1.000e-03  Data: 0.725 (0.725)
Train: 90 [ 100/195 ( 52%)]  Loss: 3.672 (3.63)  Time: 0.523s,  489.07/s  (0.532s,  481.64/s)  LR: 1.000e-03  Data: 0.015 (0.022)
Train: 90 [ 194/195 (100%)]  Loss: 2.806 (3.64)  Time: 0.510s,  501.63/s  (0.528s,  484.76/s)  LR: 1.000e-03  Data: 0.000 (0.019)
91
Train: 91 [   0/195 (  0%)]  Loss: 2.697 (2.70)  Time: 1.294s,  197.80/s  (1.294s,  197.80/s)  LR: 1.000e-03  Data: 0.787 (0.787)
Train: 91 [ 100/195 ( 52%)]  Loss: 3.949 (3.55)  Time: 0.525s,  487.55/s  (0.532s,  481.38/s)  LR: 1.000e-03  Data: 0.016 (0.023)
Train: 91 [ 194/195 (100%)]  Loss: 3.943 (3.58)  Time: 0.511s,  501.42/s  (0.528s,  484.87/s)  LR: 1.000e-03  Data: 0.000 (0.019)
92
Train: 92 [   0/195 (  0%)]  Loss: 3.824 (3.82)  Time: 1.282s,  199.68/s  (1.282s,  199.68/s)  LR: 1.000e-03  Data: 0.775 (0.775)
Train: 92 [ 100/195 ( 52%)]  Loss: 3.102 (3.47)  Time: 0.528s,  484.89/s  (0.531s,  481.91/s)  LR: 1.000e-03  Data: 0.014 (0.023)
Train: 92 [ 194/195 (100%)]  Loss: 2.679 (3.54)  Time: 0.509s,  502.57/s  (0.528s,  485.00/s)  LR: 1.000e-03  Data: 0.000 (0.019)
93
Train: 93 [   0/195 (  0%)]  Loss: 3.709 (3.71)  Time: 1.285s,  199.22/s  (1.285s,  199.22/s)  LR: 1.000e-03  Data: 0.778 (0.778)
Train: 93 [ 100/195 ( 52%)]  Loss: 3.898 (3.52)  Time: 0.524s,  488.86/s  (0.532s,  481.17/s)  LR: 1.000e-03  Data: 0.015 (0.023)
Train: 93 [ 194/195 (100%)]  Loss: 3.820 (3.55)  Time: 0.511s,  500.88/s  (0.528s,  484.56/s)  LR: 1.000e-03  Data: 0.000 (0.019)
94
Train: 94 [   0/195 (  0%)]  Loss: 3.179 (3.18)  Time: 1.306s,  195.94/s  (1.306s,  195.94/s)  LR: 1.000e-03  Data: 0.798 (0.798)
Train: 94 [ 100/195 ( 52%)]  Loss: 2.945 (3.59)  Time: 0.524s,  488.90/s  (0.532s,  481.48/s)  LR: 1.000e-03  Data: 0.015 (0.023)
Train: 94 [ 194/195 (100%)]  Loss: 3.720 (3.59)  Time: 0.512s,  499.65/s  (0.528s,  484.87/s)  LR: 1.000e-03  Data: 0.000 (0.019)
95
Train: 95 [   0/195 (  0%)]  Loss: 3.969 (3.97)  Time: 1.163s,  220.05/s  (1.163s,  220.05/s)  LR: 1.000e-03  Data: 0.656 (0.656)
Train: 95 [ 100/195 ( 52%)]  Loss: 3.657 (3.62)  Time: 0.523s,  489.47/s  (0.530s,  482.66/s)  LR: 1.000e-03  Data: 0.014 (0.022)
Train: 95 [ 194/195 (100%)]  Loss: 4.005 (3.63)  Time: 0.509s,  502.84/s  (0.527s,  485.62/s)  LR: 1.000e-03  Data: 0.000 (0.019)
96
Train: 96 [   0/195 (  0%)]  Loss: 3.937 (3.94)  Time: 1.168s,  219.22/s  (1.168s,  219.22/s)  LR: 1.000e-03  Data: 0.661 (0.661)
Train: 96 [ 100/195 ( 52%)]  Loss: 3.632 (3.62)  Time: 0.529s,  483.62/s  (0.531s,  481.99/s)  LR: 1.000e-03  Data: 0.021 (0.022)
Train: 96 [ 194/195 (100%)]  Loss: 3.921 (3.62)  Time: 0.510s,  501.66/s  (0.528s,  485.15/s)  LR: 1.000e-03  Data: 0.000 (0.019)
97
Train: 97 [   0/195 (  0%)]  Loss: 3.867 (3.87)  Time: 1.248s,  205.18/s  (1.248s,  205.18/s)  LR: 1.000e-03  Data: 0.738 (0.738)
Train: 97 [ 100/195 ( 52%)]  Loss: 2.745 (3.64)  Time: 0.523s,  489.04/s  (0.531s,  481.67/s)  LR: 1.000e-03  Data: 0.015 (0.022)
Train: 97 [ 194/195 (100%)]  Loss: 3.917 (3.65)  Time: 0.511s,  501.15/s  (0.528s,  484.77/s)  LR: 1.000e-03  Data: 0.000 (0.019)
98
Train: 98 [   0/195 (  0%)]  Loss: 3.824 (3.82)  Time: 1.311s,  195.32/s  (1.311s,  195.32/s)  LR: 1.000e-03  Data: 0.804 (0.804)
Train: 98 [ 100/195 ( 52%)]  Loss: 3.935 (3.62)  Time: 0.525s,  488.07/s  (0.532s,  481.33/s)  LR: 1.000e-03  Data: 0.015 (0.023)
Train: 98 [ 194/195 (100%)]  Loss: 3.875 (3.64)  Time: 0.512s,  499.66/s  (0.528s,  484.73/s)  LR: 1.000e-03  Data: 0.000 (0.019)
99
Train: 99 [   0/195 (  0%)]  Loss: 3.081 (3.08)  Time: 1.249s,  204.96/s  (1.249s,  204.96/s)  LR: 1.000e-03  Data: 0.741 (0.741)
Train: 99 [ 100/195 ( 52%)]  Loss: 3.224 (3.63)  Time: 0.522s,  489.98/s  (0.531s,  481.67/s)  LR: 1.000e-03  Data: 0.015 (0.022)
Train: 99 [ 194/195 (100%)]  Loss: 3.504 (3.65)  Time: 0.511s,  501.39/s  (0.528s,  485.13/s)  LR: 1.000e-03  Data: 0.000 (0.019)
Test: [   0/39]  Time: 1.051 (1.051)  Loss:  4.5820 (4.5820)  Acc@1:  5.0781 ( 5.0781)  Acc@5: 12.5000 (12.5000)
Test: [  39/39]  Time: 0.083 (0.234)  Loss:  4.5195 (4.5623)  Acc@1:  0.0000 ( 4.6600)  Acc@5: 18.7500 (12.6600)
Test: [Whole Val]  Time: 9.371  Loss: 4.5623  Acc@1:  4.6600 Pruned: 59.64% 
*** Pruned results: OrderedDict([('loss', 4.56233125), ('top1', 4.66), ('top5', 12.66), ('pruned', 0.5963638837064676)])
Pruned: 50.00%
Train: 100 [   0/195 (  0%)]  Loss: 4.700 (4.70)  Time: 1.228s,  208.43/s  (1.228s,  208.43/s)  LR: 1.000e-07  Data: 0.717 (0.717)
Train: 100 [ 100/195 ( 52%)]  Loss: 4.804 (4.73)  Time: 0.520s,  491.87/s  (0.527s,  485.69/s)  LR: 1.000e-07  Data: 0.016 (0.023)
Train: 100 [ 194/195 (100%)]  Loss: 4.676 (4.73)  Time: 0.506s,  506.06/s  (0.524s,  488.73/s)  LR: 1.000e-07  Data: 0.000 (0.019)
Test: [   0/39]  Time: 0.594 (0.594)  Loss:  4.5781 (4.5781)  Acc@1:  5.0781 ( 5.0781)  Acc@5: 12.8906 (12.8906)
Test: [  39/39]  Time: 0.017 (0.222)  Loss:  4.5156 (4.5576)  Acc@1:  0.0000 ( 4.7200)  Acc@5: 18.7500 (12.8500)
Test: [Whole Val]  Time: 8.878  Loss: 4.5576  Acc@1:  4.7200 Pruned: 59.64% 
Train: 101 [   0/195 (  0%)]  Loss: 4.813 (4.81)  Time: 1.265s,  202.36/s  (1.265s,  202.36/s)  LR: 1.000e-07  Data: 0.762 (0.762)
Train: 101 [ 100/195 ( 52%)]  Loss: 4.639 (4.73)  Time: 0.519s,  492.87/s  (0.528s,  485.02/s)  LR: 1.000e-07  Data: 0.015 (0.022)
Train: 101 [ 194/195 (100%)]  Loss: 4.735 (4.73)  Time: 0.505s,  507.37/s  (0.524s,  488.60/s)  LR: 1.000e-07  Data: 0.000 (0.019)
Test: [   0/39]  Time: 0.575 (0.575)  Loss:  4.5742 (4.5742)  Acc@1:  5.0781 ( 5.0781)  Acc@5: 12.8906 (12.8906)
Test: [  39/39]  Time: 0.017 (0.221)  Loss:  4.5117 (4.5532)  Acc@1:  0.0000 ( 4.7300)  Acc@5: 18.7500 (12.9700)
Test: [Whole Val]  Time: 8.842  Loss: 4.5532  Acc@1:  4.7300 Pruned: 59.64% 
Train: 102 [   0/195 (  0%)]  Loss: 4.622 (4.62)  Time: 1.189s,  215.24/s  (1.189s,  215.24/s)  LR: 1.000e-07  Data: 0.686 (0.686)
Train: 102 [ 100/195 ( 52%)]  Loss: 4.621 (4.72)  Time: 0.519s,  493.14/s  (0.528s,  485.06/s)  LR: 1.000e-07  Data: 0.015 (0.022)
Train: 102 [ 194/195 (100%)]  Loss: 4.718 (4.72)  Time: 0.508s,  503.88/s  (0.524s,  488.33/s)  LR: 1.000e-07  Data: 0.000 (0.019)
Test: [   0/39]  Time: 0.611 (0.611)  Loss:  4.5703 (4.5703)  Acc@1:  5.0781 ( 5.0781)  Acc@5: 12.8906 (12.8906)
Test: [  39/39]  Time: 0.017 (0.223)  Loss:  4.5039 (4.5491)  Acc@1:  0.0000 ( 4.7700)  Acc@5: 18.7500 (13.1300)
Test: [Whole Val]  Time: 8.905  Loss: 4.5491  Acc@1:  4.7700 Pruned: 59.64% 
Train: 103 [   0/195 (  0%)]  Loss: 4.759 (4.76)  Time: 1.185s,  216.02/s  (1.185s,  216.02/s)  LR: 1.000e-07  Data: 0.681 (0.681)
Train: 103 [ 100/195 ( 52%)]  Loss: 4.699 (4.72)  Time: 0.518s,  493.77/s  (0.527s,  486.02/s)  LR: 1.000e-07  Data: 0.014 (0.022)
Train: 103 [ 194/195 (100%)]  Loss: 4.677 (4.72)  Time: 0.505s,  507.14/s  (0.523s,  489.14/s)  LR: 1.000e-07  Data: 0.000 (0.018)
Test: [   0/39]  Time: 0.590 (0.590)  Loss:  4.5664 (4.5664)  Acc@1:  5.0781 ( 5.0781)  Acc@5: 12.8906 (12.8906)
Test: [  39/39]  Time: 0.017 (0.220)  Loss:  4.5000 (4.5451)  Acc@1:  0.0000 ( 4.7900)  Acc@5: 18.7500 (13.2100)
Test: [Whole Val]  Time: 8.812  Loss: 4.5451  Acc@1:  4.7900 Pruned: 59.64% 
Train: 104 [   0/195 (  0%)]  Loss: 4.706 (4.71)  Time: 1.291s,  198.29/s  (1.291s,  198.29/s)  LR: 1.000e-07  Data: 0.790 (0.790)
Train: 104 [ 100/195 ( 52%)]  Loss: 4.672 (4.72)  Time: 0.518s,  494.59/s  (0.527s,  485.31/s)  LR: 1.000e-07  Data: 0.014 (0.023)
Train: 104 [ 194/195 (100%)]  Loss: 4.758 (4.72)  Time: 0.505s,  506.76/s  (0.523s,  489.07/s)  LR: 1.000e-07  Data: 0.000 (0.019)
Test: [   0/39]  Time: 0.590 (0.590)  Loss:  4.5586 (4.5586)  Acc@1:  5.4688 ( 5.4688)  Acc@5: 12.8906 (12.8906)
Test: [  39/39]  Time: 0.017 (0.221)  Loss:  4.4961 (4.5411)  Acc@1:  0.0000 ( 4.8200)  Acc@5: 18.7500 (13.3500)
Test: [Whole Val]  Time: 8.831  Loss: 4.5411  Acc@1:  4.8200 Pruned: 59.63% 
Train: 105 [   0/195 (  0%)]  Loss: 4.618 (4.62)  Time: 1.211s,  211.47/s  (1.211s,  211.47/s)  LR: 1.000e-07  Data: 0.708 (0.708)
Train: 105 [ 100/195 ( 52%)]  Loss: 4.681 (4.71)  Time: 0.522s,  490.64/s  (0.527s,  486.18/s)  LR: 1.000e-07  Data: 0.017 (0.022)
Train: 105 [ 194/195 (100%)]  Loss: 4.786 (4.71)  Time: 0.504s,  507.58/s  (0.523s,  489.60/s)  LR: 1.000e-07  Data: 0.000 (0.019)
Test: [   0/39]  Time: 0.589 (0.589)  Loss:  4.5586 (4.5586)  Acc@1:  5.4688 ( 5.4688)  Acc@5: 12.8906 (12.8906)
Test: [  39/39]  Time: 0.017 (0.221)  Loss:  4.4883 (4.5369)  Acc@1:  0.0000 ( 4.8000)  Acc@5: 18.7500 (13.5000)
Test: [Whole Val]  Time: 8.832  Loss: 4.5369  Acc@1:  4.8000 Pruned: 59.63% 
Train: 106 [   0/195 (  0%)]  Loss: 4.663 (4.66)  Time: 1.162s,  220.25/s  (1.162s,  220.25/s)  LR: 1.000e-07  Data: 0.659 (0.659)
Train: 106 [ 100/195 ( 52%)]  Loss: 4.702 (4.71)  Time: 0.516s,  495.95/s  (0.526s,  486.59/s)  LR: 1.000e-07  Data: 0.014 (0.022)
Train: 106 [ 194/195 (100%)]  Loss: 4.679 (4.71)  Time: 0.505s,  506.96/s  (0.523s,  489.43/s)  LR: 1.000e-07  Data: 0.000 (0.019)
Test: [   0/39]  Time: 0.636 (0.636)  Loss:  4.5508 (4.5508)  Acc@1:  5.4688 ( 5.4688)  Acc@5: 12.8906 (12.8906)
Test: [  39/39]  Time: 0.017 (0.222)  Loss:  4.4844 (4.5331)  Acc@1:  0.0000 ( 4.8300)  Acc@5: 18.7500 (13.7000)
Test: [Whole Val]  Time: 8.868  Loss: 4.5331  Acc@1:  4.8300 Pruned: 59.63% 
Train: 107 [   0/195 (  0%)]  Loss: 4.752 (4.75)  Time: 1.169s,  218.91/s  (1.169s,  218.91/s)  LR: 1.000e-07  Data: 0.667 (0.667)
Train: 107 [ 100/195 ( 52%)]  Loss: 4.655 (4.71)  Time: 0.518s,  493.86/s  (0.526s,  486.28/s)  LR: 1.000e-07  Data: 0.014 (0.022)
Train: 107 [ 194/195 (100%)]  Loss: 4.692 (4.71)  Time: 0.506s,  505.85/s  (0.523s,  489.41/s)  LR: 1.000e-07  Data: 0.000 (0.019)
Test: [   0/39]  Time: 0.603 (0.603)  Loss:  4.5508 (4.5508)  Acc@1:  5.8594 ( 5.8594)  Acc@5: 12.8906 (12.8906)
Test: [  39/39]  Time: 0.017 (0.221)  Loss:  4.4805 (4.5296)  Acc@1:  0.0000 ( 4.8800)  Acc@5: 18.7500 (13.8500)
Test: [Whole Val]  Time: 8.845  Loss: 4.5296  Acc@1:  4.8800 Pruned: 59.63% 
Train: 108 [   0/195 (  0%)]  Loss: 4.740 (4.74)  Time: 1.184s,  216.13/s  (1.184s,  216.13/s)  LR: 1.000e-07  Data: 0.682 (0.682)
Train: 108 [ 100/195 ( 52%)]  Loss: 4.696 (4.70)  Time: 0.519s,  493.42/s  (0.526s,  486.49/s)  LR: 1.000e-07  Data: 0.015 (0.022)
Train: 108 [ 194/195 (100%)]  Loss: 4.716 (4.70)  Time: 0.505s,  506.76/s  (0.523s,  489.58/s)  LR: 1.000e-07  Data: 0.000 (0.019)
Test: [   0/39]  Time: 0.628 (0.628)  Loss:  4.5430 (4.5430)  Acc@1:  6.2500 ( 6.2500)  Acc@5: 12.8906 (12.8906)
Test: [  39/39]  Time: 0.017 (0.221)  Loss:  4.4727 (4.5256)  Acc@1:  0.0000 ( 4.9400)  Acc@5: 18.7500 (13.9800)
Test: [Whole Val]  Time: 8.843  Loss: 4.5256  Acc@1:  4.9400 Pruned: 59.63% 
Train: 109 [   0/195 (  0%)]  Loss: 4.677 (4.68)  Time: 1.193s,  214.63/s  (1.193s,  214.63/s)  LR: 1.000e-07  Data: 0.691 (0.691)
Train: 109 [ 100/195 ( 52%)]  Loss: 4.762 (4.70)  Time: 0.520s,  491.99/s  (0.526s,  486.47/s)  LR: 1.000e-07  Data: 0.016 (0.022)
Train: 109 [ 194/195 (100%)]  Loss: 4.714 (4.70)  Time: 0.506s,  506.05/s  (0.523s,  489.31/s)  LR: 1.000e-07  Data: 0.000 (0.019)
Test: [   0/39]  Time: 0.600 (0.600)  Loss:  4.5430 (4.5430)  Acc@1:  6.2500 ( 6.2500)  Acc@5: 12.8906 (12.8906)
Test: [  39/39]  Time: 0.017 (0.221)  Loss:  4.4688 (4.5220)  Acc@1:  0.0000 ( 4.9700)  Acc@5: 18.7500 (14.1100)
Test: [Whole Val]  Time: 8.835  Loss: 4.5220  Acc@1:  4.9700 Pruned: 59.63% 
Train: 110 [   0/195 (  0%)]  Loss: 4.720 (4.72)  Time: 1.312s,  195.14/s  (1.312s,  195.14/s)  LR: 1.000e-07  Data: 0.808 (0.808)
Train: 110 [ 100/195 ( 52%)]  Loss: 4.684 (4.69)  Time: 0.521s,  491.41/s  (0.527s,  485.72/s)  LR: 1.000e-07  Data: 0.015 (0.023)
Train: 110 [ 194/195 (100%)]  Loss: 4.650 (4.69)  Time: 0.506s,  506.18/s  (0.523s,  489.04/s)  LR: 1.000e-07  Data: 0.000 (0.019)
Test: [   0/39]  Time: 0.581 (0.581)  Loss:  4.5352 (4.5352)  Acc@1:  6.2500 ( 6.2500)  Acc@5: 12.8906 (12.8906)
Test: [  39/39]  Time: 0.017 (0.221)  Loss:  4.4648 (4.5180)  Acc@1:  0.0000 ( 4.9500)  Acc@5: 18.7500 (14.1800)
Test: [Whole Val]  Time: 8.840  Loss: 4.5180  Acc@1:  4.9500 Pruned: 59.63% 
*** Best metric: OrderedDict([('loss', 4.51804375), ('top1', 4.95), ('top5', 14.18), ('pruned', 0.5963444496268657)]) (epoch 110)
