/home/xmu/anaconda3/envs/ssfn/lib/python3.10/site-packages/torch/distributed/launch.py:180: FutureWarning: The module torch.distributed.launch is deprecated
and will be removed in future. Use torchrun.
Note that --use_env is set by default in torchrun.
If your script expects `--local_rank` argument to be set, please
change it to read from `os.environ['LOCAL_RANK']` instead. See 
https://pytorch.org/docs/stable/distributed.html#launch-utility for 
further instructions

  warnings.warn(
Training with a single process on 1 GPUs.
Data processing configuration for current model + dataset:
	input_size: (3, 224, 224)
	interpolation: bicubic
	mean: (0.5, 0.5, 0.5)
	std: (0.5, 0.5, 0.5)
	crop_pct: 0.9
/home/xmu/anaconda3/envs/ssfn/lib/python3.10/site-packages/torch_pruning/dependency.py:360: UserWarning: Unwrapped parameters detected: ['blocks.3.mlp.ssf_shift_2', 'blocks.6.ssf_shift_2', 'blocks.8.attn.ssf_shift_1', 'blocks.10.ssf_shift_2', 'blocks.1.mlp.ssf_scale_1', 'blocks.4.attn.ssf_scale_2', 'blocks.5.mlp.ssf_scale_1', 'blocks.8.ssf_scale_1', 'patch_embed.ssf_scale_1', 'blocks.0.ssf_shift_1', 'blocks.4.ssf_shift_1', 'blocks.6.mlp.ssf_shift_1', 'blocks.9.attn.ssf_shift_2', 'blocks.10.mlp.ssf_shift_1', 'blocks.2.mlp.ssf_scale_2', 'blocks.7.attn.ssf_scale_1', 'blocks.9.ssf_scale_2', 'blocks.11.attn.ssf_scale_1', 'blocks.5.ssf_shift_2', 'blocks.1.ssf_shift_2', 'blocks.3.attn.ssf_shift_1', 'blocks.7.mlp.ssf_shift_2', 'blocks.11.mlp.ssf_shift_2', 'blocks.3.ssf_scale_1', 'blocks.8.attn.ssf_scale_2', 'blocks.9.mlp.ssf_scale_1', 'blocks.5.mlp.ssf_shift_1', 'blocks.1.mlp.ssf_shift_1', 'blocks.4.attn.ssf_shift_2', 'blocks.8.ssf_shift_1', 'patch_embed.ssf_shift_1', 'blocks.0.ssf_scale_2', 'blocks.2.attn.ssf_scale_1', 'blocks.4.ssf_scale_2', 'blocks.6.attn.ssf_scale_1', 'blocks.6.mlp.ssf_scale_2', 'blocks.10.mlp.ssf_scale_2', 'blocks.2.mlp.ssf_shift_2', 'blocks.7.attn.ssf_shift_1', 'blocks.9.ssf_shift_2', 'blocks.11.attn.ssf_shift_1', 'blocks.0.mlp.ssf_scale_1', 'blocks.3.attn.ssf_scale_2', 'blocks.4.mlp.ssf_scale_1', 'blocks.7.ssf_scale_1', 'blocks.11.ssf_scale_1', 'blocks.0.attn.ssf_scale_1', 'blocks.3.ssf_shift_1', 'blocks.8.attn.ssf_shift_2', 'blocks.9.mlp.ssf_shift_1', 'blocks.1.mlp.ssf_scale_2', 'blocks.5.mlp.ssf_scale_2', 'blocks.8.ssf_scale_2', 'blocks.10.attn.ssf_scale_1', 'blocks.0.ssf_shift_2', 'blocks.2.attn.ssf_shift_1', 'blocks.4.ssf_shift_2', 'blocks.6.attn.ssf_shift_1', 'blocks.6.mlp.ssf_shift_2', 'blocks.10.mlp.ssf_shift_2', 'blocks.2.ssf_scale_1', 'blocks.7.attn.ssf_scale_2', 'blocks.8.mlp.ssf_scale_1', 'blocks.11.attn.ssf_scale_2', 'blocks.4.mlp.ssf_shift_1', 'blocks.0.mlp.ssf_shift_1', 'blocks.3.attn.ssf_shift_2', 'blocks.7.ssf_shift_1', 'blocks.11.ssf_shift_1', 'blocks.5.attn.ssf_scale_1', 'blocks.0.attn.ssf_shift_1', 'blocks.1.attn.ssf_scale_1', 'blocks.3.ssf_scale_2', 'blocks.9.mlp.ssf_scale_2', 'blocks.1.mlp.ssf_shift_2', 'blocks.5.mlp.ssf_shift_2', 'blocks.8.ssf_shift_2', 'blocks.10.attn.ssf_shift_1', 'ssf_scale_1', 'blocks.2.attn.ssf_scale_2', 'blocks.3.mlp.ssf_scale_1', 'blocks.6.ssf_scale_1', 'blocks.6.attn.ssf_scale_2', 'blocks.10.ssf_scale_1', 'blocks.2.ssf_shift_1', 'blocks.7.attn.ssf_shift_2', 'blocks.8.mlp.ssf_shift_1', 'blocks.11.attn.ssf_shift_2', 'blocks.0.mlp.ssf_scale_2', 'blocks.4.mlp.ssf_scale_2', 'blocks.7.ssf_scale_2', 'blocks.9.attn.ssf_scale_1', 'blocks.11.ssf_scale_2', 'blocks.0.attn.ssf_scale_2', 'blocks.1.attn.ssf_shift_1', 'blocks.3.ssf_shift_2', 'blocks.5.attn.ssf_shift_1', 'blocks.9.mlp.ssf_shift_2', 'blocks.1.ssf_scale_1', 'blocks.5.ssf_scale_1', 'blocks.7.mlp.ssf_scale_1', 'blocks.10.attn.ssf_scale_2', 'blocks.11.mlp.ssf_scale_1', 'ssf_shift_1', 'blocks.2.attn.ssf_shift_2', 'blocks.3.mlp.ssf_shift_1', 'blocks.6.ssf_shift_1', 'blocks.6.attn.ssf_shift_2', 'blocks.10.ssf_shift_1', 'blocks.4.attn.ssf_scale_1', 'blocks.2.ssf_scale_2', 'blocks.8.mlp.ssf_scale_2', 'blocks.0.mlp.ssf_shift_2', 'blocks.4.mlp.ssf_shift_2', 'blocks.7.ssf_shift_2', 'blocks.9.attn.ssf_shift_1', 'blocks.11.ssf_shift_2', 'blocks.5.attn.ssf_scale_2', 'blocks.0.attn.ssf_shift_2', 'blocks.1.attn.ssf_scale_2', 'blocks.2.mlp.ssf_scale_1', 'blocks.9.ssf_scale_1', 'blocks.1.ssf_shift_1', 'blocks.5.ssf_shift_1', 'blocks.7.mlp.ssf_shift_1', 'blocks.10.attn.ssf_shift_2', 'blocks.11.mlp.ssf_shift_1', 'blocks.3.mlp.ssf_scale_2', 'blocks.6.ssf_scale_2', 'blocks.8.attn.ssf_scale_1', 'blocks.10.ssf_scale_2', 'blocks.4.attn.ssf_shift_1', 'blocks.2.ssf_shift_2', 'blocks.8.mlp.ssf_shift_2', 'blocks.0.ssf_scale_1', 'blocks.4.ssf_scale_1', 'blocks.6.mlp.ssf_scale_1', 'blocks.9.attn.ssf_scale_2', 'blocks.10.mlp.ssf_scale_1', 'blocks.5.attn.ssf_shift_2', 'blocks.1.attn.ssf_shift_2', 'blocks.2.mlp.ssf_shift_1', 'blocks.9.ssf_shift_1', 'blocks.1.ssf_scale_2', 'blocks.3.attn.ssf_scale_1', 'blocks.5.ssf_scale_2', 'blocks.7.mlp.ssf_scale_2', 'blocks.11.mlp.ssf_scale_2'].
 Torch-Pruning will prune the last non-singleton dimension of a parameter. If you wish to customize this behavior, please provide an unwrapped_parameters argument.
  warnings.warn("Unwrapped parameters detected: {}.\n Torch-Pruning will prune the last non-singleton dimension of a parameter. If you wish to customize this behavior, please provide an unwrapped_parameters argument.".format([_param_to_name[p] for p in unwrapped_detected]))
Params: 86.0814 M
ops: 16.8553 G
ssf_scale_1
ssf_shift_1
patch_embed.ssf_scale_1
patch_embed.ssf_shift_1
blocks.0.ssf_scale_1
blocks.0.ssf_shift_1
blocks.0.ssf_scale_2
blocks.0.ssf_shift_2
blocks.0.attn.ssf_scale_1
blocks.0.attn.ssf_shift_1
blocks.0.attn.ssf_scale_2
blocks.0.attn.ssf_shift_2
blocks.0.mlp.ssf_scale_1
blocks.0.mlp.ssf_shift_1
blocks.0.mlp.ssf_scale_2
blocks.0.mlp.ssf_shift_2
blocks.1.ssf_scale_1
blocks.1.ssf_shift_1
blocks.1.ssf_scale_2
blocks.1.ssf_shift_2
blocks.1.attn.ssf_scale_1
blocks.1.attn.ssf_shift_1
blocks.1.attn.ssf_scale_2
blocks.1.attn.ssf_shift_2
blocks.1.mlp.ssf_scale_1
blocks.1.mlp.ssf_shift_1
blocks.1.mlp.ssf_scale_2
blocks.1.mlp.ssf_shift_2
blocks.2.ssf_scale_1
blocks.2.ssf_shift_1
blocks.2.ssf_scale_2
blocks.2.ssf_shift_2
blocks.2.attn.ssf_scale_1
blocks.2.attn.ssf_shift_1
blocks.2.attn.ssf_scale_2
blocks.2.attn.ssf_shift_2
blocks.2.mlp.ssf_scale_1
blocks.2.mlp.ssf_shift_1
blocks.2.mlp.ssf_scale_2
blocks.2.mlp.ssf_shift_2
blocks.3.ssf_scale_1
blocks.3.ssf_shift_1
blocks.3.ssf_scale_2
blocks.3.ssf_shift_2
blocks.3.attn.ssf_scale_1
blocks.3.attn.ssf_shift_1
blocks.3.attn.ssf_scale_2
blocks.3.attn.ssf_shift_2
blocks.3.mlp.ssf_scale_1
blocks.3.mlp.ssf_shift_1
blocks.3.mlp.ssf_scale_2
blocks.3.mlp.ssf_shift_2
blocks.4.ssf_scale_1
blocks.4.ssf_shift_1
blocks.4.ssf_scale_2
blocks.4.ssf_shift_2
blocks.4.attn.ssf_scale_1
blocks.4.attn.ssf_shift_1
blocks.4.attn.ssf_scale_2
blocks.4.attn.ssf_shift_2
blocks.4.mlp.ssf_scale_1
blocks.4.mlp.ssf_shift_1
blocks.4.mlp.ssf_scale_2
blocks.4.mlp.ssf_shift_2
blocks.5.ssf_scale_1
blocks.5.ssf_shift_1
blocks.5.ssf_scale_2
blocks.5.ssf_shift_2
blocks.5.attn.ssf_scale_1
blocks.5.attn.ssf_shift_1
blocks.5.attn.ssf_scale_2
blocks.5.attn.ssf_shift_2
blocks.5.mlp.ssf_scale_1
blocks.5.mlp.ssf_shift_1
blocks.5.mlp.ssf_scale_2
blocks.5.mlp.ssf_shift_2
blocks.6.ssf_scale_1
blocks.6.ssf_shift_1
blocks.6.ssf_scale_2
blocks.6.ssf_shift_2
blocks.6.attn.ssf_scale_1
blocks.6.attn.ssf_shift_1
blocks.6.attn.ssf_scale_2
blocks.6.attn.ssf_shift_2
blocks.6.mlp.ssf_scale_1
blocks.6.mlp.ssf_shift_1
blocks.6.mlp.ssf_scale_2
blocks.6.mlp.ssf_shift_2
blocks.7.ssf_scale_1
blocks.7.ssf_shift_1
blocks.7.ssf_scale_2
blocks.7.ssf_shift_2
blocks.7.attn.ssf_scale_1
blocks.7.attn.ssf_shift_1
blocks.7.attn.ssf_scale_2
blocks.7.attn.ssf_shift_2
blocks.7.mlp.ssf_scale_1
blocks.7.mlp.ssf_shift_1
blocks.7.mlp.ssf_scale_2
blocks.7.mlp.ssf_shift_2
blocks.8.ssf_scale_1
blocks.8.ssf_shift_1
blocks.8.ssf_scale_2
blocks.8.ssf_shift_2
blocks.8.attn.ssf_scale_1
blocks.8.attn.ssf_shift_1
blocks.8.attn.ssf_scale_2
blocks.8.attn.ssf_shift_2
blocks.8.mlp.ssf_scale_1
blocks.8.mlp.ssf_shift_1
blocks.8.mlp.ssf_scale_2
blocks.8.mlp.ssf_shift_2
blocks.9.ssf_scale_1
blocks.9.ssf_shift_1
blocks.9.ssf_scale_2
blocks.9.ssf_shift_2
blocks.9.attn.ssf_scale_1
blocks.9.attn.ssf_shift_1
blocks.9.attn.ssf_scale_2
blocks.9.attn.ssf_shift_2
blocks.9.mlp.ssf_scale_1
blocks.9.mlp.ssf_shift_1
blocks.9.mlp.ssf_scale_2
blocks.9.mlp.ssf_shift_2
blocks.10.ssf_scale_1
blocks.10.ssf_shift_1
blocks.10.ssf_scale_2
blocks.10.ssf_shift_2
blocks.10.attn.ssf_scale_1
blocks.10.attn.ssf_shift_1
blocks.10.attn.ssf_scale_2
blocks.10.attn.ssf_shift_2
blocks.10.mlp.ssf_scale_1
blocks.10.mlp.ssf_shift_1
blocks.10.mlp.ssf_scale_2
blocks.10.mlp.ssf_shift_2
blocks.11.ssf_scale_1
blocks.11.ssf_shift_1
blocks.11.ssf_scale_2
blocks.11.ssf_shift_2
blocks.11.attn.ssf_scale_1
blocks.11.attn.ssf_shift_1
blocks.11.attn.ssf_scale_2
blocks.11.attn.ssf_shift_2
blocks.11.mlp.ssf_scale_1
blocks.11.mlp.ssf_shift_1
blocks.11.mlp.ssf_scale_2
blocks.11.mlp.ssf_shift_2
head.weight
head.bias
freezing parameters finished!
Model vit_base_patch16_224_in21k created, param count:86081380
number of params for requires grad: 282724
Using native Torch AMP. Training in mixed precision.
Scheduled epochs: 11
0
Train: 0 [   0/195 (  0%)]  Loss: 5.640 (5.64)  Time: 6.634s,   38.59/s  (6.634s,   38.59/s)  LR: 1.000e-03  Data: 0.970 (0.970)
Train: 0 [ 100/195 ( 52%)]  Loss: 3.039 (3.69)  Time: 0.510s,  501.91/s  (0.569s,  449.53/s)  LR: 1.000e-03  Data: 0.015 (0.026)
Train: 0 [ 194/195 (100%)]  Loss: 2.574 (3.30)  Time: 0.500s,  511.60/s  (0.542s,  472.34/s)  LR: 1.000e-03  Data: 0.000 (0.021)
1
Train: 1 [   0/195 (  0%)]  Loss: 2.162 (2.16)  Time: 1.260s,  203.15/s  (1.260s,  203.15/s)  LR: 1.000e-03  Data: 0.762 (0.762)
Train: 1 [ 100/195 ( 52%)]  Loss: 2.995 (2.80)  Time: 0.516s,  495.83/s  (0.523s,  489.67/s)  LR: 1.000e-03  Data: 0.015 (0.023)
Train: 1 [ 194/195 (100%)]  Loss: 2.658 (2.79)  Time: 0.503s,  509.18/s  (0.520s,  492.05/s)  LR: 1.000e-03  Data: 0.000 (0.019)
2
Train: 2 [   0/195 (  0%)]  Loss: 2.275 (2.27)  Time: 1.205s,  212.48/s  (1.205s,  212.48/s)  LR: 1.000e-03  Data: 0.706 (0.706)
Train: 2 [ 100/195 ( 52%)]  Loss: 2.772 (2.61)  Time: 0.518s,  493.92/s  (0.526s,  486.60/s)  LR: 1.000e-03  Data: 0.015 (0.023)
Train: 2 [ 194/195 (100%)]  Loss: 2.453 (2.67)  Time: 0.505s,  506.71/s  (0.523s,  489.55/s)  LR: 1.000e-03  Data: 0.000 (0.019)
3
Train: 3 [   0/195 (  0%)]  Loss: 3.080 (3.08)  Time: 1.199s,  213.56/s  (1.199s,  213.56/s)  LR: 1.000e-03  Data: 0.696 (0.696)
Train: 3 [ 100/195 ( 52%)]  Loss: 2.982 (2.78)  Time: 0.520s,  492.77/s  (0.528s,  485.17/s)  LR: 1.000e-03  Data: 0.015 (0.023)
Train: 3 [ 194/195 (100%)]  Loss: 2.941 (2.77)  Time: 0.507s,  505.02/s  (0.524s,  488.26/s)  LR: 1.000e-03  Data: 0.000 (0.019)
4
Train: 4 [   0/195 (  0%)]  Loss: 3.016 (3.02)  Time: 1.197s,  213.80/s  (1.197s,  213.80/s)  LR: 1.000e-03  Data: 0.695 (0.695)
Train: 4 [ 100/195 ( 52%)]  Loss: 3.028 (2.69)  Time: 0.522s,  490.37/s  (0.528s,  485.00/s)  LR: 1.000e-03  Data: 0.016 (0.023)
Train: 4 [ 194/195 (100%)]  Loss: 3.114 (2.70)  Time: 0.506s,  505.88/s  (0.524s,  488.29/s)  LR: 1.000e-03  Data: 0.000 (0.019)
5
Train: 5 [   0/195 (  0%)]  Loss: 2.124 (2.12)  Time: 1.180s,  217.01/s  (1.180s,  217.01/s)  LR: 1.000e-03  Data: 0.675 (0.675)
Train: 5 [ 100/195 ( 52%)]  Loss: 2.107 (2.62)  Time: 0.520s,  492.52/s  (0.527s,  485.36/s)  LR: 1.000e-03  Data: 0.016 (0.022)
Train: 5 [ 194/195 (100%)]  Loss: 3.209 (2.65)  Time: 0.507s,  504.79/s  (0.524s,  488.25/s)  LR: 1.000e-03  Data: 0.000 (0.019)
6
Train: 6 [   0/195 (  0%)]  Loss: 2.161 (2.16)  Time: 1.149s,  222.75/s  (1.149s,  222.75/s)  LR: 1.000e-03  Data: 0.645 (0.645)
Train: 6 [ 100/195 ( 52%)]  Loss: 2.190 (2.71)  Time: 0.520s,  492.60/s  (0.527s,  485.53/s)  LR: 1.000e-03  Data: 0.014 (0.022)
Train: 6 [ 194/195 (100%)]  Loss: 3.208 (2.67)  Time: 0.508s,  504.24/s  (0.524s,  488.33/s)  LR: 1.000e-03  Data: 0.000 (0.019)
7
Train: 7 [   0/195 (  0%)]  Loss: 2.239 (2.24)  Time: 1.310s,  195.47/s  (1.310s,  195.47/s)  LR: 1.000e-03  Data: 0.801 (0.801)
Train: 7 [ 100/195 ( 52%)]  Loss: 3.029 (2.77)  Time: 0.520s,  492.75/s  (0.529s,  484.18/s)  LR: 1.000e-03  Data: 0.015 (0.024)
Train: 7 [ 194/195 (100%)]  Loss: 2.789 (2.73)  Time: 0.506s,  506.06/s  (0.525s,  487.53/s)  LR: 1.000e-03  Data: 0.000 (0.020)
8
Train: 8 [   0/195 (  0%)]  Loss: 2.070 (2.07)  Time: 1.333s,  191.98/s  (1.333s,  191.98/s)  LR: 1.000e-03  Data: 0.831 (0.831)
Train: 8 [ 100/195 ( 52%)]  Loss: 2.390 (2.69)  Time: 0.520s,  491.96/s  (0.529s,  483.66/s)  LR: 1.000e-03  Data: 0.015 (0.024)
Train: 8 [ 194/195 (100%)]  Loss: 2.594 (2.71)  Time: 0.506s,  505.61/s  (0.525s,  487.41/s)  LR: 1.000e-03  Data: 0.000 (0.020)
9
Train: 9 [   0/195 (  0%)]  Loss: 3.289 (3.29)  Time: 1.217s,  210.42/s  (1.217s,  210.42/s)  LR: 1.000e-03  Data: 0.713 (0.713)
Train: 9 [ 100/195 ( 52%)]  Loss: 3.320 (2.75)  Time: 0.520s,  492.60/s  (0.528s,  484.68/s)  LR: 1.000e-03  Data: 0.015 (0.023)
Train: 9 [ 194/195 (100%)]  Loss: 3.225 (2.81)  Time: 0.508s,  504.29/s  (0.525s,  487.62/s)  LR: 1.000e-03  Data: 0.000 (0.020)
10
Train: 10 [   0/195 (  0%)]  Loss: 1.868 (1.87)  Time: 1.196s,  214.05/s  (1.196s,  214.05/s)  LR: 1.000e-03  Data: 0.690 (0.690)
Train: 10 [ 100/195 ( 52%)]  Loss: 2.317 (2.76)  Time: 0.524s,  488.82/s  (0.527s,  485.49/s)  LR: 1.000e-03  Data: 0.015 (0.022)
Train: 10 [ 194/195 (100%)]  Loss: 2.531 (2.81)  Time: 0.506s,  505.84/s  (0.524s,  488.09/s)  LR: 1.000e-03  Data: 0.000 (0.019)
11
Train: 11 [   0/195 (  0%)]  Loss: 3.214 (3.21)  Time: 1.227s,  208.67/s  (1.227s,  208.67/s)  LR: 1.000e-03  Data: 0.723 (0.723)
Train: 11 [ 100/195 ( 52%)]  Loss: 2.560 (2.82)  Time: 0.520s,  492.01/s  (0.528s,  484.54/s)  LR: 1.000e-03  Data: 0.016 (0.023)
Train: 11 [ 194/195 (100%)]  Loss: 3.258 (2.84)  Time: 0.506s,  506.20/s  (0.525s,  487.61/s)  LR: 1.000e-03  Data: 0.000 (0.020)
12
Train: 12 [   0/195 (  0%)]  Loss: 3.434 (3.43)  Time: 1.206s,  212.34/s  (1.206s,  212.34/s)  LR: 1.000e-03  Data: 0.702 (0.702)
Train: 12 [ 100/195 ( 52%)]  Loss: 1.918 (2.79)  Time: 0.521s,  491.18/s  (0.527s,  485.72/s)  LR: 1.000e-03  Data: 0.016 (0.022)
Train: 12 [ 194/195 (100%)]  Loss: 3.131 (2.80)  Time: 0.506s,  505.88/s  (0.524s,  488.75/s)  LR: 1.000e-03  Data: 0.000 (0.019)
13
Train: 13 [   0/195 (  0%)]  Loss: 2.280 (2.28)  Time: 1.242s,  206.15/s  (1.242s,  206.15/s)  LR: 1.000e-03  Data: 0.737 (0.737)
Train: 13 [ 100/195 ( 52%)]  Loss: 2.264 (2.83)  Time: 0.521s,  491.31/s  (0.528s,  484.80/s)  LR: 1.000e-03  Data: 0.016 (0.023)
Train: 13 [ 194/195 (100%)]  Loss: 3.312 (2.89)  Time: 0.507s,  505.26/s  (0.525s,  488.00/s)  LR: 1.000e-03  Data: 0.000 (0.019)
14
Train: 14 [   0/195 (  0%)]  Loss: 2.704 (2.70)  Time: 1.215s,  210.64/s  (1.215s,  210.64/s)  LR: 1.000e-03  Data: 0.710 (0.710)
Train: 14 [ 100/195 ( 52%)]  Loss: 3.274 (2.84)  Time: 0.519s,  493.05/s  (0.527s,  485.42/s)  LR: 1.000e-03  Data: 0.015 (0.023)
Train: 14 [ 194/195 (100%)]  Loss: 2.444 (2.86)  Time: 0.506s,  506.06/s  (0.524s,  488.23/s)  LR: 1.000e-03  Data: 0.000 (0.019)
15
Train: 15 [   0/195 (  0%)]  Loss: 2.477 (2.48)  Time: 1.245s,  205.65/s  (1.245s,  205.65/s)  LR: 1.000e-03  Data: 0.736 (0.736)
Train: 15 [ 100/195 ( 52%)]  Loss: 3.009 (2.81)  Time: 0.521s,  491.32/s  (0.528s,  485.11/s)  LR: 1.000e-03  Data: 0.015 (0.023)
Train: 15 [ 194/195 (100%)]  Loss: 3.097 (2.83)  Time: 0.506s,  506.38/s  (0.524s,  488.42/s)  LR: 1.000e-03  Data: 0.000 (0.019)
16
Train: 16 [   0/195 (  0%)]  Loss: 3.472 (3.47)  Time: 1.233s,  207.66/s  (1.233s,  207.66/s)  LR: 1.000e-03  Data: 0.730 (0.730)
Train: 16 [ 100/195 ( 52%)]  Loss: 2.295 (2.89)  Time: 0.523s,  489.81/s  (0.527s,  485.59/s)  LR: 1.000e-03  Data: 0.018 (0.022)
Train: 16 [ 194/195 (100%)]  Loss: 3.093 (2.90)  Time: 0.505s,  507.02/s  (0.523s,  489.38/s)  LR: 1.000e-03  Data: 0.000 (0.019)
17
Train: 17 [   0/195 (  0%)]  Loss: 3.232 (3.23)  Time: 1.226s,  208.75/s  (1.226s,  208.75/s)  LR: 1.000e-03  Data: 0.723 (0.723)
Train: 17 [ 100/195 ( 52%)]  Loss: 2.314 (2.91)  Time: 0.519s,  493.35/s  (0.526s,  486.32/s)  LR: 1.000e-03  Data: 0.016 (0.022)
Train: 17 [ 194/195 (100%)]  Loss: 3.130 (2.90)  Time: 0.505s,  506.56/s  (0.523s,  489.59/s)  LR: 1.000e-03  Data: 0.000 (0.019)
18
Train: 18 [   0/195 (  0%)]  Loss: 3.201 (3.20)  Time: 1.175s,  217.79/s  (1.175s,  217.79/s)  LR: 1.000e-03  Data: 0.672 (0.672)
Train: 18 [ 100/195 ( 52%)]  Loss: 2.598 (2.95)  Time: 0.519s,  493.36/s  (0.527s,  485.69/s)  LR: 1.000e-03  Data: 0.015 (0.022)
Train: 18 [ 194/195 (100%)]  Loss: 2.587 (2.91)  Time: 0.507s,  504.51/s  (0.524s,  488.45/s)  LR: 1.000e-03  Data: 0.000 (0.019)
19
Train: 19 [   0/195 (  0%)]  Loss: 1.978 (1.98)  Time: 1.252s,  204.54/s  (1.252s,  204.54/s)  LR: 1.000e-03  Data: 0.744 (0.744)
Train: 19 [ 100/195 ( 52%)]  Loss: 2.693 (2.93)  Time: 0.524s,  488.14/s  (0.527s,  485.37/s)  LR: 1.000e-03  Data: 0.019 (0.022)
Train: 19 [ 194/195 (100%)]  Loss: 3.109 (2.90)  Time: 0.506s,  505.78/s  (0.524s,  488.49/s)  LR: 1.000e-03  Data: 0.000 (0.019)
20
Train: 20 [   0/195 (  0%)]  Loss: 3.218 (3.22)  Time: 1.225s,  208.96/s  (1.225s,  208.96/s)  LR: 1.000e-03  Data: 0.720 (0.720)
Train: 20 [ 100/195 ( 52%)]  Loss: 2.254 (2.89)  Time: 0.522s,  490.43/s  (0.527s,  485.59/s)  LR: 1.000e-03  Data: 0.017 (0.022)
Train: 20 [ 194/195 (100%)]  Loss: 3.370 (2.89)  Time: 0.507s,  504.93/s  (0.524s,  488.72/s)  LR: 1.000e-03  Data: 0.000 (0.019)
21
Train: 21 [   0/195 (  0%)]  Loss: 3.293 (3.29)  Time: 1.188s,  215.58/s  (1.188s,  215.58/s)  LR: 1.000e-03  Data: 0.684 (0.684)
Train: 21 [ 100/195 ( 52%)]  Loss: 2.743 (2.89)  Time: 0.521s,  491.54/s  (0.527s,  485.48/s)  LR: 1.000e-03  Data: 0.016 (0.022)
Train: 21 [ 194/195 (100%)]  Loss: 2.074 (2.91)  Time: 0.507s,  505.37/s  (0.524s,  488.58/s)  LR: 1.000e-03  Data: 0.000 (0.019)
22
Train: 22 [   0/195 (  0%)]  Loss: 3.345 (3.35)  Time: 1.243s,  206.03/s  (1.243s,  206.03/s)  LR: 1.000e-03  Data: 0.739 (0.739)
Train: 22 [ 100/195 ( 52%)]  Loss: 2.753 (3.01)  Time: 0.521s,  491.77/s  (0.528s,  485.23/s)  LR: 1.000e-03  Data: 0.015 (0.023)
Train: 22 [ 194/195 (100%)]  Loss: 3.465 (2.98)  Time: 0.507s,  505.37/s  (0.524s,  488.42/s)  LR: 1.000e-03  Data: 0.000 (0.019)
23
Train: 23 [   0/195 (  0%)]  Loss: 3.354 (3.35)  Time: 1.225s,  209.00/s  (1.225s,  209.00/s)  LR: 1.000e-03  Data: 0.722 (0.722)
Train: 23 [ 100/195 ( 52%)]  Loss: 2.366 (2.97)  Time: 0.520s,  492.62/s  (0.527s,  485.57/s)  LR: 1.000e-03  Data: 0.015 (0.022)
Train: 23 [ 194/195 (100%)]  Loss: 2.886 (2.96)  Time: 0.506s,  506.27/s  (0.524s,  488.56/s)  LR: 1.000e-03  Data: 0.000 (0.019)
24
Train: 24 [   0/195 (  0%)]  Loss: 3.526 (3.53)  Time: 1.206s,  212.34/s  (1.206s,  212.34/s)  LR: 1.000e-03  Data: 0.703 (0.703)
Train: 24 [ 100/195 ( 52%)]  Loss: 2.649 (3.02)  Time: 0.520s,  491.89/s  (0.527s,  485.33/s)  LR: 1.000e-03  Data: 0.016 (0.022)
Train: 24 [ 194/195 (100%)]  Loss: 3.326 (3.05)  Time: 0.507s,  505.31/s  (0.524s,  488.51/s)  LR: 1.000e-03  Data: 0.000 (0.019)
25
Train: 25 [   0/195 (  0%)]  Loss: 2.337 (2.34)  Time: 1.209s,  211.74/s  (1.209s,  211.74/s)  LR: 1.000e-03  Data: 0.706 (0.706)
Train: 25 [ 100/195 ( 52%)]  Loss: 2.490 (2.93)  Time: 0.519s,  492.91/s  (0.536s,  477.74/s)  LR: 1.000e-03  Data: 0.016 (0.031)
Train: 25 [ 194/195 (100%)]  Loss: 3.369 (2.98)  Time: 0.504s,  507.62/s  (0.528s,  484.70/s)  LR: 1.000e-03  Data: 0.000 (0.024)
26
Train: 26 [   0/195 (  0%)]  Loss: 3.484 (3.48)  Time: 1.165s,  219.80/s  (1.165s,  219.80/s)  LR: 1.000e-03  Data: 0.661 (0.661)
Train: 26 [ 100/195 ( 52%)]  Loss: 3.505 (3.07)  Time: 0.520s,  492.39/s  (0.527s,  486.00/s)  LR: 1.000e-03  Data: 0.015 (0.022)
Train: 26 [ 194/195 (100%)]  Loss: 3.323 (3.06)  Time: 0.506s,  505.46/s  (0.523s,  489.04/s)  LR: 1.000e-03  Data: 0.000 (0.019)
27
Train: 27 [   0/195 (  0%)]  Loss: 3.150 (3.15)  Time: 1.219s,  210.01/s  (1.219s,  210.01/s)  LR: 1.000e-03  Data: 0.716 (0.716)
Train: 27 [ 100/195 ( 52%)]  Loss: 3.441 (2.96)  Time: 0.520s,  492.13/s  (0.526s,  486.55/s)  LR: 1.000e-03  Data: 0.016 (0.022)
Train: 27 [ 194/195 (100%)]  Loss: 2.777 (2.94)  Time: 0.505s,  506.94/s  (0.523s,  489.31/s)  LR: 1.000e-03  Data: 0.000 (0.019)
28
Train: 28 [   0/195 (  0%)]  Loss: 2.740 (2.74)  Time: 1.221s,  209.70/s  (1.221s,  209.70/s)  LR: 1.000e-03  Data: 0.716 (0.716)
Train: 28 [ 100/195 ( 52%)]  Loss: 3.453 (3.04)  Time: 0.519s,  492.89/s  (0.527s,  486.04/s)  LR: 1.000e-03  Data: 0.015 (0.022)
Train: 28 [ 194/195 (100%)]  Loss: 2.436 (3.02)  Time: 0.506s,  506.27/s  (0.523s,  489.07/s)  LR: 1.000e-03  Data: 0.000 (0.019)
29
Train: 29 [   0/195 (  0%)]  Loss: 2.120 (2.12)  Time: 1.138s,  224.98/s  (1.138s,  224.98/s)  LR: 1.000e-03  Data: 0.635 (0.635)
Train: 29 [ 100/195 ( 52%)]  Loss: 3.516 (3.10)  Time: 0.518s,  493.91/s  (0.526s,  486.47/s)  LR: 1.000e-03  Data: 0.016 (0.022)
Train: 29 [ 194/195 (100%)]  Loss: 3.328 (3.08)  Time: 0.506s,  505.57/s  (0.523s,  489.77/s)  LR: 1.000e-03  Data: 0.000 (0.019)
30
Train: 30 [   0/195 (  0%)]  Loss: 2.155 (2.15)  Time: 1.273s,  201.13/s  (1.273s,  201.13/s)  LR: 1.000e-03  Data: 0.770 (0.770)
Train: 30 [ 100/195 ( 52%)]  Loss: 3.670 (3.11)  Time: 0.528s,  484.90/s  (0.527s,  485.90/s)  LR: 1.000e-03  Data: 0.024 (0.023)
Train: 30 [ 194/195 (100%)]  Loss: 3.552 (3.09)  Time: 0.504s,  508.28/s  (0.523s,  489.36/s)  LR: 1.000e-03  Data: 0.000 (0.019)
31
Train: 31 [   0/195 (  0%)]  Loss: 2.828 (2.83)  Time: 1.180s,  216.94/s  (1.180s,  216.94/s)  LR: 1.000e-03  Data: 0.677 (0.677)
Train: 31 [ 100/195 ( 52%)]  Loss: 3.127 (3.05)  Time: 0.519s,  492.83/s  (0.527s,  486.17/s)  LR: 1.000e-03  Data: 0.015 (0.022)
Train: 31 [ 194/195 (100%)]  Loss: 3.215 (3.07)  Time: 0.505s,  506.50/s  (0.523s,  489.95/s)  LR: 1.000e-03  Data: 0.000 (0.019)
32
Train: 32 [   0/195 (  0%)]  Loss: 2.143 (2.14)  Time: 1.169s,  218.96/s  (1.169s,  218.96/s)  LR: 1.000e-03  Data: 0.667 (0.667)
Train: 32 [ 100/195 ( 52%)]  Loss: 3.586 (3.10)  Time: 0.518s,  494.56/s  (0.526s,  486.92/s)  LR: 1.000e-03  Data: 0.015 (0.022)
Train: 32 [ 194/195 (100%)]  Loss: 2.543 (3.13)  Time: 0.505s,  506.86/s  (0.522s,  490.03/s)  LR: 1.000e-03  Data: 0.000 (0.019)
33
Train: 33 [   0/195 (  0%)]  Loss: 2.833 (2.83)  Time: 1.266s,  202.17/s  (1.266s,  202.17/s)  LR: 1.000e-03  Data: 0.764 (0.764)
Train: 33 [ 100/195 ( 52%)]  Loss: 2.816 (3.01)  Time: 0.524s,  488.89/s  (0.527s,  485.70/s)  LR: 1.000e-03  Data: 0.014 (0.023)
Train: 33 [ 194/195 (100%)]  Loss: 3.297 (3.09)  Time: 0.506s,  505.77/s  (0.523s,  489.19/s)  LR: 1.000e-03  Data: 0.000 (0.019)
34
Train: 34 [   0/195 (  0%)]  Loss: 2.518 (2.52)  Time: 1.200s,  213.31/s  (1.200s,  213.31/s)  LR: 1.000e-03  Data: 0.699 (0.699)
Train: 34 [ 100/195 ( 52%)]  Loss: 2.579 (3.16)  Time: 0.520s,  492.50/s  (0.525s,  487.32/s)  LR: 1.000e-03  Data: 0.015 (0.022)
Train: 34 [ 194/195 (100%)]  Loss: 3.407 (3.15)  Time: 0.504s,  507.93/s  (0.523s,  489.66/s)  LR: 1.000e-03  Data: 0.000 (0.019)
35
Train: 35 [   0/195 (  0%)]  Loss: 2.732 (2.73)  Time: 1.230s,  208.12/s  (1.230s,  208.12/s)  LR: 1.000e-03  Data: 0.727 (0.727)
Train: 35 [ 100/195 ( 52%)]  Loss: 3.531 (3.17)  Time: 0.520s,  491.95/s  (0.527s,  485.87/s)  LR: 1.000e-03  Data: 0.016 (0.022)
Train: 35 [ 194/195 (100%)]  Loss: 3.553 (3.14)  Time: 0.505s,  507.37/s  (0.524s,  488.95/s)  LR: 1.000e-03  Data: 0.000 (0.019)
36
Train: 36 [   0/195 (  0%)]  Loss: 2.233 (2.23)  Time: 1.246s,  205.50/s  (1.246s,  205.50/s)  LR: 1.000e-03  Data: 0.738 (0.738)
Train: 36 [ 100/195 ( 52%)]  Loss: 3.255 (3.15)  Time: 0.518s,  494.03/s  (0.526s,  486.52/s)  LR: 1.000e-03  Data: 0.015 (0.023)
Train: 36 [ 194/195 (100%)]  Loss: 3.159 (3.14)  Time: 0.506s,  505.79/s  (0.523s,  489.45/s)  LR: 1.000e-03  Data: 0.000 (0.019)
37
Train: 37 [   0/195 (  0%)]  Loss: 3.689 (3.69)  Time: 1.180s,  217.03/s  (1.180s,  217.03/s)  LR: 1.000e-03  Data: 0.677 (0.677)
Train: 37 [ 100/195 ( 52%)]  Loss: 3.395 (3.14)  Time: 0.519s,  492.86/s  (0.527s,  486.02/s)  LR: 1.000e-03  Data: 0.015 (0.022)
Train: 37 [ 194/195 (100%)]  Loss: 3.166 (3.11)  Time: 0.506s,  505.97/s  (0.524s,  488.68/s)  LR: 1.000e-03  Data: 0.000 (0.019)
38
Train: 38 [   0/195 (  0%)]  Loss: 2.317 (2.32)  Time: 1.257s,  203.65/s  (1.257s,  203.65/s)  LR: 1.000e-03  Data: 0.754 (0.754)
Train: 38 [ 100/195 ( 52%)]  Loss: 3.758 (3.20)  Time: 0.521s,  491.43/s  (0.527s,  485.38/s)  LR: 1.000e-03  Data: 0.016 (0.023)
Train: 38 [ 194/195 (100%)]  Loss: 3.510 (3.16)  Time: 0.505s,  507.31/s  (0.524s,  488.56/s)  LR: 1.000e-03  Data: 0.000 (0.019)
39
Train: 39 [   0/195 (  0%)]  Loss: 3.351 (3.35)  Time: 1.201s,  213.11/s  (1.201s,  213.11/s)  LR: 1.000e-03  Data: 0.699 (0.699)
Train: 39 [ 100/195 ( 52%)]  Loss: 2.461 (3.13)  Time: 0.518s,  494.24/s  (0.526s,  486.53/s)  LR: 1.000e-03  Data: 0.015 (0.023)
Train: 39 [ 194/195 (100%)]  Loss: 3.667 (3.14)  Time: 0.506s,  506.22/s  (0.523s,  489.77/s)  LR: 1.000e-03  Data: 0.000 (0.019)
40
Train: 40 [   0/195 (  0%)]  Loss: 3.595 (3.60)  Time: 1.218s,  210.15/s  (1.218s,  210.15/s)  LR: 1.000e-03  Data: 0.716 (0.716)
Train: 40 [ 100/195 ( 52%)]  Loss: 3.153 (3.18)  Time: 0.519s,  493.49/s  (0.527s,  486.21/s)  LR: 1.000e-03  Data: 0.015 (0.022)
Train: 40 [ 194/195 (100%)]  Loss: 3.754 (3.20)  Time: 0.506s,  505.44/s  (0.523s,  489.05/s)  LR: 1.000e-03  Data: 0.000 (0.019)
41
Train: 41 [   0/195 (  0%)]  Loss: 2.744 (2.74)  Time: 1.209s,  211.79/s  (1.209s,  211.79/s)  LR: 1.000e-03  Data: 0.704 (0.704)
Train: 41 [ 100/195 ( 52%)]  Loss: 2.825 (3.19)  Time: 0.524s,  488.83/s  (0.526s,  486.32/s)  LR: 1.000e-03  Data: 0.015 (0.022)
Train: 41 [ 194/195 (100%)]  Loss: 2.707 (3.20)  Time: 0.503s,  508.49/s  (0.523s,  489.09/s)  LR: 1.000e-03  Data: 0.000 (0.019)
42
Train: 42 [   0/195 (  0%)]  Loss: 2.559 (2.56)  Time: 1.176s,  217.63/s  (1.176s,  217.63/s)  LR: 1.000e-03  Data: 0.674 (0.674)
Train: 42 [ 100/195 ( 52%)]  Loss: 3.424 (3.10)  Time: 0.521s,  491.57/s  (0.525s,  487.34/s)  LR: 1.000e-03  Data: 0.015 (0.021)
Train: 42 [ 194/195 (100%)]  Loss: 3.241 (3.15)  Time: 0.505s,  506.98/s  (0.522s,  490.32/s)  LR: 1.000e-03  Data: 0.000 (0.018)
43
Train: 43 [   0/195 (  0%)]  Loss: 2.701 (2.70)  Time: 1.192s,  214.76/s  (1.192s,  214.76/s)  LR: 1.000e-03  Data: 0.690 (0.690)
Train: 43 [ 100/195 ( 52%)]  Loss: 3.035 (3.15)  Time: 0.517s,  495.35/s  (0.525s,  487.18/s)  LR: 1.000e-03  Data: 0.015 (0.022)
Train: 43 [ 194/195 (100%)]  Loss: 2.904 (3.17)  Time: 0.505s,  507.19/s  (0.522s,  490.06/s)  LR: 1.000e-03  Data: 0.000 (0.018)
44
Train: 44 [   0/195 (  0%)]  Loss: 2.968 (2.97)  Time: 1.184s,  216.19/s  (1.184s,  216.19/s)  LR: 1.000e-03  Data: 0.682 (0.682)
Train: 44 [ 100/195 ( 52%)]  Loss: 3.699 (3.17)  Time: 0.518s,  494.47/s  (0.525s,  487.94/s)  LR: 1.000e-03  Data: 0.014 (0.022)
Train: 44 [ 194/195 (100%)]  Loss: 2.452 (3.19)  Time: 0.505s,  506.54/s  (0.522s,  490.54/s)  LR: 1.000e-03  Data: 0.000 (0.018)
45
Train: 45 [   0/195 (  0%)]  Loss: 3.214 (3.21)  Time: 1.219s,  209.96/s  (1.219s,  209.96/s)  LR: 1.000e-03  Data: 0.716 (0.716)
Train: 45 [ 100/195 ( 52%)]  Loss: 2.486 (3.33)  Time: 0.519s,  492.94/s  (0.525s,  487.70/s)  LR: 1.000e-03  Data: 0.016 (0.022)
Train: 45 [ 194/195 (100%)]  Loss: 2.555 (3.30)  Time: 0.507s,  505.41/s  (0.522s,  490.48/s)  LR: 1.000e-03  Data: 0.000 (0.018)
46
Train: 46 [   0/195 (  0%)]  Loss: 2.351 (2.35)  Time: 1.216s,  210.56/s  (1.216s,  210.56/s)  LR: 1.000e-03  Data: 0.714 (0.714)
Train: 46 [ 100/195 ( 52%)]  Loss: 2.530 (3.19)  Time: 0.519s,  493.27/s  (0.525s,  487.75/s)  LR: 1.000e-03  Data: 0.016 (0.022)
Train: 46 [ 194/195 (100%)]  Loss: 3.759 (3.21)  Time: 0.503s,  508.81/s  (0.522s,  490.27/s)  LR: 1.000e-03  Data: 0.000 (0.019)
47
Train: 47 [   0/195 (  0%)]  Loss: 3.818 (3.82)  Time: 1.209s,  211.82/s  (1.209s,  211.82/s)  LR: 1.000e-03  Data: 0.702 (0.702)
Train: 47 [ 100/195 ( 52%)]  Loss: 3.139 (3.18)  Time: 0.520s,  492.78/s  (0.526s,  486.92/s)  LR: 1.000e-03  Data: 0.015 (0.022)
Train: 47 [ 194/195 (100%)]  Loss: 3.660 (3.19)  Time: 0.505s,  507.26/s  (0.522s,  490.13/s)  LR: 1.000e-03  Data: 0.000 (0.019)
48
Train: 48 [   0/195 (  0%)]  Loss: 3.150 (3.15)  Time: 1.293s,  197.94/s  (1.293s,  197.94/s)  LR: 1.000e-03  Data: 0.792 (0.792)
Train: 48 [ 100/195 ( 52%)]  Loss: 2.844 (3.24)  Time: 0.519s,  493.32/s  (0.527s,  485.88/s)  LR: 1.000e-03  Data: 0.016 (0.023)
Train: 48 [ 194/195 (100%)]  Loss: 3.460 (3.27)  Time: 0.505s,  506.68/s  (0.523s,  489.60/s)  LR: 1.000e-03  Data: 0.000 (0.019)
49
Train: 49 [   0/195 (  0%)]  Loss: 2.427 (2.43)  Time: 1.203s,  212.74/s  (1.203s,  212.74/s)  LR: 1.000e-03  Data: 0.701 (0.701)
Train: 49 [ 100/195 ( 52%)]  Loss: 3.925 (3.17)  Time: 0.518s,  494.59/s  (0.526s,  486.91/s)  LR: 1.000e-03  Data: 0.015 (0.022)
Train: 49 [ 194/195 (100%)]  Loss: 2.779 (3.21)  Time: 0.505s,  506.97/s  (0.522s,  490.12/s)  LR: 1.000e-03  Data: 0.000 (0.019)
50
Train: 50 [   0/195 (  0%)]  Loss: 3.676 (3.68)  Time: 1.203s,  212.72/s  (1.203s,  212.72/s)  LR: 1.000e-03  Data: 0.701 (0.701)
Train: 50 [ 100/195 ( 52%)]  Loss: 3.578 (3.28)  Time: 0.518s,  493.86/s  (0.526s,  486.90/s)  LR: 1.000e-03  Data: 0.014 (0.022)
Train: 50 [ 194/195 (100%)]  Loss: 3.675 (3.29)  Time: 0.504s,  507.83/s  (0.523s,  489.70/s)  LR: 1.000e-03  Data: 0.000 (0.019)
51
Train: 51 [   0/195 (  0%)]  Loss: 3.105 (3.10)  Time: 1.116s,  229.49/s  (1.116s,  229.49/s)  LR: 1.000e-03  Data: 0.614 (0.614)
Train: 51 [ 100/195 ( 52%)]  Loss: 2.799 (3.32)  Time: 0.518s,  493.97/s  (0.525s,  487.83/s)  LR: 1.000e-03  Data: 0.016 (0.021)
Train: 51 [ 194/195 (100%)]  Loss: 2.783 (3.31)  Time: 0.503s,  508.45/s  (0.522s,  490.59/s)  LR: 1.000e-03  Data: 0.000 (0.018)
52
Train: 52 [   0/195 (  0%)]  Loss: 2.811 (2.81)  Time: 1.138s,  224.86/s  (1.138s,  224.86/s)  LR: 1.000e-03  Data: 0.637 (0.637)
Train: 52 [ 100/195 ( 52%)]  Loss: 3.691 (3.26)  Time: 0.518s,  494.16/s  (0.525s,  487.18/s)  LR: 1.000e-03  Data: 0.015 (0.022)
Train: 52 [ 194/195 (100%)]  Loss: 3.498 (3.31)  Time: 0.505s,  507.07/s  (0.522s,  490.18/s)  LR: 1.000e-03  Data: 0.000 (0.019)
53
Train: 53 [   0/195 (  0%)]  Loss: 3.518 (3.52)  Time: 1.176s,  217.77/s  (1.176s,  217.77/s)  LR: 1.000e-03  Data: 0.674 (0.674)
Train: 53 [ 100/195 ( 52%)]  Loss: 3.847 (3.26)  Time: 0.521s,  491.50/s  (0.525s,  487.67/s)  LR: 1.000e-03  Data: 0.016 (0.022)
Train: 53 [ 194/195 (100%)]  Loss: 3.641 (3.25)  Time: 0.504s,  508.18/s  (0.522s,  490.09/s)  LR: 1.000e-03  Data: 0.000 (0.019)
54
Train: 54 [   0/195 (  0%)]  Loss: 2.683 (2.68)  Time: 1.207s,  212.12/s  (1.207s,  212.12/s)  LR: 1.000e-03  Data: 0.704 (0.704)
Train: 54 [ 100/195 ( 52%)]  Loss: 2.638 (3.30)  Time: 0.518s,  494.12/s  (0.526s,  487.00/s)  LR: 1.000e-03  Data: 0.015 (0.022)
Train: 54 [ 194/195 (100%)]  Loss: 3.766 (3.31)  Time: 0.505s,  506.70/s  (0.522s,  490.04/s)  LR: 1.000e-03  Data: 0.000 (0.019)
55
Train: 55 [   0/195 (  0%)]  Loss: 2.690 (2.69)  Time: 1.164s,  219.88/s  (1.164s,  219.88/s)  LR: 1.000e-03  Data: 0.663 (0.663)
Train: 55 [ 100/195 ( 52%)]  Loss: 3.356 (3.28)  Time: 0.518s,  494.08/s  (0.524s,  488.29/s)  LR: 1.000e-03  Data: 0.014 (0.021)
Train: 55 [ 194/195 (100%)]  Loss: 2.629 (3.29)  Time: 0.504s,  507.49/s  (0.522s,  490.76/s)  LR: 1.000e-03  Data: 0.000 (0.018)
56
Train: 56 [   0/195 (  0%)]  Loss: 3.871 (3.87)  Time: 1.205s,  212.44/s  (1.205s,  212.44/s)  LR: 1.000e-03  Data: 0.704 (0.704)
Train: 56 [ 100/195 ( 52%)]  Loss: 3.531 (3.37)  Time: 0.517s,  495.05/s  (0.525s,  487.78/s)  LR: 1.000e-03  Data: 0.015 (0.022)
Train: 56 [ 194/195 (100%)]  Loss: 3.673 (3.32)  Time: 0.504s,  508.21/s  (0.522s,  490.76/s)  LR: 1.000e-03  Data: 0.000 (0.019)
57
Train: 57 [   0/195 (  0%)]  Loss: 3.698 (3.70)  Time: 1.194s,  214.39/s  (1.194s,  214.39/s)  LR: 1.000e-03  Data: 0.693 (0.693)
Train: 57 [ 100/195 ( 52%)]  Loss: 3.555 (3.30)  Time: 0.517s,  495.63/s  (0.525s,  487.36/s)  LR: 1.000e-03  Data: 0.014 (0.022)
Train: 57 [ 194/195 (100%)]  Loss: 3.712 (3.35)  Time: 0.505s,  507.09/s  (0.522s,  490.23/s)  LR: 1.000e-03  Data: 0.000 (0.018)
58
Train: 58 [   0/195 (  0%)]  Loss: 3.016 (3.02)  Time: 1.315s,  194.63/s  (1.315s,  194.63/s)  LR: 1.000e-03  Data: 0.813 (0.813)
Train: 58 [ 100/195 ( 52%)]  Loss: 3.880 (3.41)  Time: 0.519s,  493.03/s  (0.526s,  486.59/s)  LR: 1.000e-03  Data: 0.015 (0.023)
Train: 58 [ 194/195 (100%)]  Loss: 3.992 (3.36)  Time: 0.505s,  507.34/s  (0.523s,  489.87/s)  LR: 1.000e-03  Data: 0.000 (0.019)
59
Train: 59 [   0/195 (  0%)]  Loss: 3.601 (3.60)  Time: 1.280s,  199.96/s  (1.280s,  199.96/s)  LR: 1.000e-03  Data: 0.778 (0.778)
Train: 59 [ 100/195 ( 52%)]  Loss: 3.740 (3.36)  Time: 0.518s,  494.35/s  (0.526s,  486.58/s)  LR: 1.000e-03  Data: 0.015 (0.023)
Train: 59 [ 194/195 (100%)]  Loss: 3.654 (3.40)  Time: 0.505s,  506.95/s  (0.523s,  489.68/s)  LR: 1.000e-03  Data: 0.000 (0.019)
60
Train: 60 [   0/195 (  0%)]  Loss: 3.744 (3.74)  Time: 1.267s,  202.05/s  (1.267s,  202.05/s)  LR: 1.000e-03  Data: 0.766 (0.766)
Train: 60 [ 100/195 ( 52%)]  Loss: 3.058 (3.36)  Time: 0.521s,  491.54/s  (0.527s,  486.16/s)  LR: 1.000e-03  Data: 0.016 (0.023)
Train: 60 [ 194/195 (100%)]  Loss: 3.100 (3.35)  Time: 0.504s,  508.33/s  (0.523s,  489.45/s)  LR: 1.000e-03  Data: 0.000 (0.019)
61
Train: 61 [   0/195 (  0%)]  Loss: 3.606 (3.61)  Time: 1.208s,  211.85/s  (1.208s,  211.85/s)  LR: 1.000e-03  Data: 0.705 (0.705)
Train: 61 [ 100/195 ( 52%)]  Loss: 3.796 (3.39)  Time: 0.519s,  493.64/s  (0.527s,  485.98/s)  LR: 1.000e-03  Data: 0.015 (0.022)
Train: 61 [ 194/195 (100%)]  Loss: 3.582 (3.38)  Time: 0.505s,  506.50/s  (0.523s,  489.54/s)  LR: 1.000e-03  Data: 0.000 (0.019)
62
Train: 62 [   0/195 (  0%)]  Loss: 3.300 (3.30)  Time: 1.188s,  215.55/s  (1.188s,  215.55/s)  LR: 1.000e-03  Data: 0.686 (0.686)
Train: 62 [ 100/195 ( 52%)]  Loss: 2.905 (3.34)  Time: 0.518s,  494.23/s  (0.526s,  486.46/s)  LR: 1.000e-03  Data: 0.014 (0.022)
Train: 62 [ 194/195 (100%)]  Loss: 3.692 (3.32)  Time: 0.504s,  507.80/s  (0.523s,  489.52/s)  LR: 1.000e-03  Data: 0.000 (0.019)
63
Train: 63 [   0/195 (  0%)]  Loss: 3.520 (3.52)  Time: 1.239s,  206.68/s  (1.239s,  206.68/s)  LR: 1.000e-03  Data: 0.736 (0.736)
Train: 63 [ 100/195 ( 52%)]  Loss: 3.591 (3.36)  Time: 0.521s,  491.49/s  (0.528s,  485.24/s)  LR: 1.000e-03  Data: 0.014 (0.023)
Train: 63 [ 194/195 (100%)]  Loss: 3.310 (3.44)  Time: 0.507s,  504.76/s  (0.524s,  488.95/s)  LR: 1.000e-03  Data: 0.000 (0.019)
64
Train: 64 [   0/195 (  0%)]  Loss: 3.756 (3.76)  Time: 1.260s,  203.16/s  (1.260s,  203.16/s)  LR: 1.000e-03  Data: 0.757 (0.757)
Train: 64 [ 100/195 ( 52%)]  Loss: 2.499 (3.41)  Time: 0.518s,  494.55/s  (0.528s,  484.90/s)  LR: 1.000e-03  Data: 0.015 (0.023)
Train: 64 [ 194/195 (100%)]  Loss: 2.945 (3.39)  Time: 0.506s,  505.61/s  (0.524s,  488.59/s)  LR: 1.000e-03  Data: 0.000 (0.019)
65
Train: 65 [   0/195 (  0%)]  Loss: 3.183 (3.18)  Time: 1.309s,  195.54/s  (1.309s,  195.54/s)  LR: 1.000e-03  Data: 0.805 (0.805)
Train: 65 [ 100/195 ( 52%)]  Loss: 2.793 (3.44)  Time: 0.520s,  492.03/s  (0.527s,  485.61/s)  LR: 1.000e-03  Data: 0.016 (0.024)
Train: 65 [ 194/195 (100%)]  Loss: 3.781 (3.40)  Time: 0.505s,  507.41/s  (0.523s,  489.11/s)  LR: 1.000e-03  Data: 0.000 (0.020)
66
Train: 66 [   0/195 (  0%)]  Loss: 2.878 (2.88)  Time: 1.217s,  210.40/s  (1.217s,  210.40/s)  LR: 1.000e-03  Data: 0.714 (0.714)
Train: 66 [ 100/195 ( 52%)]  Loss: 3.422 (3.40)  Time: 0.518s,  494.27/s  (0.526s,  486.32/s)  LR: 1.000e-03  Data: 0.015 (0.022)
Train: 66 [ 194/195 (100%)]  Loss: 3.887 (3.38)  Time: 0.506s,  506.42/s  (0.523s,  489.54/s)  LR: 1.000e-03  Data: 0.000 (0.019)
67
Train: 67 [   0/195 (  0%)]  Loss: 3.541 (3.54)  Time: 1.143s,  223.90/s  (1.143s,  223.90/s)  LR: 1.000e-03  Data: 0.641 (0.641)
Train: 67 [ 100/195 ( 52%)]  Loss: 2.483 (3.32)  Time: 0.519s,  493.52/s  (0.525s,  487.19/s)  LR: 1.000e-03  Data: 0.014 (0.022)
Train: 67 [ 194/195 (100%)]  Loss: 2.848 (3.34)  Time: 0.505s,  506.98/s  (0.523s,  489.90/s)  LR: 1.000e-03  Data: 0.000 (0.018)
68
Train: 68 [   0/195 (  0%)]  Loss: 2.757 (2.76)  Time: 1.299s,  197.09/s  (1.299s,  197.09/s)  LR: 1.000e-03  Data: 0.794 (0.794)
Train: 68 [ 100/195 ( 52%)]  Loss: 3.752 (3.36)  Time: 0.519s,  493.19/s  (0.527s,  486.19/s)  LR: 1.000e-03  Data: 0.016 (0.023)
Train: 68 [ 194/195 (100%)]  Loss: 3.977 (3.43)  Time: 0.505s,  506.47/s  (0.523s,  489.28/s)  LR: 1.000e-03  Data: 0.000 (0.019)
69
Train: 69 [   0/195 (  0%)]  Loss: 2.983 (2.98)  Time: 1.249s,  204.98/s  (1.249s,  204.98/s)  LR: 1.000e-03  Data: 0.742 (0.742)
Train: 69 [ 100/195 ( 52%)]  Loss: 3.918 (3.46)  Time: 0.520s,  492.46/s  (0.527s,  485.38/s)  LR: 1.000e-03  Data: 0.016 (0.023)
Train: 69 [ 194/195 (100%)]  Loss: 3.607 (3.44)  Time: 0.506s,  505.44/s  (0.523s,  489.18/s)  LR: 1.000e-03  Data: 0.000 (0.019)
70
Train: 70 [   0/195 (  0%)]  Loss: 3.570 (3.57)  Time: 1.189s,  215.33/s  (1.189s,  215.33/s)  LR: 1.000e-03  Data: 0.686 (0.686)
Train: 70 [ 100/195 ( 52%)]  Loss: 3.611 (3.44)  Time: 0.518s,  494.43/s  (0.526s,  486.53/s)  LR: 1.000e-03  Data: 0.015 (0.022)
Train: 70 [ 194/195 (100%)]  Loss: 3.268 (3.44)  Time: 0.505s,  507.41/s  (0.523s,  489.54/s)  LR: 1.000e-03  Data: 0.000 (0.019)
71
Train: 71 [   0/195 (  0%)]  Loss: 3.317 (3.32)  Time: 1.185s,  215.97/s  (1.185s,  215.97/s)  LR: 1.000e-03  Data: 0.684 (0.684)
Train: 71 [ 100/195 ( 52%)]  Loss: 3.231 (3.43)  Time: 0.519s,  493.08/s  (0.526s,  486.41/s)  LR: 1.000e-03  Data: 0.015 (0.022)
Train: 71 [ 194/195 (100%)]  Loss: 3.840 (3.41)  Time: 0.506s,  505.62/s  (0.523s,  489.51/s)  LR: 1.000e-03  Data: 0.000 (0.019)
72
Train: 72 [   0/195 (  0%)]  Loss: 3.684 (3.68)  Time: 1.231s,  207.91/s  (1.231s,  207.91/s)  LR: 1.000e-03  Data: 0.729 (0.729)
Train: 72 [ 100/195 ( 52%)]  Loss: 2.640 (3.43)  Time: 0.520s,  492.31/s  (0.527s,  486.22/s)  LR: 1.000e-03  Data: 0.015 (0.022)
Train: 72 [ 194/195 (100%)]  Loss: 2.859 (3.45)  Time: 0.504s,  507.72/s  (0.523s,  489.25/s)  LR: 1.000e-03  Data: 0.000 (0.019)
73
Train: 73 [   0/195 (  0%)]  Loss: 3.623 (3.62)  Time: 1.285s,  199.23/s  (1.285s,  199.23/s)  LR: 1.000e-03  Data: 0.783 (0.783)
Train: 73 [ 100/195 ( 52%)]  Loss: 3.414 (3.42)  Time: 0.518s,  494.14/s  (0.527s,  485.77/s)  LR: 1.000e-03  Data: 0.015 (0.023)
Train: 73 [ 194/195 (100%)]  Loss: 3.976 (3.45)  Time: 0.505s,  507.19/s  (0.523s,  489.22/s)  LR: 1.000e-03  Data: 0.000 (0.019)
74
Train: 74 [   0/195 (  0%)]  Loss: 2.738 (2.74)  Time: 1.236s,  207.12/s  (1.236s,  207.12/s)  LR: 1.000e-03  Data: 0.734 (0.734)
Train: 74 [ 100/195 ( 52%)]  Loss: 3.836 (3.45)  Time: 0.517s,  494.71/s  (0.527s,  485.76/s)  LR: 1.000e-03  Data: 0.015 (0.023)
Train: 74 [ 194/195 (100%)]  Loss: 3.780 (3.43)  Time: 0.505s,  506.69/s  (0.523s,  489.18/s)  LR: 1.000e-03  Data: 0.000 (0.019)
75
Train: 75 [   0/195 (  0%)]  Loss: 3.591 (3.59)  Time: 1.172s,  218.43/s  (1.172s,  218.43/s)  LR: 1.000e-03  Data: 0.671 (0.671)
Train: 75 [ 100/195 ( 52%)]  Loss: 3.964 (3.50)  Time: 0.520s,  491.93/s  (0.526s,  486.59/s)  LR: 1.000e-03  Data: 0.016 (0.022)
Train: 75 [ 194/195 (100%)]  Loss: 3.778 (3.47)  Time: 0.506s,  506.29/s  (0.523s,  489.60/s)  LR: 1.000e-03  Data: 0.000 (0.019)
76
Train: 76 [   0/195 (  0%)]  Loss: 2.611 (2.61)  Time: 1.174s,  218.08/s  (1.174s,  218.08/s)  LR: 1.000e-03  Data: 0.671 (0.671)
Train: 76 [ 100/195 ( 52%)]  Loss: 3.107 (3.46)  Time: 0.521s,  490.98/s  (0.526s,  486.41/s)  LR: 1.000e-03  Data: 0.016 (0.022)
Train: 76 [ 194/195 (100%)]  Loss: 3.783 (3.46)  Time: 0.506s,  506.16/s  (0.523s,  489.43/s)  LR: 1.000e-03  Data: 0.000 (0.019)
77
Train: 77 [   0/195 (  0%)]  Loss: 3.128 (3.13)  Time: 1.193s,  214.64/s  (1.193s,  214.64/s)  LR: 1.000e-03  Data: 0.691 (0.691)
Train: 77 [ 100/195 ( 52%)]  Loss: 3.333 (3.41)  Time: 0.517s,  494.72/s  (0.526s,  486.46/s)  LR: 1.000e-03  Data: 0.014 (0.023)
Train: 77 [ 194/195 (100%)]  Loss: 2.802 (3.45)  Time: 0.505s,  506.58/s  (0.523s,  489.52/s)  LR: 1.000e-03  Data: 0.000 (0.019)
78
Train: 78 [   0/195 (  0%)]  Loss: 3.791 (3.79)  Time: 1.206s,  212.19/s  (1.206s,  212.19/s)  LR: 1.000e-03  Data: 0.705 (0.705)
Train: 78 [ 100/195 ( 52%)]  Loss: 3.789 (3.50)  Time: 0.518s,  493.96/s  (0.526s,  486.48/s)  LR: 1.000e-03  Data: 0.015 (0.023)
Train: 78 [ 194/195 (100%)]  Loss: 3.987 (3.49)  Time: 0.505s,  506.65/s  (0.523s,  489.22/s)  LR: 1.000e-03  Data: 0.000 (0.019)
79
Train: 79 [   0/195 (  0%)]  Loss: 3.742 (3.74)  Time: 1.234s,  207.46/s  (1.234s,  207.46/s)  LR: 1.000e-03  Data: 0.733 (0.733)
Train: 79 [ 100/195 ( 52%)]  Loss: 3.795 (3.46)  Time: 0.519s,  493.64/s  (0.525s,  487.34/s)  LR: 1.000e-03  Data: 0.013 (0.022)
Train: 79 [ 194/195 (100%)]  Loss: 3.595 (3.49)  Time: 0.504s,  507.45/s  (0.523s,  489.68/s)  LR: 1.000e-03  Data: 0.000 (0.019)
80
Train: 80 [   0/195 (  0%)]  Loss: 2.756 (2.76)  Time: 1.211s,  211.48/s  (1.211s,  211.48/s)  LR: 1.000e-03  Data: 0.705 (0.705)
Train: 80 [ 100/195 ( 52%)]  Loss: 3.782 (3.53)  Time: 0.519s,  493.11/s  (0.526s,  486.62/s)  LR: 1.000e-03  Data: 0.014 (0.022)
Train: 80 [ 194/195 (100%)]  Loss: 3.259 (3.52)  Time: 0.505s,  506.49/s  (0.523s,  489.63/s)  LR: 1.000e-03  Data: 0.000 (0.019)
81
Train: 81 [   0/195 (  0%)]  Loss: 3.239 (3.24)  Time: 1.166s,  219.53/s  (1.166s,  219.53/s)  LR: 1.000e-03  Data: 0.664 (0.664)
Train: 81 [ 100/195 ( 52%)]  Loss: 3.907 (3.43)  Time: 0.522s,  490.61/s  (0.526s,  486.83/s)  LR: 1.000e-03  Data: 0.017 (0.022)
Train: 81 [ 194/195 (100%)]  Loss: 3.495 (3.46)  Time: 0.506s,  505.44/s  (0.523s,  489.62/s)  LR: 1.000e-03  Data: 0.000 (0.019)
82
Train: 82 [   0/195 (  0%)]  Loss: 3.772 (3.77)  Time: 1.249s,  204.96/s  (1.249s,  204.96/s)  LR: 1.000e-03  Data: 0.746 (0.746)
Train: 82 [ 100/195 ( 52%)]  Loss: 3.508 (3.54)  Time: 0.520s,  492.78/s  (0.527s,  485.63/s)  LR: 1.000e-03  Data: 0.015 (0.023)
Train: 82 [ 194/195 (100%)]  Loss: 2.788 (3.52)  Time: 0.505s,  506.89/s  (0.523s,  489.19/s)  LR: 1.000e-03  Data: 0.000 (0.019)
83
Train: 83 [   0/195 (  0%)]  Loss: 3.679 (3.68)  Time: 1.330s,  192.44/s  (1.330s,  192.44/s)  LR: 1.000e-03  Data: 0.829 (0.829)
Train: 83 [ 100/195 ( 52%)]  Loss: 4.085 (3.57)  Time: 0.517s,  494.92/s  (0.528s,  485.02/s)  LR: 1.000e-03  Data: 0.014 (0.024)
Train: 83 [ 194/195 (100%)]  Loss: 3.863 (3.58)  Time: 0.508s,  504.02/s  (0.524s,  488.97/s)  LR: 1.000e-03  Data: 0.000 (0.019)
84
Train: 84 [   0/195 (  0%)]  Loss: 3.716 (3.72)  Time: 1.175s,  217.86/s  (1.175s,  217.86/s)  LR: 1.000e-03  Data: 0.671 (0.671)
Train: 84 [ 100/195 ( 52%)]  Loss: 3.759 (3.53)  Time: 0.519s,  493.37/s  (0.526s,  486.79/s)  LR: 1.000e-03  Data: 0.015 (0.022)
Train: 84 [ 194/195 (100%)]  Loss: 3.984 (3.55)  Time: 0.505s,  506.63/s  (0.523s,  489.84/s)  LR: 1.000e-03  Data: 0.000 (0.019)
85
Train: 85 [   0/195 (  0%)]  Loss: 3.791 (3.79)  Time: 1.222s,  209.43/s  (1.222s,  209.43/s)  LR: 1.000e-03  Data: 0.720 (0.720)
Train: 85 [ 100/195 ( 52%)]  Loss: 3.185 (3.46)  Time: 0.518s,  494.12/s  (0.526s,  486.44/s)  LR: 1.000e-03  Data: 0.015 (0.022)
Train: 85 [ 194/195 (100%)]  Loss: 3.840 (3.53)  Time: 0.503s,  508.51/s  (0.523s,  489.62/s)  LR: 1.000e-03  Data: 0.000 (0.019)
86
Train: 86 [   0/195 (  0%)]  Loss: 3.525 (3.53)  Time: 1.214s,  210.79/s  (1.214s,  210.79/s)  LR: 1.000e-03  Data: 0.713 (0.713)
Train: 86 [ 100/195 ( 52%)]  Loss: 2.837 (3.53)  Time: 0.520s,  492.70/s  (0.526s,  486.95/s)  LR: 1.000e-03  Data: 0.015 (0.022)
Train: 86 [ 194/195 (100%)]  Loss: 3.981 (3.54)  Time: 0.506s,  506.06/s  (0.523s,  489.63/s)  LR: 1.000e-03  Data: 0.000 (0.019)
87
Train: 87 [   0/195 (  0%)]  Loss: 3.910 (3.91)  Time: 1.212s,  211.30/s  (1.212s,  211.30/s)  LR: 1.000e-03  Data: 0.710 (0.710)
Train: 87 [ 100/195 ( 52%)]  Loss: 3.765 (3.53)  Time: 0.519s,  493.38/s  (0.526s,  487.11/s)  LR: 1.000e-03  Data: 0.016 (0.022)
Train: 87 [ 194/195 (100%)]  Loss: 3.928 (3.58)  Time: 0.505s,  506.99/s  (0.523s,  489.94/s)  LR: 1.000e-03  Data: 0.000 (0.019)
88
Train: 88 [   0/195 (  0%)]  Loss: 3.989 (3.99)  Time: 1.235s,  207.30/s  (1.235s,  207.30/s)  LR: 1.000e-03  Data: 0.733 (0.733)
Train: 88 [ 100/195 ( 52%)]  Loss: 3.501 (3.54)  Time: 0.519s,  492.99/s  (0.526s,  486.50/s)  LR: 1.000e-03  Data: 0.015 (0.022)
Train: 88 [ 194/195 (100%)]  Loss: 3.804 (3.55)  Time: 0.504s,  507.53/s  (0.523s,  489.64/s)  LR: 1.000e-03  Data: 0.000 (0.019)
89
Train: 89 [   0/195 (  0%)]  Loss: 3.268 (3.27)  Time: 1.260s,  203.22/s  (1.260s,  203.22/s)  LR: 1.000e-03  Data: 0.757 (0.757)
Train: 89 [ 100/195 ( 52%)]  Loss: 2.961 (3.56)  Time: 0.518s,  493.86/s  (0.527s,  485.69/s)  LR: 1.000e-03  Data: 0.015 (0.023)
Train: 89 [ 194/195 (100%)]  Loss: 4.057 (3.56)  Time: 0.506s,  506.06/s  (0.523s,  489.20/s)  LR: 1.000e-03  Data: 0.000 (0.019)
90
Train: 90 [   0/195 (  0%)]  Loss: 3.264 (3.26)  Time: 1.239s,  206.58/s  (1.239s,  206.58/s)  LR: 1.000e-03  Data: 0.736 (0.736)
Train: 90 [ 100/195 ( 52%)]  Loss: 3.672 (3.63)  Time: 0.519s,  493.00/s  (0.527s,  485.86/s)  LR: 1.000e-03  Data: 0.015 (0.023)
Train: 90 [ 194/195 (100%)]  Loss: 2.806 (3.64)  Time: 0.504s,  507.55/s  (0.523s,  489.42/s)  LR: 1.000e-03  Data: 0.000 (0.019)
91
Train: 91 [   0/195 (  0%)]  Loss: 2.697 (2.70)  Time: 1.330s,  192.49/s  (1.330s,  192.49/s)  LR: 1.000e-03  Data: 0.828 (0.828)
Train: 91 [ 100/195 ( 52%)]  Loss: 3.949 (3.55)  Time: 0.519s,  492.94/s  (0.527s,  485.64/s)  LR: 1.000e-03  Data: 0.016 (0.023)
Train: 91 [ 194/195 (100%)]  Loss: 3.943 (3.58)  Time: 0.505s,  507.21/s  (0.523s,  489.07/s)  LR: 1.000e-03  Data: 0.000 (0.020)
92
Train: 92 [   0/195 (  0%)]  Loss: 3.824 (3.82)  Time: 1.278s,  200.26/s  (1.278s,  200.26/s)  LR: 1.000e-03  Data: 0.776 (0.776)
Train: 92 [ 100/195 ( 52%)]  Loss: 3.102 (3.47)  Time: 0.518s,  494.29/s  (0.526s,  486.42/s)  LR: 1.000e-03  Data: 0.015 (0.023)
Train: 92 [ 194/195 (100%)]  Loss: 2.679 (3.54)  Time: 0.505s,  506.84/s  (0.523s,  489.32/s)  LR: 1.000e-03  Data: 0.000 (0.019)
93
Train: 93 [   0/195 (  0%)]  Loss: 3.709 (3.71)  Time: 1.269s,  201.76/s  (1.269s,  201.76/s)  LR: 1.000e-03  Data: 0.765 (0.765)
Train: 93 [ 100/195 ( 52%)]  Loss: 3.898 (3.52)  Time: 0.518s,  494.33/s  (0.526s,  486.25/s)  LR: 1.000e-03  Data: 0.015 (0.023)
Train: 93 [ 194/195 (100%)]  Loss: 3.820 (3.55)  Time: 0.505s,  506.98/s  (0.523s,  489.44/s)  LR: 1.000e-03  Data: 0.000 (0.019)
94
Train: 94 [   0/195 (  0%)]  Loss: 3.179 (3.18)  Time: 1.231s,  208.00/s  (1.231s,  208.00/s)  LR: 1.000e-03  Data: 0.728 (0.728)
Train: 94 [ 100/195 ( 52%)]  Loss: 2.945 (3.59)  Time: 0.518s,  493.89/s  (0.526s,  486.36/s)  LR: 1.000e-03  Data: 0.015 (0.022)
Train: 94 [ 194/195 (100%)]  Loss: 3.720 (3.59)  Time: 0.504s,  507.77/s  (0.523s,  489.53/s)  LR: 1.000e-03  Data: 0.000 (0.019)
95
Train: 95 [   0/195 (  0%)]  Loss: 3.969 (3.97)  Time: 1.152s,  222.19/s  (1.152s,  222.19/s)  LR: 1.000e-03  Data: 0.650 (0.650)
Train: 95 [ 100/195 ( 52%)]  Loss: 3.657 (3.62)  Time: 0.518s,  494.49/s  (0.526s,  487.06/s)  LR: 1.000e-03  Data: 0.015 (0.022)
Train: 95 [ 194/195 (100%)]  Loss: 4.005 (3.63)  Time: 0.506s,  506.25/s  (0.522s,  489.95/s)  LR: 1.000e-03  Data: 0.000 (0.019)
96
Train: 96 [   0/195 (  0%)]  Loss: 3.937 (3.94)  Time: 1.181s,  216.83/s  (1.181s,  216.83/s)  LR: 1.000e-03  Data: 0.678 (0.678)
Train: 96 [ 100/195 ( 52%)]  Loss: 3.632 (3.62)  Time: 0.522s,  490.24/s  (0.525s,  487.32/s)  LR: 1.000e-03  Data: 0.015 (0.022)
Train: 96 [ 194/195 (100%)]  Loss: 3.921 (3.62)  Time: 0.505s,  506.72/s  (0.523s,  489.88/s)  LR: 1.000e-03  Data: 0.000 (0.019)
97
Train: 97 [   0/195 (  0%)]  Loss: 3.867 (3.87)  Time: 1.149s,  222.75/s  (1.149s,  222.75/s)  LR: 1.000e-03  Data: 0.647 (0.647)
Train: 97 [ 100/195 ( 52%)]  Loss: 2.745 (3.64)  Time: 0.520s,  492.46/s  (0.526s,  486.73/s)  LR: 1.000e-03  Data: 0.016 (0.022)
Train: 97 [ 194/195 (100%)]  Loss: 3.917 (3.65)  Time: 0.505s,  507.01/s  (0.523s,  489.72/s)  LR: 1.000e-03  Data: 0.000 (0.019)
98
Train: 98 [   0/195 (  0%)]  Loss: 3.824 (3.82)  Time: 1.249s,  204.98/s  (1.249s,  204.98/s)  LR: 1.000e-03  Data: 0.745 (0.745)
Train: 98 [ 100/195 ( 52%)]  Loss: 3.935 (3.62)  Time: 0.517s,  495.07/s  (0.526s,  486.63/s)  LR: 1.000e-03  Data: 0.014 (0.023)
Train: 98 [ 194/195 (100%)]  Loss: 3.875 (3.64)  Time: 0.506s,  505.76/s  (0.523s,  489.58/s)  LR: 1.000e-03  Data: 0.000 (0.019)
99
Train: 99 [   0/195 (  0%)]  Loss: 3.081 (3.08)  Time: 1.174s,  218.05/s  (1.174s,  218.05/s)  LR: 1.000e-03  Data: 0.673 (0.673)
Train: 99 [ 100/195 ( 52%)]  Loss: 3.224 (3.63)  Time: 0.517s,  495.08/s  (0.525s,  487.79/s)  LR: 1.000e-03  Data: 0.015 (0.022)
Train: 99 [ 194/195 (100%)]  Loss: 3.504 (3.65)  Time: 0.504s,  508.08/s  (0.522s,  490.28/s)  LR: 1.000e-03  Data: 0.000 (0.019)
100
Train: 100 [   0/195 (  0%)]  Loss: 3.142 (3.14)  Time: 1.260s,  203.20/s  (1.260s,  203.20/s)  LR: 1.000e-03  Data: 0.755 (0.755)
Train: 100 [ 100/195 ( 52%)]  Loss: 3.635 (3.57)  Time: 0.519s,  493.07/s  (0.527s,  486.20/s)  LR: 1.000e-03  Data: 0.015 (0.023)
Train: 100 [ 194/195 (100%)]  Loss: 3.330 (3.61)  Time: 0.505s,  506.50/s  (0.523s,  489.49/s)  LR: 1.000e-03  Data: 0.000 (0.020)
101
Train: 101 [   0/195 (  0%)]  Loss: 4.052 (4.05)  Time: 1.222s,  209.55/s  (1.222s,  209.55/s)  LR: 1.000e-03  Data: 0.718 (0.718)
Train: 101 [ 100/195 ( 52%)]  Loss: 3.307 (3.69)  Time: 0.518s,  493.83/s  (0.527s,  485.72/s)  LR: 1.000e-03  Data: 0.015 (0.023)
Train: 101 [ 194/195 (100%)]  Loss: 4.098 (3.68)  Time: 0.505s,  507.28/s  (0.523s,  489.47/s)  LR: 1.000e-03  Data: 0.000 (0.019)
102
Train: 102 [   0/195 (  0%)]  Loss: 3.270 (3.27)  Time: 1.223s,  209.30/s  (1.223s,  209.30/s)  LR: 1.000e-03  Data: 0.722 (0.722)
Train: 102 [ 100/195 ( 52%)]  Loss: 3.475 (3.59)  Time: 0.518s,  494.47/s  (0.527s,  486.05/s)  LR: 1.000e-03  Data: 0.015 (0.022)
Train: 102 [ 194/195 (100%)]  Loss: 3.714 (3.60)  Time: 0.506s,  506.11/s  (0.523s,  489.61/s)  LR: 1.000e-03  Data: 0.000 (0.019)
103
Train: 103 [   0/195 (  0%)]  Loss: 4.099 (4.10)  Time: 1.242s,  206.18/s  (1.242s,  206.18/s)  LR: 1.000e-03  Data: 0.738 (0.738)
Train: 103 [ 100/195 ( 52%)]  Loss: 3.892 (3.67)  Time: 0.520s,  492.47/s  (0.527s,  486.03/s)  LR: 1.000e-03  Data: 0.015 (0.023)
Train: 103 [ 194/195 (100%)]  Loss: 3.315 (3.65)  Time: 0.505s,  507.10/s  (0.523s,  489.33/s)  LR: 1.000e-03  Data: 0.000 (0.019)
104
Train: 104 [   0/195 (  0%)]  Loss: 3.392 (3.39)  Time: 1.149s,  222.76/s  (1.149s,  222.76/s)  LR: 1.000e-03  Data: 0.648 (0.648)
Train: 104 [ 100/195 ( 52%)]  Loss: 3.815 (3.65)  Time: 0.519s,  493.37/s  (0.526s,  486.80/s)  LR: 1.000e-03  Data: 0.015 (0.022)
Train: 104 [ 194/195 (100%)]  Loss: 4.086 (3.64)  Time: 0.506s,  505.81/s  (0.523s,  489.54/s)  LR: 1.000e-03  Data: 0.000 (0.019)
105
Train: 105 [   0/195 (  0%)]  Loss: 3.861 (3.86)  Time: 1.227s,  208.69/s  (1.227s,  208.69/s)  LR: 1.000e-03  Data: 0.724 (0.724)
Train: 105 [ 100/195 ( 52%)]  Loss: 3.808 (3.62)  Time: 0.521s,  491.44/s  (0.526s,  486.86/s)  LR: 1.000e-03  Data: 0.015 (0.022)
Train: 105 [ 194/195 (100%)]  Loss: 4.028 (3.65)  Time: 0.505s,  507.06/s  (0.523s,  489.52/s)  LR: 1.000e-03  Data: 0.000 (0.019)
106
Train: 106 [   0/195 (  0%)]  Loss: 2.964 (2.96)  Time: 1.173s,  218.28/s  (1.173s,  218.28/s)  LR: 1.000e-03  Data: 0.671 (0.671)
Train: 106 [ 100/195 ( 52%)]  Loss: 3.037 (3.65)  Time: 0.518s,  494.13/s  (0.525s,  487.32/s)  LR: 1.000e-03  Data: 0.014 (0.021)
Train: 106 [ 194/195 (100%)]  Loss: 3.921 (3.65)  Time: 0.504s,  507.95/s  (0.522s,  490.37/s)  LR: 1.000e-03  Data: 0.000 (0.018)
107
Train: 107 [   0/195 (  0%)]  Loss: 3.962 (3.96)  Time: 1.270s,  201.50/s  (1.270s,  201.50/s)  LR: 1.000e-03  Data: 0.768 (0.768)
Train: 107 [ 100/195 ( 52%)]  Loss: 2.738 (3.67)  Time: 0.521s,  491.81/s  (0.526s,  486.25/s)  LR: 1.000e-03  Data: 0.016 (0.023)
Train: 107 [ 194/195 (100%)]  Loss: 3.981 (3.68)  Time: 0.505s,  507.32/s  (0.523s,  489.35/s)  LR: 1.000e-03  Data: 0.000 (0.019)
108
Train: 108 [   0/195 (  0%)]  Loss: 4.008 (4.01)  Time: 1.243s,  205.93/s  (1.243s,  205.93/s)  LR: 1.000e-03  Data: 0.741 (0.741)
Train: 108 [ 100/195 ( 52%)]  Loss: 3.937 (3.68)  Time: 0.519s,  493.10/s  (0.526s,  486.50/s)  LR: 1.000e-03  Data: 0.015 (0.023)
Train: 108 [ 194/195 (100%)]  Loss: 3.822 (3.64)  Time: 0.505s,  506.98/s  (0.523s,  489.65/s)  LR: 1.000e-03  Data: 0.000 (0.019)
109
Train: 109 [   0/195 (  0%)]  Loss: 3.929 (3.93)  Time: 1.277s,  200.52/s  (1.277s,  200.52/s)  LR: 1.000e-03  Data: 0.775 (0.775)
Train: 109 [ 100/195 ( 52%)]  Loss: 3.865 (3.72)  Time: 0.518s,  494.32/s  (0.526s,  486.81/s)  LR: 1.000e-03  Data: 0.016 (0.023)
Train: 109 [ 194/195 (100%)]  Loss: 3.093 (3.70)  Time: 0.506s,  506.19/s  (0.523s,  489.68/s)  LR: 1.000e-03  Data: 0.000 (0.019)
110
Train: 110 [   0/195 (  0%)]  Loss: 3.885 (3.88)  Time: 1.306s,  195.98/s  (1.306s,  195.98/s)  LR: 1.000e-03  Data: 0.804 (0.804)
Train: 110 [ 100/195 ( 52%)]  Loss: 3.718 (3.65)  Time: 0.521s,  491.52/s  (0.527s,  485.37/s)  LR: 1.000e-03  Data: 0.015 (0.023)
Train: 110 [ 194/195 (100%)]  Loss: 3.926 (3.66)  Time: 0.506s,  505.60/s  (0.524s,  488.72/s)  LR: 1.000e-03  Data: 0.000 (0.020)
111
Train: 111 [   0/195 (  0%)]  Loss: 3.733 (3.73)  Time: 1.231s,  207.99/s  (1.231s,  207.99/s)  LR: 1.000e-03  Data: 0.728 (0.728)
Train: 111 [ 100/195 ( 52%)]  Loss: 3.804 (3.65)  Time: 0.518s,  493.84/s  (0.526s,  487.10/s)  LR: 1.000e-03  Data: 0.014 (0.022)
Train: 111 [ 194/195 (100%)]  Loss: 4.172 (3.68)  Time: 0.506s,  505.94/s  (0.523s,  489.74/s)  LR: 1.000e-03  Data: 0.000 (0.019)
112
Train: 112 [   0/195 (  0%)]  Loss: 4.019 (4.02)  Time: 1.155s,  221.61/s  (1.155s,  221.61/s)  LR: 1.000e-03  Data: 0.653 (0.653)
Train: 112 [ 100/195 ( 52%)]  Loss: 4.049 (3.69)  Time: 0.521s,  491.78/s  (0.526s,  486.34/s)  LR: 1.000e-03  Data: 0.016 (0.022)
Train: 112 [ 194/195 (100%)]  Loss: 3.468 (3.68)  Time: 0.503s,  508.94/s  (0.523s,  489.26/s)  LR: 1.000e-03  Data: 0.000 (0.019)
113
Train: 113 [   0/195 (  0%)]  Loss: 3.989 (3.99)  Time: 1.225s,  208.98/s  (1.225s,  208.98/s)  LR: 1.000e-03  Data: 0.724 (0.724)
Train: 113 [ 100/195 ( 52%)]  Loss: 4.038 (3.72)  Time: 0.521s,  491.43/s  (0.526s,  486.27/s)  LR: 1.000e-03  Data: 0.016 (0.022)
Train: 113 [ 194/195 (100%)]  Loss: 3.851 (3.71)  Time: 0.507s,  505.15/s  (0.523s,  489.36/s)  LR: 1.000e-03  Data: 0.000 (0.019)
114
Train: 114 [   0/195 (  0%)]  Loss: 3.744 (3.74)  Time: 1.193s,  214.57/s  (1.193s,  214.57/s)  LR: 1.000e-03  Data: 0.688 (0.688)
Train: 114 [ 100/195 ( 52%)]  Loss: 3.742 (3.71)  Time: 0.518s,  494.08/s  (0.526s,  486.57/s)  LR: 1.000e-03  Data: 0.015 (0.022)
Train: 114 [ 194/195 (100%)]  Loss: 3.243 (3.68)  Time: 0.506s,  506.07/s  (0.523s,  489.44/s)  LR: 1.000e-03  Data: 0.000 (0.019)
115
Train: 115 [   0/195 (  0%)]  Loss: 3.960 (3.96)  Time: 1.241s,  206.29/s  (1.241s,  206.29/s)  LR: 1.000e-03  Data: 0.734 (0.734)
Train: 115 [ 100/195 ( 52%)]  Loss: 3.298 (3.67)  Time: 0.518s,  493.90/s  (0.527s,  486.06/s)  LR: 1.000e-03  Data: 0.014 (0.023)
Train: 115 [ 194/195 (100%)]  Loss: 3.822 (3.67)  Time: 0.505s,  506.95/s  (0.523s,  489.07/s)  LR: 1.000e-03  Data: 0.000 (0.019)
116
Train: 116 [   0/195 (  0%)]  Loss: 4.100 (4.10)  Time: 1.257s,  203.74/s  (1.257s,  203.74/s)  LR: 1.000e-03  Data: 0.749 (0.749)
Train: 116 [ 100/195 ( 52%)]  Loss: 3.881 (3.68)  Time: 0.520s,  492.16/s  (0.527s,  486.06/s)  LR: 1.000e-03  Data: 0.015 (0.023)
Train: 116 [ 194/195 (100%)]  Loss: 3.947 (3.72)  Time: 0.506s,  506.19/s  (0.523s,  489.40/s)  LR: 1.000e-03  Data: 0.000 (0.019)
117
Train: 117 [   0/195 (  0%)]  Loss: 4.029 (4.03)  Time: 1.224s,  209.21/s  (1.224s,  209.21/s)  LR: 1.000e-03  Data: 0.719 (0.719)
Train: 117 [ 100/195 ( 52%)]  Loss: 3.866 (3.67)  Time: 0.520s,  491.92/s  (0.527s,  485.99/s)  LR: 1.000e-03  Data: 0.015 (0.022)
Train: 117 [ 194/195 (100%)]  Loss: 4.002 (3.65)  Time: 0.505s,  506.97/s  (0.523s,  489.29/s)  LR: 1.000e-03  Data: 0.000 (0.019)
118
Train: 118 [   0/195 (  0%)]  Loss: 4.004 (4.00)  Time: 1.166s,  219.58/s  (1.166s,  219.58/s)  LR: 1.000e-03  Data: 0.663 (0.663)
Train: 118 [ 100/195 ( 52%)]  Loss: 3.634 (3.73)  Time: 0.520s,  492.30/s  (0.526s,  486.61/s)  LR: 1.000e-03  Data: 0.015 (0.022)
Train: 118 [ 194/195 (100%)]  Loss: 4.125 (3.70)  Time: 0.506s,  505.55/s  (0.523s,  489.58/s)  LR: 1.000e-03  Data: 0.000 (0.019)
119
Train: 119 [   0/195 (  0%)]  Loss: 3.249 (3.25)  Time: 1.302s,  196.57/s  (1.302s,  196.57/s)  LR: 1.000e-03  Data: 0.797 (0.797)
Train: 119 [ 100/195 ( 52%)]  Loss: 3.712 (3.72)  Time: 0.519s,  493.72/s  (0.527s,  485.40/s)  LR: 1.000e-03  Data: 0.015 (0.023)
Train: 119 [ 194/195 (100%)]  Loss: 4.085 (3.71)  Time: 0.506s,  506.07/s  (0.524s,  488.82/s)  LR: 1.000e-03  Data: 0.000 (0.020)
120
Train: 120 [   0/195 (  0%)]  Loss: 3.854 (3.85)  Time: 1.230s,  208.12/s  (1.230s,  208.12/s)  LR: 1.000e-03  Data: 0.728 (0.728)
Train: 120 [ 100/195 ( 52%)]  Loss: 3.957 (3.69)  Time: 0.519s,  493.19/s  (0.527s,  485.66/s)  LR: 1.000e-03  Data: 0.016 (0.023)
Train: 120 [ 194/195 (100%)]  Loss: 4.063 (3.69)  Time: 0.509s,  503.07/s  (0.524s,  488.87/s)  LR: 1.000e-03  Data: 0.000 (0.019)
121
Train: 121 [   0/195 (  0%)]  Loss: 3.674 (3.67)  Time: 1.200s,  213.41/s  (1.200s,  213.41/s)  LR: 1.000e-03  Data: 0.698 (0.698)
Train: 121 [ 100/195 ( 52%)]  Loss: 3.137 (3.73)  Time: 0.518s,  493.77/s  (0.526s,  486.78/s)  LR: 1.000e-03  Data: 0.015 (0.022)
Train: 121 [ 194/195 (100%)]  Loss: 3.223 (3.73)  Time: 0.505s,  506.55/s  (0.523s,  489.87/s)  LR: 1.000e-03  Data: 0.000 (0.019)
122
Train: 122 [   0/195 (  0%)]  Loss: 4.028 (4.03)  Time: 1.292s,  198.19/s  (1.292s,  198.19/s)  LR: 1.000e-03  Data: 0.789 (0.789)
Train: 122 [ 100/195 ( 52%)]  Loss: 4.110 (3.71)  Time: 0.517s,  494.77/s  (0.527s,  485.98/s)  LR: 1.000e-03  Data: 0.014 (0.023)
Train: 122 [ 194/195 (100%)]  Loss: 3.522 (3.69)  Time: 0.504s,  508.32/s  (0.523s,  489.20/s)  LR: 1.000e-03  Data: 0.000 (0.019)
123
Train: 123 [   0/195 (  0%)]  Loss: 3.906 (3.91)  Time: 1.264s,  202.60/s  (1.264s,  202.60/s)  LR: 1.000e-03  Data: 0.761 (0.761)
Train: 123 [ 100/195 ( 52%)]  Loss: 3.230 (3.81)  Time: 0.520s,  492.26/s  (0.527s,  486.21/s)  LR: 1.000e-03  Data: 0.017 (0.023)
Train: 123 [ 194/195 (100%)]  Loss: 3.142 (3.75)  Time: 0.506s,  505.88/s  (0.523s,  489.53/s)  LR: 1.000e-03  Data: 0.000 (0.019)
124
Train: 124 [   0/195 (  0%)]  Loss: 3.797 (3.80)  Time: 1.209s,  211.74/s  (1.209s,  211.74/s)  LR: 1.000e-03  Data: 0.705 (0.705)
Train: 124 [ 100/195 ( 52%)]  Loss: 3.664 (3.71)  Time: 0.523s,  489.46/s  (0.526s,  486.23/s)  LR: 1.000e-03  Data: 0.016 (0.022)
Train: 124 [ 194/195 (100%)]  Loss: 3.306 (3.72)  Time: 0.506s,  506.35/s  (0.523s,  489.28/s)  LR: 1.000e-03  Data: 0.000 (0.019)
125
Train: 125 [   0/195 (  0%)]  Loss: 3.813 (3.81)  Time: 1.236s,  207.06/s  (1.236s,  207.06/s)  LR: 1.000e-03  Data: 0.734 (0.734)
Train: 125 [ 100/195 ( 52%)]  Loss: 3.069 (3.70)  Time: 0.519s,  493.73/s  (0.526s,  486.37/s)  LR: 1.000e-03  Data: 0.016 (0.022)
Train: 125 [ 194/195 (100%)]  Loss: 3.258 (3.69)  Time: 0.506s,  505.94/s  (0.523s,  489.43/s)  LR: 1.000e-03  Data: 0.000 (0.019)
126
Train: 126 [   0/195 (  0%)]  Loss: 4.180 (4.18)  Time: 1.243s,  205.96/s  (1.243s,  205.96/s)  LR: 1.000e-03  Data: 0.740 (0.740)
Train: 126 [ 100/195 ( 52%)]  Loss: 3.581 (3.76)  Time: 0.520s,  492.19/s  (0.526s,  486.51/s)  LR: 1.000e-03  Data: 0.015 (0.022)
Train: 126 [ 194/195 (100%)]  Loss: 4.068 (3.75)  Time: 0.505s,  507.25/s  (0.523s,  489.41/s)  LR: 1.000e-03  Data: 0.000 (0.019)
127
Train: 127 [   0/195 (  0%)]  Loss: 4.009 (4.01)  Time: 1.179s,  217.12/s  (1.179s,  217.12/s)  LR: 1.000e-03  Data: 0.676 (0.676)
Train: 127 [ 100/195 ( 52%)]  Loss: 3.994 (3.76)  Time: 0.519s,  493.52/s  (0.526s,  486.97/s)  LR: 1.000e-03  Data: 0.014 (0.022)
Train: 127 [ 194/195 (100%)]  Loss: 3.157 (3.74)  Time: 0.507s,  505.39/s  (0.523s,  489.60/s)  LR: 1.000e-03  Data: 0.000 (0.019)
128
Train: 128 [   0/195 (  0%)]  Loss: 3.365 (3.36)  Time: 1.304s,  196.26/s  (1.304s,  196.26/s)  LR: 1.000e-03  Data: 0.799 (0.799)
Train: 128 [ 100/195 ( 52%)]  Loss: 3.735 (3.76)  Time: 0.520s,  492.04/s  (0.528s,  484.70/s)  LR: 1.000e-03  Data: 0.015 (0.023)
Train: 128 [ 194/195 (100%)]  Loss: 4.098 (3.75)  Time: 0.504s,  507.59/s  (0.524s,  488.34/s)  LR: 1.000e-03  Data: 0.000 (0.020)
129
Train: 129 [   0/195 (  0%)]  Loss: 3.601 (3.60)  Time: 1.242s,  206.12/s  (1.242s,  206.12/s)  LR: 1.000e-03  Data: 0.740 (0.740)
Train: 129 [ 100/195 ( 52%)]  Loss: 4.107 (3.72)  Time: 0.521s,  491.14/s  (0.527s,  485.92/s)  LR: 1.000e-03  Data: 0.016 (0.022)
Train: 129 [ 194/195 (100%)]  Loss: 4.066 (3.72)  Time: 0.506s,  505.56/s  (0.523s,  489.03/s)  LR: 1.000e-03  Data: 0.000 (0.019)
130
Train: 130 [   0/195 (  0%)]  Loss: 3.746 (3.75)  Time: 1.219s,  210.04/s  (1.219s,  210.04/s)  LR: 1.000e-03  Data: 0.716 (0.716)
Train: 130 [ 100/195 ( 52%)]  Loss: 3.188 (3.73)  Time: 0.519s,  493.32/s  (0.526s,  486.28/s)  LR: 1.000e-03  Data: 0.015 (0.022)
Train: 130 [ 194/195 (100%)]  Loss: 4.106 (3.76)  Time: 0.506s,  505.45/s  (0.523s,  489.18/s)  LR: 1.000e-03  Data: 0.000 (0.019)
131
Train: 131 [   0/195 (  0%)]  Loss: 3.705 (3.70)  Time: 1.124s,  227.69/s  (1.124s,  227.69/s)  LR: 1.000e-03  Data: 0.621 (0.621)
Train: 131 [ 100/195 ( 52%)]  Loss: 4.104 (3.66)  Time: 0.519s,  492.86/s  (0.526s,  487.04/s)  LR: 1.000e-03  Data: 0.015 (0.021)
Train: 131 [ 194/195 (100%)]  Loss: 3.429 (3.68)  Time: 0.503s,  508.91/s  (0.522s,  489.97/s)  LR: 1.000e-03  Data: 0.000 (0.019)
132
Train: 132 [   0/195 (  0%)]  Loss: 3.808 (3.81)  Time: 1.244s,  205.87/s  (1.244s,  205.87/s)  LR: 1.000e-03  Data: 0.742 (0.742)
Train: 132 [ 100/195 ( 52%)]  Loss: 4.040 (3.81)  Time: 0.519s,  493.12/s  (0.527s,  486.23/s)  LR: 1.000e-03  Data: 0.014 (0.023)
Train: 132 [ 194/195 (100%)]  Loss: 3.156 (3.78)  Time: 0.505s,  506.84/s  (0.523s,  489.88/s)  LR: 1.000e-03  Data: 0.000 (0.019)
133
Train: 133 [   0/195 (  0%)]  Loss: 4.047 (4.05)  Time: 1.158s,  220.99/s  (1.158s,  220.99/s)  LR: 1.000e-03  Data: 0.656 (0.656)
Train: 133 [ 100/195 ( 52%)]  Loss: 4.046 (3.76)  Time: 0.519s,  493.61/s  (0.529s,  484.15/s)  LR: 1.000e-03  Data: 0.015 (0.022)
Train: 133 [ 194/195 (100%)]  Loss: 4.084 (3.77)  Time: 0.505s,  506.69/s  (0.524s,  488.48/s)  LR: 1.000e-03  Data: 0.000 (0.019)
134
Train: 134 [   0/195 (  0%)]  Loss: 3.347 (3.35)  Time: 1.148s,  223.01/s  (1.148s,  223.01/s)  LR: 1.000e-03  Data: 0.645 (0.645)
Train: 134 [ 100/195 ( 52%)]  Loss: 4.163 (3.74)  Time: 0.520s,  491.89/s  (0.526s,  487.12/s)  LR: 1.000e-03  Data: 0.016 (0.022)
Train: 134 [ 194/195 (100%)]  Loss: 4.052 (3.77)  Time: 0.506s,  505.58/s  (0.523s,  489.82/s)  LR: 1.000e-03  Data: 0.000 (0.019)
135
Train: 135 [   0/195 (  0%)]  Loss: 3.951 (3.95)  Time: 1.179s,  217.15/s  (1.179s,  217.15/s)  LR: 1.000e-03  Data: 0.678 (0.678)
Train: 135 [ 100/195 ( 52%)]  Loss: 3.965 (3.81)  Time: 0.520s,  492.73/s  (0.525s,  487.45/s)  LR: 1.000e-03  Data: 0.015 (0.022)
Train: 135 [ 194/195 (100%)]  Loss: 3.373 (3.80)  Time: 0.504s,  507.92/s  (0.522s,  490.06/s)  LR: 1.000e-03  Data: 0.000 (0.019)
136
Train: 136 [   0/195 (  0%)]  Loss: 4.065 (4.07)  Time: 1.221s,  209.69/s  (1.221s,  209.69/s)  LR: 1.000e-03  Data: 0.716 (0.716)
Train: 136 [ 100/195 ( 52%)]  Loss: 4.088 (3.78)  Time: 0.520s,  492.46/s  (0.526s,  486.55/s)  LR: 1.000e-03  Data: 0.015 (0.022)
Train: 136 [ 194/195 (100%)]  Loss: 3.552 (3.77)  Time: 0.506s,  505.64/s  (0.523s,  489.64/s)  LR: 1.000e-03  Data: 0.000 (0.019)
137
Train: 137 [   0/195 (  0%)]  Loss: 4.028 (4.03)  Time: 1.202s,  213.03/s  (1.202s,  213.03/s)  LR: 1.000e-03  Data: 0.698 (0.698)
Train: 137 [ 100/195 ( 52%)]  Loss: 3.908 (3.81)  Time: 0.517s,  495.44/s  (0.526s,  486.56/s)  LR: 1.000e-03  Data: 0.014 (0.022)
Train: 137 [ 194/195 (100%)]  Loss: 3.891 (3.81)  Time: 0.504s,  507.62/s  (0.523s,  489.80/s)  LR: 1.000e-03  Data: 0.000 (0.019)
138
Train: 138 [   0/195 (  0%)]  Loss: 3.937 (3.94)  Time: 1.192s,  214.82/s  (1.192s,  214.82/s)  LR: 1.000e-03  Data: 0.691 (0.691)
Train: 138 [ 100/195 ( 52%)]  Loss: 3.915 (3.76)  Time: 0.521s,  491.74/s  (0.526s,  487.13/s)  LR: 1.000e-03  Data: 0.015 (0.022)
Train: 138 [ 194/195 (100%)]  Loss: 3.743 (3.77)  Time: 0.506s,  506.42/s  (0.522s,  490.10/s)  LR: 1.000e-03  Data: 0.000 (0.019)
139
Train: 139 [   0/195 (  0%)]  Loss: 3.468 (3.47)  Time: 1.201s,  213.15/s  (1.201s,  213.15/s)  LR: 1.000e-03  Data: 0.699 (0.699)
Train: 139 [ 100/195 ( 52%)]  Loss: 3.175 (3.77)  Time: 0.520s,  492.11/s  (0.526s,  486.62/s)  LR: 1.000e-03  Data: 0.016 (0.022)
Train: 139 [ 194/195 (100%)]  Loss: 3.919 (3.76)  Time: 0.505s,  507.06/s  (0.523s,  489.80/s)  LR: 1.000e-03  Data: 0.000 (0.019)
140
Train: 140 [   0/195 (  0%)]  Loss: 3.194 (3.19)  Time: 1.154s,  221.79/s  (1.154s,  221.79/s)  LR: 1.000e-03  Data: 0.652 (0.652)
Train: 140 [ 100/195 ( 52%)]  Loss: 4.101 (3.70)  Time: 0.520s,  491.84/s  (0.526s,  487.00/s)  LR: 1.000e-03  Data: 0.016 (0.022)
Train: 140 [ 194/195 (100%)]  Loss: 4.082 (3.72)  Time: 0.505s,  506.78/s  (0.523s,  489.85/s)  LR: 1.000e-03  Data: 0.000 (0.018)
141
Train: 141 [   0/195 (  0%)]  Loss: 4.117 (4.12)  Time: 1.201s,  213.12/s  (1.201s,  213.12/s)  LR: 1.000e-03  Data: 0.697 (0.697)
Train: 141 [ 100/195 ( 52%)]  Loss: 4.093 (3.81)  Time: 0.523s,  489.32/s  (0.526s,  486.97/s)  LR: 1.000e-03  Data: 0.015 (0.022)
Train: 141 [ 194/195 (100%)]  Loss: 4.067 (3.83)  Time: 0.503s,  508.62/s  (0.522s,  490.36/s)  LR: 1.000e-03  Data: 0.000 (0.019)
142
Train: 142 [   0/195 (  0%)]  Loss: 4.093 (4.09)  Time: 1.196s,  213.96/s  (1.196s,  213.96/s)  LR: 1.000e-03  Data: 0.695 (0.695)
Train: 142 [ 100/195 ( 52%)]  Loss: 3.981 (3.75)  Time: 0.517s,  495.50/s  (0.526s,  487.07/s)  LR: 1.000e-03  Data: 0.015 (0.022)
Train: 142 [ 194/195 (100%)]  Loss: 3.833 (3.75)  Time: 0.505s,  506.63/s  (0.522s,  490.14/s)  LR: 1.000e-03  Data: 0.000 (0.019)
143
Train: 143 [   0/195 (  0%)]  Loss: 3.781 (3.78)  Time: 1.149s,  222.75/s  (1.149s,  222.75/s)  LR: 1.000e-03  Data: 0.647 (0.647)
Train: 143 [ 100/195 ( 52%)]  Loss: 3.399 (3.73)  Time: 0.520s,  492.68/s  (0.525s,  487.39/s)  LR: 1.000e-03  Data: 0.015 (0.022)
Train: 143 [ 194/195 (100%)]  Loss: 3.647 (3.76)  Time: 0.506s,  505.63/s  (0.522s,  490.29/s)  LR: 1.000e-03  Data: 0.000 (0.019)
144
Train: 144 [   0/195 (  0%)]  Loss: 3.905 (3.90)  Time: 1.289s,  198.59/s  (1.289s,  198.59/s)  LR: 1.000e-03  Data: 0.787 (0.787)
Train: 144 [ 100/195 ( 52%)]  Loss: 3.376 (3.80)  Time: 0.519s,  493.22/s  (0.527s,  485.99/s)  LR: 1.000e-03  Data: 0.017 (0.023)
Train: 144 [ 194/195 (100%)]  Loss: 4.136 (3.80)  Time: 0.506s,  505.80/s  (0.523s,  489.40/s)  LR: 1.000e-03  Data: 0.000 (0.019)
145
Train: 145 [   0/195 (  0%)]  Loss: 3.829 (3.83)  Time: 1.275s,  200.78/s  (1.275s,  200.78/s)  LR: 1.000e-03  Data: 0.773 (0.773)
Train: 145 [ 100/195 ( 52%)]  Loss: 3.402 (3.79)  Time: 0.519s,  493.32/s  (0.527s,  485.99/s)  LR: 1.000e-03  Data: 0.016 (0.023)
Train: 145 [ 194/195 (100%)]  Loss: 3.995 (3.78)  Time: 0.505s,  506.53/s  (0.523s,  489.14/s)  LR: 1.000e-03  Data: 0.000 (0.020)
146
Train: 146 [   0/195 (  0%)]  Loss: 3.558 (3.56)  Time: 1.197s,  213.82/s  (1.197s,  213.82/s)  LR: 1.000e-03  Data: 0.694 (0.694)
Train: 146 [ 100/195 ( 52%)]  Loss: 3.925 (3.75)  Time: 0.519s,  492.85/s  (0.526s,  486.74/s)  LR: 1.000e-03  Data: 0.015 (0.022)
Train: 146 [ 194/195 (100%)]  Loss: 3.988 (3.78)  Time: 0.506s,  506.41/s  (0.523s,  489.78/s)  LR: 1.000e-03  Data: 0.000 (0.019)
147
Train: 147 [   0/195 (  0%)]  Loss: 3.773 (3.77)  Time: 1.184s,  216.30/s  (1.184s,  216.30/s)  LR: 1.000e-03  Data: 0.681 (0.681)
Train: 147 [ 100/195 ( 52%)]  Loss: 4.124 (3.78)  Time: 0.517s,  495.29/s  (0.526s,  486.48/s)  LR: 1.000e-03  Data: 0.015 (0.022)
Train: 147 [ 194/195 (100%)]  Loss: 3.797 (3.80)  Time: 0.505s,  506.52/s  (0.523s,  489.83/s)  LR: 1.000e-03  Data: 0.000 (0.019)
148
Train: 148 [   0/195 (  0%)]  Loss: 3.642 (3.64)  Time: 1.211s,  211.31/s  (1.211s,  211.31/s)  LR: 1.000e-03  Data: 0.709 (0.709)
Train: 148 [ 100/195 ( 52%)]  Loss: 4.094 (3.80)  Time: 0.520s,  492.53/s  (0.526s,  486.48/s)  LR: 1.000e-03  Data: 0.016 (0.022)
Train: 148 [ 194/195 (100%)]  Loss: 4.069 (3.78)  Time: 0.504s,  507.50/s  (0.523s,  489.49/s)  LR: 1.000e-03  Data: 0.000 (0.019)
149
Train: 149 [   0/195 (  0%)]  Loss: 3.604 (3.60)  Time: 1.202s,  212.99/s  (1.202s,  212.99/s)  LR: 1.000e-03  Data: 0.699 (0.699)
Train: 149 [ 100/195 ( 52%)]  Loss: 3.612 (3.82)  Time: 0.519s,  493.48/s  (0.526s,  486.68/s)  LR: 1.000e-03  Data: 0.016 (0.022)
Train: 149 [ 194/195 (100%)]  Loss: 4.124 (3.79)  Time: 0.505s,  507.09/s  (0.523s,  489.61/s)  LR: 1.000e-03  Data: 0.000 (0.019)
150
Train: 150 [   0/195 (  0%)]  Loss: 3.671 (3.67)  Time: 1.275s,  200.72/s  (1.275s,  200.72/s)  LR: 1.000e-03  Data: 0.773 (0.773)
Train: 150 [ 100/195 ( 52%)]  Loss: 4.095 (3.80)  Time: 0.519s,  493.36/s  (0.526s,  486.26/s)  LR: 1.000e-03  Data: 0.015 (0.023)
Train: 150 [ 194/195 (100%)]  Loss: 3.956 (3.79)  Time: 0.504s,  508.28/s  (0.523s,  489.75/s)  LR: 1.000e-03  Data: 0.000 (0.019)
151
Train: 151 [   0/195 (  0%)]  Loss: 3.937 (3.94)  Time: 1.162s,  220.24/s  (1.162s,  220.24/s)  LR: 1.000e-03  Data: 0.661 (0.661)
Train: 151 [ 100/195 ( 52%)]  Loss: 4.098 (3.82)  Time: 0.518s,  494.60/s  (0.525s,  487.49/s)  LR: 1.000e-03  Data: 0.015 (0.022)
Train: 151 [ 194/195 (100%)]  Loss: 3.772 (3.82)  Time: 0.504s,  508.02/s  (0.522s,  490.34/s)  LR: 1.000e-03  Data: 0.000 (0.019)
152
Train: 152 [   0/195 (  0%)]  Loss: 4.168 (4.17)  Time: 1.168s,  219.16/s  (1.168s,  219.16/s)  LR: 1.000e-03  Data: 0.666 (0.666)
Train: 152 [ 100/195 ( 52%)]  Loss: 3.607 (3.78)  Time: 0.519s,  493.55/s  (0.525s,  487.36/s)  LR: 1.000e-03  Data: 0.016 (0.022)
Train: 152 [ 194/195 (100%)]  Loss: 3.082 (3.79)  Time: 0.505s,  506.90/s  (0.522s,  489.99/s)  LR: 1.000e-03  Data: 0.000 (0.019)
153
Train: 153 [   0/195 (  0%)]  Loss: 4.242 (4.24)  Time: 1.306s,  196.08/s  (1.306s,  196.08/s)  LR: 1.000e-03  Data: 0.804 (0.804)
Train: 153 [ 100/195 ( 52%)]  Loss: 4.101 (3.79)  Time: 0.520s,  492.67/s  (0.527s,  486.08/s)  LR: 1.000e-03  Data: 0.015 (0.023)
Train: 153 [ 194/195 (100%)]  Loss: 3.712 (3.79)  Time: 0.507s,  505.30/s  (0.523s,  489.45/s)  LR: 1.000e-03  Data: 0.000 (0.019)
154
Train: 154 [   0/195 (  0%)]  Loss: 3.605 (3.61)  Time: 1.225s,  208.94/s  (1.225s,  208.94/s)  LR: 1.000e-03  Data: 0.724 (0.724)
Train: 154 [ 100/195 ( 52%)]  Loss: 4.213 (3.85)  Time: 0.519s,  493.70/s  (0.527s,  486.19/s)  LR: 1.000e-03  Data: 0.015 (0.023)
Train: 154 [ 194/195 (100%)]  Loss: 4.041 (3.81)  Time: 0.505s,  506.62/s  (0.523s,  489.25/s)  LR: 1.000e-03  Data: 0.000 (0.019)
155
Train: 155 [   0/195 (  0%)]  Loss: 3.157 (3.16)  Time: 1.117s,  229.11/s  (1.117s,  229.11/s)  LR: 1.000e-03  Data: 0.616 (0.616)
Train: 155 [ 100/195 ( 52%)]  Loss: 3.816 (3.79)  Time: 0.519s,  492.90/s  (0.525s,  487.43/s)  LR: 1.000e-03  Data: 0.015 (0.021)
Train: 155 [ 194/195 (100%)]  Loss: 3.373 (3.79)  Time: 0.505s,  506.74/s  (0.522s,  490.32/s)  LR: 1.000e-03  Data: 0.000 (0.018)
156
Train: 156 [   0/195 (  0%)]  Loss: 4.134 (4.13)  Time: 1.152s,  222.18/s  (1.152s,  222.18/s)  LR: 1.000e-03  Data: 0.651 (0.651)
Train: 156 [ 100/195 ( 52%)]  Loss: 3.794 (3.83)  Time: 0.520s,  492.24/s  (0.525s,  487.32/s)  LR: 1.000e-03  Data: 0.015 (0.022)
Train: 156 [ 194/195 (100%)]  Loss: 3.920 (3.82)  Time: 0.504s,  507.73/s  (0.522s,  490.00/s)  LR: 1.000e-03  Data: 0.000 (0.019)
157
Train: 157 [   0/195 (  0%)]  Loss: 4.083 (4.08)  Time: 1.245s,  205.58/s  (1.245s,  205.58/s)  LR: 1.000e-03  Data: 0.741 (0.741)
Train: 157 [ 100/195 ( 52%)]  Loss: 3.666 (3.74)  Time: 0.519s,  493.26/s  (0.527s,  485.88/s)  LR: 1.000e-03  Data: 0.016 (0.023)
Train: 157 [ 194/195 (100%)]  Loss: 4.125 (3.77)  Time: 0.505s,  506.68/s  (0.523s,  489.66/s)  LR: 1.000e-03  Data: 0.000 (0.019)
158
Train: 158 [   0/195 (  0%)]  Loss: 3.247 (3.25)  Time: 1.141s,  224.43/s  (1.141s,  224.43/s)  LR: 1.000e-03  Data: 0.634 (0.634)
Train: 158 [ 100/195 ( 52%)]  Loss: 3.993 (3.82)  Time: 0.520s,  492.66/s  (0.525s,  487.34/s)  LR: 1.000e-03  Data: 0.015 (0.022)
Train: 158 [ 194/195 (100%)]  Loss: 4.065 (3.82)  Time: 0.505s,  506.72/s  (0.522s,  490.03/s)  LR: 1.000e-03  Data: 0.000 (0.019)
159
Train: 159 [   0/195 (  0%)]  Loss: 4.202 (4.20)  Time: 1.152s,  222.27/s  (1.152s,  222.27/s)  LR: 1.000e-03  Data: 0.650 (0.650)
Train: 159 [ 100/195 ( 52%)]  Loss: 3.622 (3.84)  Time: 0.517s,  494.93/s  (0.525s,  487.47/s)  LR: 1.000e-03  Data: 0.015 (0.022)
Train: 159 [ 194/195 (100%)]  Loss: 3.759 (3.80)  Time: 0.506s,  505.91/s  (0.522s,  490.29/s)  LR: 1.000e-03  Data: 0.000 (0.019)
160
Train: 160 [   0/195 (  0%)]  Loss: 3.596 (3.60)  Time: 1.169s,  218.90/s  (1.169s,  218.90/s)  LR: 1.000e-03  Data: 0.667 (0.667)
Train: 160 [ 100/195 ( 52%)]  Loss: 3.963 (3.81)  Time: 0.518s,  493.77/s  (0.525s,  487.82/s)  LR: 1.000e-03  Data: 0.016 (0.022)
Train: 160 [ 194/195 (100%)]  Loss: 3.346 (3.82)  Time: 0.505s,  506.92/s  (0.522s,  490.54/s)  LR: 1.000e-03  Data: 0.000 (0.019)
161
Train: 161 [   0/195 (  0%)]  Loss: 3.377 (3.38)  Time: 1.266s,  202.19/s  (1.266s,  202.19/s)  LR: 1.000e-03  Data: 0.764 (0.764)
Train: 161 [ 100/195 ( 52%)]  Loss: 3.932 (3.75)  Time: 0.518s,  494.28/s  (0.527s,  486.07/s)  LR: 1.000e-03  Data: 0.015 (0.023)
Train: 161 [ 194/195 (100%)]  Loss: 4.146 (3.81)  Time: 0.505s,  507.25/s  (0.523s,  489.33/s)  LR: 1.000e-03  Data: 0.000 (0.020)
162
Train: 162 [   0/195 (  0%)]  Loss: 3.817 (3.82)  Time: 1.203s,  212.78/s  (1.203s,  212.78/s)  LR: 1.000e-03  Data: 0.701 (0.701)
Train: 162 [ 100/195 ( 52%)]  Loss: 3.742 (3.83)  Time: 0.521s,  491.23/s  (0.526s,  487.00/s)  LR: 1.000e-03  Data: 0.016 (0.022)
Train: 162 [ 194/195 (100%)]  Loss: 3.684 (3.84)  Time: 0.504s,  507.83/s  (0.522s,  490.12/s)  LR: 1.000e-03  Data: 0.000 (0.019)
163
Train: 163 [   0/195 (  0%)]  Loss: 3.831 (3.83)  Time: 1.216s,  210.58/s  (1.216s,  210.58/s)  LR: 1.000e-03  Data: 0.714 (0.714)
Train: 163 [ 100/195 ( 52%)]  Loss: 3.383 (3.76)  Time: 0.520s,  492.73/s  (0.525s,  487.34/s)  LR: 1.000e-03  Data: 0.015 (0.022)
Train: 163 [ 194/195 (100%)]  Loss: 3.764 (3.81)  Time: 0.503s,  508.92/s  (0.522s,  490.25/s)  LR: 1.000e-03  Data: 0.000 (0.019)
164
Train: 164 [   0/195 (  0%)]  Loss: 3.577 (3.58)  Time: 1.229s,  208.32/s  (1.229s,  208.32/s)  LR: 1.000e-03  Data: 0.729 (0.729)
Train: 164 [ 100/195 ( 52%)]  Loss: 3.714 (3.83)  Time: 0.521s,  491.60/s  (0.526s,  486.35/s)  LR: 1.000e-03  Data: 0.015 (0.022)
Train: 164 [ 194/195 (100%)]  Loss: 3.206 (3.82)  Time: 0.506s,  506.31/s  (0.523s,  489.51/s)  LR: 1.000e-03  Data: 0.000 (0.019)
165
Train: 165 [   0/195 (  0%)]  Loss: 3.670 (3.67)  Time: 1.243s,  206.00/s  (1.243s,  206.00/s)  LR: 1.000e-03  Data: 0.741 (0.741)
Train: 165 [ 100/195 ( 52%)]  Loss: 4.059 (3.84)  Time: 0.520s,  492.00/s  (0.526s,  486.71/s)  LR: 1.000e-03  Data: 0.015 (0.023)
Train: 165 [ 194/195 (100%)]  Loss: 3.916 (3.84)  Time: 0.506s,  505.90/s  (0.523s,  489.80/s)  LR: 1.000e-03  Data: 0.000 (0.019)
166
Train: 166 [   0/195 (  0%)]  Loss: 4.189 (4.19)  Time: 1.128s,  226.91/s  (1.128s,  226.91/s)  LR: 1.000e-03  Data: 0.625 (0.625)
Train: 166 [ 100/195 ( 52%)]  Loss: 3.456 (3.83)  Time: 0.521s,  491.58/s  (0.525s,  487.16/s)  LR: 1.000e-03  Data: 0.016 (0.022)
Train: 166 [ 194/195 (100%)]  Loss: 3.960 (3.83)  Time: 0.504s,  507.96/s  (0.523s,  489.93/s)  LR: 1.000e-03  Data: 0.000 (0.019)
167
Train: 167 [   0/195 (  0%)]  Loss: 3.414 (3.41)  Time: 1.168s,  219.14/s  (1.168s,  219.14/s)  LR: 1.000e-03  Data: 0.662 (0.662)
Train: 167 [ 100/195 ( 52%)]  Loss: 4.295 (3.83)  Time: 0.519s,  493.61/s  (0.526s,  487.04/s)  LR: 1.000e-03  Data: 0.015 (0.022)
Train: 167 [ 194/195 (100%)]  Loss: 4.103 (3.85)  Time: 0.504s,  507.86/s  (0.523s,  489.86/s)  LR: 1.000e-03  Data: 0.000 (0.019)
168
Train: 168 [   0/195 (  0%)]  Loss: 3.504 (3.50)  Time: 1.284s,  199.32/s  (1.284s,  199.32/s)  LR: 1.000e-03  Data: 0.782 (0.782)
Train: 168 [ 100/195 ( 52%)]  Loss: 3.294 (3.80)  Time: 0.518s,  494.51/s  (0.526s,  487.00/s)  LR: 1.000e-03  Data: 0.015 (0.023)
Train: 168 [ 194/195 (100%)]  Loss: 3.944 (3.81)  Time: 0.506s,  506.24/s  (0.523s,  489.71/s)  LR: 1.000e-03  Data: 0.000 (0.020)
169
Train: 169 [   0/195 (  0%)]  Loss: 4.196 (4.20)  Time: 1.157s,  221.36/s  (1.157s,  221.36/s)  LR: 1.000e-03  Data: 0.656 (0.656)
Train: 169 [ 100/195 ( 52%)]  Loss: 3.418 (3.83)  Time: 0.521s,  491.53/s  (0.525s,  487.33/s)  LR: 1.000e-03  Data: 0.015 (0.022)
Train: 169 [ 194/195 (100%)]  Loss: 4.124 (3.81)  Time: 0.504s,  507.51/s  (0.522s,  490.16/s)  LR: 1.000e-03  Data: 0.000 (0.019)
170
Train: 170 [   0/195 (  0%)]  Loss: 3.580 (3.58)  Time: 1.159s,  220.87/s  (1.159s,  220.87/s)  LR: 1.000e-03  Data: 0.658 (0.658)
Train: 170 [ 100/195 ( 52%)]  Loss: 4.081 (3.86)  Time: 0.519s,  493.56/s  (0.526s,  487.06/s)  LR: 1.000e-03  Data: 0.016 (0.022)
Train: 170 [ 194/195 (100%)]  Loss: 4.009 (3.84)  Time: 0.505s,  506.46/s  (0.523s,  489.91/s)  LR: 1.000e-03  Data: 0.000 (0.019)
171
Train: 171 [   0/195 (  0%)]  Loss: 4.028 (4.03)  Time: 1.190s,  215.09/s  (1.190s,  215.09/s)  LR: 1.000e-03  Data: 0.688 (0.688)
Train: 171 [ 100/195 ( 52%)]  Loss: 4.205 (3.81)  Time: 0.518s,  493.75/s  (0.525s,  487.39/s)  LR: 1.000e-03  Data: 0.015 (0.022)
Train: 171 [ 194/195 (100%)]  Loss: 3.879 (3.80)  Time: 0.503s,  508.54/s  (0.522s,  490.30/s)  LR: 1.000e-03  Data: 0.000 (0.019)
172
Train: 172 [   0/195 (  0%)]  Loss: 4.024 (4.02)  Time: 1.163s,  220.09/s  (1.163s,  220.09/s)  LR: 1.000e-03  Data: 0.662 (0.662)
Train: 172 [ 100/195 ( 52%)]  Loss: 3.655 (3.83)  Time: 0.520s,  492.31/s  (0.526s,  486.96/s)  LR: 1.000e-03  Data: 0.015 (0.022)
Train: 172 [ 194/195 (100%)]  Loss: 3.356 (3.83)  Time: 0.505s,  507.07/s  (0.522s,  490.05/s)  LR: 1.000e-03  Data: 0.000 (0.019)
173
Train: 173 [   0/195 (  0%)]  Loss: 3.809 (3.81)  Time: 1.255s,  203.93/s  (1.255s,  203.93/s)  LR: 1.000e-03  Data: 0.754 (0.754)
Train: 173 [ 100/195 ( 52%)]  Loss: 3.477 (3.81)  Time: 0.518s,  493.92/s  (0.525s,  487.22/s)  LR: 1.000e-03  Data: 0.016 (0.022)
Train: 173 [ 194/195 (100%)]  Loss: 4.200 (3.79)  Time: 0.504s,  507.74/s  (0.522s,  490.25/s)  LR: 1.000e-03  Data: 0.000 (0.019)
174
Train: 174 [   0/195 (  0%)]  Loss: 3.498 (3.50)  Time: 1.253s,  204.35/s  (1.253s,  204.35/s)  LR: 1.000e-03  Data: 0.749 (0.749)
Train: 174 [ 100/195 ( 52%)]  Loss: 4.179 (3.83)  Time: 0.520s,  492.05/s  (0.526s,  486.83/s)  LR: 1.000e-03  Data: 0.016 (0.023)
Train: 174 [ 194/195 (100%)]  Loss: 3.844 (3.84)  Time: 0.504s,  508.19/s  (0.523s,  489.83/s)  LR: 1.000e-03  Data: 0.000 (0.019)
175
Train: 175 [   0/195 (  0%)]  Loss: 3.969 (3.97)  Time: 1.157s,  221.35/s  (1.157s,  221.35/s)  LR: 1.000e-03  Data: 0.656 (0.656)
Train: 175 [ 100/195 ( 52%)]  Loss: 3.632 (3.77)  Time: 0.518s,  494.57/s  (0.525s,  487.91/s)  LR: 1.000e-03  Data: 0.015 (0.022)
Train: 175 [ 194/195 (100%)]  Loss: 4.153 (3.81)  Time: 0.506s,  506.22/s  (0.522s,  490.80/s)  LR: 1.000e-03  Data: 0.000 (0.018)
176
Train: 176 [   0/195 (  0%)]  Loss: 4.205 (4.21)  Time: 1.207s,  212.08/s  (1.207s,  212.08/s)  LR: 1.000e-03  Data: 0.702 (0.702)
Train: 176 [ 100/195 ( 52%)]  Loss: 3.565 (3.83)  Time: 0.518s,  494.61/s  (0.525s,  487.52/s)  LR: 1.000e-03  Data: 0.015 (0.022)
Train: 176 [ 194/195 (100%)]  Loss: 3.391 (3.84)  Time: 0.503s,  508.65/s  (0.522s,  490.30/s)  LR: 1.000e-03  Data: 0.000 (0.019)
177
Train: 177 [   0/195 (  0%)]  Loss: 3.975 (3.97)  Time: 1.132s,  226.05/s  (1.132s,  226.05/s)  LR: 1.000e-03  Data: 0.631 (0.631)
Train: 177 [ 100/195 ( 52%)]  Loss: 3.677 (3.81)  Time: 0.518s,  493.75/s  (0.525s,  488.02/s)  LR: 1.000e-03  Data: 0.015 (0.022)
Train: 177 [ 194/195 (100%)]  Loss: 3.725 (3.82)  Time: 0.506s,  506.14/s  (0.522s,  490.62/s)  LR: 1.000e-03  Data: 0.000 (0.019)
178
Train: 178 [   0/195 (  0%)]  Loss: 3.502 (3.50)  Time: 1.215s,  210.76/s  (1.215s,  210.76/s)  LR: 1.000e-03  Data: 0.714 (0.714)
Train: 178 [ 100/195 ( 52%)]  Loss: 3.678 (3.82)  Time: 0.518s,  494.32/s  (0.526s,  486.63/s)  LR: 1.000e-03  Data: 0.015 (0.022)
Train: 178 [ 194/195 (100%)]  Loss: 4.048 (3.86)  Time: 0.505s,  507.23/s  (0.523s,  489.80/s)  LR: 1.000e-03  Data: 0.000 (0.019)
179
Train: 179 [   0/195 (  0%)]  Loss: 3.760 (3.76)  Time: 1.249s,  204.93/s  (1.249s,  204.93/s)  LR: 1.000e-03  Data: 0.747 (0.747)
Train: 179 [ 100/195 ( 52%)]  Loss: 3.480 (3.89)  Time: 0.521s,  491.68/s  (0.526s,  487.06/s)  LR: 1.000e-03  Data: 0.016 (0.023)
Train: 179 [ 194/195 (100%)]  Loss: 3.446 (3.86)  Time: 0.504s,  508.32/s  (0.523s,  489.90/s)  LR: 1.000e-03  Data: 0.000 (0.019)
180
Train: 180 [   0/195 (  0%)]  Loss: 4.153 (4.15)  Time: 1.274s,  200.96/s  (1.274s,  200.96/s)  LR: 1.000e-03  Data: 0.773 (0.773)
Train: 180 [ 100/195 ( 52%)]  Loss: 3.345 (3.81)  Time: 0.519s,  492.97/s  (0.526s,  486.44/s)  LR: 1.000e-03  Data: 0.015 (0.023)
Train: 180 [ 194/195 (100%)]  Loss: 3.456 (3.84)  Time: 0.506s,  506.28/s  (0.522s,  490.16/s)  LR: 1.000e-03  Data: 0.000 (0.019)
181
Train: 181 [   0/195 (  0%)]  Loss: 3.251 (3.25)  Time: 1.140s,  224.54/s  (1.140s,  224.54/s)  LR: 1.000e-03  Data: 0.639 (0.639)
Train: 181 [ 100/195 ( 52%)]  Loss: 3.580 (3.84)  Time: 0.519s,  493.71/s  (0.525s,  487.62/s)  LR: 1.000e-03  Data: 0.015 (0.022)
Train: 181 [ 194/195 (100%)]  Loss: 4.184 (3.84)  Time: 0.505s,  507.21/s  (0.522s,  490.61/s)  LR: 1.000e-03  Data: 0.000 (0.019)
182
Train: 182 [   0/195 (  0%)]  Loss: 4.106 (4.11)  Time: 1.256s,  203.75/s  (1.256s,  203.75/s)  LR: 1.000e-03  Data: 0.755 (0.755)
Train: 182 [ 100/195 ( 52%)]  Loss: 3.535 (3.78)  Time: 0.518s,  494.29/s  (0.526s,  486.66/s)  LR: 1.000e-03  Data: 0.015 (0.023)
Train: 182 [ 194/195 (100%)]  Loss: 4.017 (3.82)  Time: 0.506s,  505.72/s  (0.522s,  490.40/s)  LR: 1.000e-03  Data: 0.000 (0.019)
183
Train: 183 [   0/195 (  0%)]  Loss: 3.551 (3.55)  Time: 1.144s,  223.77/s  (1.144s,  223.77/s)  LR: 1.000e-03  Data: 0.642 (0.642)
Train: 183 [ 100/195 ( 52%)]  Loss: 3.652 (3.82)  Time: 0.520s,  492.17/s  (0.525s,  487.67/s)  LR: 1.000e-03  Data: 0.016 (0.022)
Train: 183 [ 194/195 (100%)]  Loss: 4.053 (3.82)  Time: 0.510s,  501.94/s  (0.522s,  490.29/s)  LR: 1.000e-03  Data: 0.000 (0.019)
184
Train: 184 [   0/195 (  0%)]  Loss: 4.149 (4.15)  Time: 1.194s,  214.33/s  (1.194s,  214.33/s)  LR: 1.000e-03  Data: 0.692 (0.692)
Train: 184 [ 100/195 ( 52%)]  Loss: 3.452 (3.78)  Time: 0.518s,  494.17/s  (0.525s,  487.39/s)  LR: 1.000e-03  Data: 0.015 (0.022)
Train: 184 [ 194/195 (100%)]  Loss: 4.058 (3.81)  Time: 0.506s,  506.38/s  (0.522s,  490.09/s)  LR: 1.000e-03  Data: 0.000 (0.019)
185
Train: 185 [   0/195 (  0%)]  Loss: 4.056 (4.06)  Time: 1.216s,  210.58/s  (1.216s,  210.58/s)  LR: 1.000e-03  Data: 0.714 (0.714)
Train: 185 [ 100/195 ( 52%)]  Loss: 3.859 (3.80)  Time: 0.518s,  493.83/s  (0.526s,  486.87/s)  LR: 1.000e-03  Data: 0.015 (0.023)
Train: 185 [ 194/195 (100%)]  Loss: 3.736 (3.78)  Time: 0.504s,  507.68/s  (0.522s,  490.01/s)  LR: 1.000e-03  Data: 0.000 (0.019)
186
Train: 186 [   0/195 (  0%)]  Loss: 4.249 (4.25)  Time: 1.267s,  202.03/s  (1.267s,  202.03/s)  LR: 1.000e-03  Data: 0.765 (0.765)
Train: 186 [ 100/195 ( 52%)]  Loss: 3.966 (3.82)  Time: 0.520s,  492.24/s  (0.526s,  486.73/s)  LR: 1.000e-03  Data: 0.016 (0.023)
Train: 186 [ 194/195 (100%)]  Loss: 4.142 (3.84)  Time: 0.505s,  507.07/s  (0.523s,  489.89/s)  LR: 1.000e-03  Data: 0.000 (0.019)
187
Train: 187 [   0/195 (  0%)]  Loss: 4.215 (4.21)  Time: 1.174s,  218.12/s  (1.174s,  218.12/s)  LR: 1.000e-03  Data: 0.671 (0.671)
Train: 187 [ 100/195 ( 52%)]  Loss: 3.477 (3.80)  Time: 0.518s,  494.25/s  (0.525s,  487.46/s)  LR: 1.000e-03  Data: 0.015 (0.022)
Train: 187 [ 194/195 (100%)]  Loss: 3.853 (3.82)  Time: 0.503s,  508.73/s  (0.522s,  490.37/s)  LR: 1.000e-03  Data: 0.000 (0.019)
188
Train: 188 [   0/195 (  0%)]  Loss: 3.784 (3.78)  Time: 1.220s,  209.84/s  (1.220s,  209.84/s)  LR: 1.000e-03  Data: 0.719 (0.719)
Train: 188 [ 100/195 ( 52%)]  Loss: 3.621 (3.80)  Time: 0.519s,  493.16/s  (0.526s,  487.08/s)  LR: 1.000e-03  Data: 0.016 (0.022)
Train: 188 [ 194/195 (100%)]  Loss: 3.950 (3.84)  Time: 0.504s,  508.43/s  (0.522s,  490.31/s)  LR: 1.000e-03  Data: 0.000 (0.019)
189
Train: 189 [   0/195 (  0%)]  Loss: 4.119 (4.12)  Time: 1.217s,  210.32/s  (1.217s,  210.32/s)  LR: 1.000e-03  Data: 0.715 (0.715)
Train: 189 [ 100/195 ( 52%)]  Loss: 4.130 (3.88)  Time: 0.518s,  493.86/s  (0.527s,  486.14/s)  LR: 1.000e-03  Data: 0.016 (0.023)
Train: 189 [ 194/195 (100%)]  Loss: 3.966 (3.86)  Time: 0.504s,  507.90/s  (0.523s,  489.74/s)  LR: 1.000e-03  Data: 0.000 (0.019)
190
Train: 190 [   0/195 (  0%)]  Loss: 3.226 (3.23)  Time: 1.190s,  215.09/s  (1.190s,  215.09/s)  LR: 1.000e-03  Data: 0.689 (0.689)
Train: 190 [ 100/195 ( 52%)]  Loss: 3.878 (3.86)  Time: 0.518s,  494.61/s  (0.525s,  487.93/s)  LR: 1.000e-03  Data: 0.015 (0.022)
Train: 190 [ 194/195 (100%)]  Loss: 4.054 (3.86)  Time: 0.503s,  508.68/s  (0.522s,  490.60/s)  LR: 1.000e-03  Data: 0.000 (0.019)
191
Train: 191 [   0/195 (  0%)]  Loss: 4.172 (4.17)  Time: 1.204s,  212.59/s  (1.204s,  212.59/s)  LR: 1.000e-03  Data: 0.703 (0.703)
Train: 191 [ 100/195 ( 52%)]  Loss: 4.127 (3.88)  Time: 0.517s,  495.25/s  (0.525s,  487.43/s)  LR: 1.000e-03  Data: 0.015 (0.022)
Train: 191 [ 194/195 (100%)]  Loss: 4.258 (3.86)  Time: 0.504s,  508.26/s  (0.522s,  490.44/s)  LR: 1.000e-03  Data: 0.000 (0.019)
192
Train: 192 [   0/195 (  0%)]  Loss: 3.912 (3.91)  Time: 1.204s,  212.62/s  (1.204s,  212.62/s)  LR: 1.000e-03  Data: 0.701 (0.701)
Train: 192 [ 100/195 ( 52%)]  Loss: 3.808 (3.85)  Time: 0.518s,  493.85/s  (0.525s,  487.41/s)  LR: 1.000e-03  Data: 0.015 (0.022)
Train: 192 [ 194/195 (100%)]  Loss: 4.111 (3.86)  Time: 0.504s,  507.90/s  (0.522s,  490.38/s)  LR: 1.000e-03  Data: 0.000 (0.019)
193
Train: 193 [   0/195 (  0%)]  Loss: 3.717 (3.72)  Time: 1.230s,  208.15/s  (1.230s,  208.15/s)  LR: 1.000e-03  Data: 0.729 (0.729)
Train: 193 [ 100/195 ( 52%)]  Loss: 4.010 (3.86)  Time: 0.517s,  495.24/s  (0.526s,  486.85/s)  LR: 1.000e-03  Data: 0.015 (0.023)
Train: 193 [ 194/195 (100%)]  Loss: 4.032 (3.89)  Time: 0.504s,  508.14/s  (0.522s,  490.65/s)  LR: 1.000e-03  Data: 0.000 (0.019)
194
Train: 194 [   0/195 (  0%)]  Loss: 4.075 (4.08)  Time: 1.193s,  214.63/s  (1.193s,  214.63/s)  LR: 1.000e-03  Data: 0.692 (0.692)
Train: 194 [ 100/195 ( 52%)]  Loss: 4.084 (3.84)  Time: 0.518s,  494.69/s  (0.524s,  488.30/s)  LR: 1.000e-03  Data: 0.015 (0.022)
Train: 194 [ 194/195 (100%)]  Loss: 3.251 (3.85)  Time: 0.503s,  508.53/s  (0.521s,  491.06/s)  LR: 1.000e-03  Data: 0.000 (0.019)
195
Train: 195 [   0/195 (  0%)]  Loss: 3.216 (3.22)  Time: 1.243s,  206.03/s  (1.243s,  206.03/s)  LR: 1.000e-03  Data: 0.737 (0.737)
Train: 195 [ 100/195 ( 52%)]  Loss: 3.704 (3.80)  Time: 0.518s,  494.23/s  (0.526s,  486.32/s)  LR: 1.000e-03  Data: 0.016 (0.023)
Train: 195 [ 194/195 (100%)]  Loss: 3.266 (3.80)  Time: 0.505s,  506.63/s  (0.523s,  489.65/s)  LR: 1.000e-03  Data: 0.000 (0.019)
196
Train: 196 [   0/195 (  0%)]  Loss: 3.593 (3.59)  Time: 1.168s,  219.10/s  (1.168s,  219.10/s)  LR: 1.000e-03  Data: 0.667 (0.667)
Train: 196 [ 100/195 ( 52%)]  Loss: 3.825 (3.85)  Time: 0.518s,  494.56/s  (0.525s,  487.69/s)  LR: 1.000e-03  Data: 0.015 (0.022)
Train: 196 [ 194/195 (100%)]  Loss: 3.992 (3.86)  Time: 0.503s,  509.14/s  (0.522s,  490.45/s)  LR: 1.000e-03  Data: 0.000 (0.019)
197
Train: 197 [   0/195 (  0%)]  Loss: 4.021 (4.02)  Time: 1.228s,  208.47/s  (1.228s,  208.47/s)  LR: 1.000e-03  Data: 0.726 (0.726)
Train: 197 [ 100/195 ( 52%)]  Loss: 4.138 (3.85)  Time: 0.518s,  494.23/s  (0.526s,  487.01/s)  LR: 1.000e-03  Data: 0.015 (0.023)
Train: 197 [ 194/195 (100%)]  Loss: 4.300 (3.85)  Time: 0.504s,  507.48/s  (0.522s,  490.32/s)  LR: 1.000e-03  Data: 0.000 (0.019)
198
Train: 198 [   0/195 (  0%)]  Loss: 3.753 (3.75)  Time: 1.199s,  213.60/s  (1.199s,  213.60/s)  LR: 1.000e-03  Data: 0.697 (0.697)
Train: 198 [ 100/195 ( 52%)]  Loss: 4.030 (3.90)  Time: 0.517s,  495.22/s  (0.524s,  488.28/s)  LR: 1.000e-03  Data: 0.015 (0.022)
Train: 198 [ 194/195 (100%)]  Loss: 3.620 (3.89)  Time: 0.503s,  509.38/s  (0.521s,  491.31/s)  LR: 1.000e-03  Data: 0.000 (0.019)
199
Train: 199 [   0/195 (  0%)]  Loss: 3.170 (3.17)  Time: 1.177s,  217.51/s  (1.177s,  217.51/s)  LR: 1.000e-03  Data: 0.676 (0.676)
Train: 199 [ 100/195 ( 52%)]  Loss: 3.955 (3.82)  Time: 0.522s,  490.06/s  (0.524s,  488.32/s)  LR: 1.000e-03  Data: 0.018 (0.022)
Train: 199 [ 194/195 (100%)]  Loss: 4.104 (3.84)  Time: 0.505s,  506.82/s  (0.522s,  490.68/s)  LR: 1.000e-03  Data: 0.000 (0.019)
Test: [   0/39]  Time: 1.009 (1.009)  Loss:  2.4102 (2.4102)  Acc@1: 52.3438 (52.3438)  Acc@5: 78.5156 (78.5156)
Test: [  39/39]  Time: 0.079 (0.230)  Loss:  2.5332 (2.5198)  Acc@1: 43.7500 (48.9200)  Acc@5: 81.2500 (77.4300)
Test: [Whole Val]  Time: 9.216  Loss: 2.5198  Acc@1: 48.9200 Pruned: 78.83% 
*** Pruned results: OrderedDict([('loss', 2.519753125), ('top1', 48.92), ('top5', 77.43), ('pruned', 0.7882657027363185)])
Pruned: 50.00%
Train: 200 [   0/195 (  0%)]  Loss: 3.908 (3.91)  Time: 1.291s,  198.23/s  (1.291s,  198.23/s)  LR: 1.000e-07  Data: 0.783 (0.783)
Train: 200 [ 100/195 ( 52%)]  Loss: 3.954 (3.98)  Time: 0.514s,  497.79/s  (0.523s,  489.50/s)  LR: 1.000e-07  Data: 0.015 (0.023)
Train: 200 [ 194/195 (100%)]  Loss: 4.058 (3.96)  Time: 0.500s,  511.73/s  (0.520s,  492.73/s)  LR: 1.000e-07  Data: 0.000 (0.019)
Test: [   0/39]  Time: 0.640 (0.640)  Loss:  2.4062 (2.4062)  Acc@1: 52.3438 (52.3438)  Acc@5: 78.5156 (78.5156)
Test: [  39/39]  Time: 0.016 (0.220)  Loss:  2.5293 (2.5169)  Acc@1: 43.7500 (49.0400)  Acc@5: 81.2500 (77.5200)
Test: [Whole Val]  Time: 8.787  Loss: 2.5169  Acc@1: 49.0400 Pruned: 78.83% 
Train: 201 [   0/195 (  0%)]  Loss: 4.005 (4.01)  Time: 1.339s,  191.21/s  (1.339s,  191.21/s)  LR: 1.000e-07  Data: 0.838 (0.838)
Train: 201 [ 100/195 ( 52%)]  Loss: 4.173 (3.98)  Time: 0.525s,  487.20/s  (0.525s,  487.43/s)  LR: 1.000e-07  Data: 0.017 (0.024)
Train: 201 [ 194/195 (100%)]  Loss: 4.070 (3.96)  Time: 0.503s,  509.13/s  (0.521s,  491.61/s)  LR: 1.000e-07  Data: 0.000 (0.020)
Test: [   0/39]  Time: 0.612 (0.612)  Loss:  2.4023 (2.4023)  Acc@1: 52.3438 (52.3438)  Acc@5: 78.5156 (78.5156)
Test: [  39/39]  Time: 0.016 (0.219)  Loss:  2.5234 (2.5141)  Acc@1: 43.7500 (49.1600)  Acc@5: 81.2500 (77.5900)
Test: [Whole Val]  Time: 8.772  Loss: 2.5141  Acc@1: 49.1600 Pruned: 78.83% 
Train: 202 [   0/195 (  0%)]  Loss: 3.965 (3.97)  Time: 1.178s,  217.33/s  (1.178s,  217.33/s)  LR: 1.000e-07  Data: 0.678 (0.678)
Train: 202 [ 100/195 ( 52%)]  Loss: 3.550 (3.99)  Time: 0.517s,  495.57/s  (0.522s,  490.14/s)  LR: 1.000e-07  Data: 0.016 (0.022)
Train: 202 [ 194/195 (100%)]  Loss: 4.172 (3.98)  Time: 0.501s,  510.91/s  (0.519s,  493.02/s)  LR: 1.000e-07  Data: 0.000 (0.019)
Test: [   0/39]  Time: 0.576 (0.576)  Loss:  2.4004 (2.4004)  Acc@1: 52.3438 (52.3438)  Acc@5: 78.5156 (78.5156)
Test: [  39/39]  Time: 0.016 (0.218)  Loss:  2.5195 (2.5113)  Acc@1: 43.7500 (49.3100)  Acc@5: 81.2500 (77.6400)
Test: [Whole Val]  Time: 8.721  Loss: 2.5113  Acc@1: 49.3100 Pruned: 78.82% 
Train: 203 [   0/195 (  0%)]  Loss: 4.170 (4.17)  Time: 1.142s,  224.10/s  (1.142s,  224.10/s)  LR: 1.000e-07  Data: 0.645 (0.645)
Train: 203 [ 100/195 ( 52%)]  Loss: 3.560 (3.96)  Time: 0.515s,  496.80/s  (0.522s,  490.27/s)  LR: 1.000e-07  Data: 0.016 (0.022)
Train: 203 [ 194/195 (100%)]  Loss: 4.092 (3.95)  Time: 0.501s,  510.57/s  (0.519s,  493.58/s)  LR: 1.000e-07  Data: 0.000 (0.019)
Test: [   0/39]  Time: 0.616 (0.616)  Loss:  2.3965 (2.3965)  Acc@1: 52.3438 (52.3438)  Acc@5: 78.1250 (78.1250)
Test: [  39/39]  Time: 0.016 (0.219)  Loss:  2.5156 (2.5087)  Acc@1: 43.7500 (49.3900)  Acc@5: 81.2500 (77.7400)
Test: [Whole Val]  Time: 8.751  Loss: 2.5087  Acc@1: 49.3900 Pruned: 78.82% 
Train: 204 [   0/195 (  0%)]  Loss: 4.168 (4.17)  Time: 1.268s,  201.95/s  (1.268s,  201.95/s)  LR: 1.000e-07  Data: 0.768 (0.768)
Train: 204 [ 100/195 ( 52%)]  Loss: 4.171 (3.96)  Time: 0.516s,  495.84/s  (0.522s,  490.28/s)  LR: 1.000e-07  Data: 0.016 (0.023)
Train: 204 [ 194/195 (100%)]  Loss: 4.082 (3.96)  Time: 0.503s,  508.95/s  (0.519s,  493.56/s)  LR: 1.000e-07  Data: 0.000 (0.019)
Test: [   0/39]  Time: 0.628 (0.628)  Loss:  2.3926 (2.3926)  Acc@1: 52.3438 (52.3438)  Acc@5: 78.1250 (78.1250)
Test: [  39/39]  Time: 0.017 (0.220)  Loss:  2.5117 (2.5059)  Acc@1: 43.7500 (49.5300)  Acc@5: 81.2500 (77.7800)
Test: [Whole Val]  Time: 8.781  Loss: 2.5059  Acc@1: 49.5300 Pruned: 78.82% 
Train: 205 [   0/195 (  0%)]  Loss: 4.020 (4.02)  Time: 1.135s,  225.56/s  (1.135s,  225.56/s)  LR: 1.000e-07  Data: 0.636 (0.636)
Train: 205 [ 100/195 ( 52%)]  Loss: 3.583 (3.95)  Time: 0.515s,  496.69/s  (0.521s,  491.75/s)  LR: 1.000e-07  Data: 0.016 (0.022)
Train: 205 [ 194/195 (100%)]  Loss: 3.842 (3.95)  Time: 0.501s,  511.38/s  (0.518s,  494.46/s)  LR: 1.000e-07  Data: 0.000 (0.019)
Test: [   0/39]  Time: 0.604 (0.604)  Loss:  2.3906 (2.3906)  Acc@1: 52.3438 (52.3438)  Acc@5: 78.5156 (78.5156)
Test: [  39/39]  Time: 0.016 (0.219)  Loss:  2.5059 (2.5034)  Acc@1: 43.7500 (49.5800)  Acc@5: 81.2500 (77.9200)
Test: [Whole Val]  Time: 8.742  Loss: 2.5034  Acc@1: 49.5800 Pruned: 78.82% 
Train: 206 [   0/195 (  0%)]  Loss: 3.815 (3.81)  Time: 1.166s,  219.63/s  (1.166s,  219.63/s)  LR: 1.000e-07  Data: 0.667 (0.667)
Train: 206 [ 100/195 ( 52%)]  Loss: 3.821 (3.99)  Time: 0.517s,  494.79/s  (0.521s,  491.33/s)  LR: 1.000e-07  Data: 0.015 (0.022)
Train: 206 [ 194/195 (100%)]  Loss: 3.854 (3.97)  Time: 0.501s,  510.49/s  (0.518s,  494.01/s)  LR: 1.000e-07  Data: 0.000 (0.019)
Test: [   0/39]  Time: 0.587 (0.587)  Loss:  2.3867 (2.3867)  Acc@1: 53.1250 (53.1250)  Acc@5: 79.2969 (79.2969)
Test: [  39/39]  Time: 0.016 (0.218)  Loss:  2.5039 (2.5008)  Acc@1: 43.7500 (49.6200)  Acc@5: 81.2500 (77.9900)
Test: [Whole Val]  Time: 8.725  Loss: 2.5008  Acc@1: 49.6200 Pruned: 78.82% 
Train: 207 [   0/195 (  0%)]  Loss: 4.084 (4.08)  Time: 1.241s,  206.23/s  (1.241s,  206.23/s)  LR: 1.000e-07  Data: 0.744 (0.744)
Train: 207 [ 100/195 ( 52%)]  Loss: 4.071 (4.00)  Time: 0.515s,  496.83/s  (0.522s,  490.70/s)  LR: 1.000e-07  Data: 0.016 (0.023)
Train: 207 [ 194/195 (100%)]  Loss: 4.229 (3.96)  Time: 0.501s,  510.99/s  (0.518s,  493.96/s)  LR: 1.000e-07  Data: 0.000 (0.019)
Test: [   0/39]  Time: 0.585 (0.585)  Loss:  2.3848 (2.3848)  Acc@1: 52.7344 (52.7344)  Acc@5: 79.2969 (79.2969)
Test: [  39/39]  Time: 0.016 (0.218)  Loss:  2.4980 (2.4981)  Acc@1: 43.7500 (49.6700)  Acc@5: 81.2500 (78.0200)
Test: [Whole Val]  Time: 8.714  Loss: 2.4981  Acc@1: 49.6700 Pruned: 78.82% 
Train: 208 [   0/195 (  0%)]  Loss: 4.111 (4.11)  Time: 1.271s,  201.35/s  (1.271s,  201.35/s)  LR: 1.000e-07  Data: 0.768 (0.768)
Train: 208 [ 100/195 ( 52%)]  Loss: 4.088 (3.99)  Time: 0.514s,  498.00/s  (0.522s,  490.43/s)  LR: 1.000e-07  Data: 0.015 (0.023)
Train: 208 [ 194/195 (100%)]  Loss: 3.776 (3.97)  Time: 0.501s,  511.38/s  (0.518s,  493.75/s)  LR: 1.000e-07  Data: 0.000 (0.019)
Test: [   0/39]  Time: 0.580 (0.580)  Loss:  2.3809 (2.3809)  Acc@1: 53.1250 (53.1250)  Acc@5: 79.2969 (79.2969)
Test: [  39/39]  Time: 0.016 (0.218)  Loss:  2.4941 (2.4957)  Acc@1: 43.7500 (49.7500)  Acc@5: 81.2500 (78.1100)
Test: [Whole Val]  Time: 8.703  Loss: 2.4957  Acc@1: 49.7500 Pruned: 78.82% 
Train: 209 [   0/195 (  0%)]  Loss: 4.048 (4.05)  Time: 1.176s,  217.67/s  (1.176s,  217.67/s)  LR: 1.000e-07  Data: 0.678 (0.678)
Train: 209 [ 100/195 ( 52%)]  Loss: 4.103 (4.00)  Time: 0.516s,  496.41/s  (0.521s,  491.16/s)  LR: 1.000e-07  Data: 0.017 (0.022)
Train: 209 [ 194/195 (100%)]  Loss: 3.821 (3.99)  Time: 0.501s,  510.60/s  (0.518s,  494.35/s)  LR: 1.000e-07  Data: 0.000 (0.019)
Test: [   0/39]  Time: 0.593 (0.593)  Loss:  2.3789 (2.3789)  Acc@1: 53.1250 (53.1250)  Acc@5: 79.2969 (79.2969)
Test: [  39/39]  Time: 0.016 (0.218)  Loss:  2.4902 (2.4932)  Acc@1: 43.7500 (49.8700)  Acc@5: 81.2500 (78.1700)
Test: [Whole Val]  Time: 8.734  Loss: 2.4932  Acc@1: 49.8700 Pruned: 78.82% 
Train: 210 [   0/195 (  0%)]  Loss: 3.739 (3.74)  Time: 1.241s,  206.22/s  (1.241s,  206.22/s)  LR: 1.000e-07  Data: 0.743 (0.743)
Train: 210 [ 100/195 ( 52%)]  Loss: 4.134 (3.99)  Time: 0.516s,  496.01/s  (0.521s,  491.02/s)  LR: 1.000e-07  Data: 0.015 (0.022)
Train: 210 [ 194/195 (100%)]  Loss: 3.862 (3.96)  Time: 0.505s,  506.86/s  (0.518s,  493.81/s)  LR: 1.000e-07  Data: 0.000 (0.019)
Test: [   0/39]  Time: 0.576 (0.576)  Loss:  2.3750 (2.3750)  Acc@1: 53.1250 (53.1250)  Acc@5: 79.2969 (79.2969)
Test: [  39/39]  Time: 0.016 (0.218)  Loss:  2.4863 (2.4911)  Acc@1: 43.7500 (49.9300)  Acc@5: 81.2500 (78.2600)
Test: [Whole Val]  Time: 8.706  Loss: 2.4911  Acc@1: 49.9300 Pruned: 78.82% 
*** Best metric: OrderedDict([('loss', 2.491078125), ('top1', 49.93), ('top5', 78.26), ('pruned', 0.7882074004975125)]) (epoch 210)
